[2026-03-12T07:37:59.715+0000] {local_task_job_runner.py:120} INFO - ::group::Pre task execution logs
[2026-03-12T07:38:00.002+0000] {taskinstance.py:2073} INFO - Dependencies all met for dep_context=non-requeueable deps ti=<TaskInstance: daily_etl_pipeline.ingest_data scheduled__2026-03-11T00:00:00+00:00 [queued]>
[2026-03-12T07:38:00.061+0000] {taskinstance.py:2073} INFO - Dependencies all met for dep_context=requeueable deps ti=<TaskInstance: daily_etl_pipeline.ingest_data scheduled__2026-03-11T00:00:00+00:00 [queued]>
[2026-03-12T07:38:00.074+0000] {taskinstance.py:2303} INFO - Starting attempt 1 of 1
[2026-03-12T07:38:00.234+0000] {taskinstance.py:2327} INFO - Executing <Task(BashOperator): ingest_data> on 2026-03-11 00:00:00+00:00
[2026-03-12T07:38:00.324+0000] {logging_mixin.py:188} WARNING - /home/airflow/.local/lib/python3.12/site-packages/airflow/task/task_runner/standard_task_runner.py:61 DeprecationWarning: This process (pid=160) is multi-threaded, use of fork() may lead to deadlocks in the child.
[2026-03-12T07:38:00.338+0000] {standard_task_runner.py:63} INFO - Started process 163 to run task
[2026-03-12T07:38:00.332+0000] {standard_task_runner.py:90} INFO - Running: ['airflow', 'tasks', 'run', 'daily_etl_pipeline', 'ingest_data', 'scheduled__2026-03-11T00:00:00+00:00', '--job-id', '107', '--raw', '--subdir', 'DAGS_FOLDER/finance_etl_dag.py', '--cfg-path', '/tmp/tmpz1rk9aqa']
[2026-03-12T07:38:00.349+0000] {standard_task_runner.py:91} INFO - Job 107: Subtask ingest_data
[2026-03-12T07:38:00.567+0000] {logging_mixin.py:188} WARNING - /home/airflow/.local/lib/python3.12/site-packages/airflow/settings.py:195 DeprecationWarning: The sql_alchemy_conn option in [core] has been moved to the sql_alchemy_conn option in [database] - the old setting has been used, but please update your config.
[2026-03-12T07:38:01.417+0000] {task_command.py:426} INFO - Running <TaskInstance: daily_etl_pipeline.ingest_data scheduled__2026-03-11T00:00:00+00:00 [running]> on host 8d060d40942f
[2026-03-12T07:38:02.564+0000] {taskinstance.py:2644} INFO - Exporting env vars: AIRFLOW_CTX_DAG_OWNER='airflow' AIRFLOW_CTX_DAG_ID='daily_etl_pipeline' AIRFLOW_CTX_TASK_ID='ingest_data' AIRFLOW_CTX_EXECUTION_DATE='2026-03-11T00:00:00+00:00' AIRFLOW_CTX_TRY_NUMBER='1' AIRFLOW_CTX_DAG_RUN_ID='scheduled__2026-03-11T00:00:00+00:00'
[2026-03-12T07:38:02.579+0000] {taskinstance.py:430} INFO - ::endgroup::
[2026-03-12T07:38:02.756+0000] {subprocess.py:63} INFO - Tmp dir root location: /tmp
[2026-03-12T07:38:02.759+0000] {subprocess.py:75} INFO - Running command: ['/usr/bin/bash', '-c', ' python /opt/airflow/spark_jobs/ingest_data.py']
[2026-03-12T07:38:02.834+0000] {subprocess.py:86} INFO - Output:
[2026-03-12T07:38:10.337+0000] {subprocess.py:93} INFO - 2026-03-12 07:38:10,328 | INFO | Starting Load: Creating curated layer incrementally...
[2026-03-12T07:38:43.733+0000] {subprocess.py:93} INFO - :: loading settings :: url = jar:file:/home/airflow/.local/lib/python3.12/site-packages/pyspark/jars/ivy-2.5.1.jar!/org/apache/ivy/core/settings/ivysettings.xml
[2026-03-12T07:38:45.680+0000] {subprocess.py:93} INFO - Ivy Default Cache set to: /home/airflow/.ivy2/cache
[2026-03-12T07:38:45.681+0000] {subprocess.py:93} INFO - The jars for the packages stored in: /home/airflow/.ivy2/jars
[2026-03-12T07:38:45.711+0000] {subprocess.py:93} INFO - org.postgresql#postgresql added as a dependency
[2026-03-12T07:38:45.715+0000] {subprocess.py:93} INFO - :: resolving dependencies :: org.apache.spark#spark-submit-parent-4d49d939-2e48-495b-b607-02e1891974d3;1.0
[2026-03-12T07:38:45.716+0000] {subprocess.py:93} INFO - 	confs: [default]
[2026-03-12T07:38:48.821+0000] {subprocess.py:93} INFO - 	found org.postgresql#postgresql;42.6.0 in central
[2026-03-12T07:38:49.210+0000] {subprocess.py:93} INFO - 	found org.checkerframework#checker-qual;3.31.0 in central
[2026-03-12T07:38:49.410+0000] {subprocess.py:93} INFO - :: resolution report :: resolve 3631ms :: artifacts dl 64ms
[2026-03-12T07:38:49.412+0000] {subprocess.py:93} INFO - 	:: modules in use:
[2026-03-12T07:38:49.421+0000] {subprocess.py:93} INFO - 	org.checkerframework#checker-qual;3.31.0 from central in [default]
[2026-03-12T07:38:49.423+0000] {subprocess.py:93} INFO - 	org.postgresql#postgresql;42.6.0 from central in [default]
[2026-03-12T07:38:49.425+0000] {subprocess.py:93} INFO - 	---------------------------------------------------------------------
[2026-03-12T07:38:49.426+0000] {subprocess.py:93} INFO - 	|                  |            modules            ||   artifacts   |
[2026-03-12T07:38:49.427+0000] {subprocess.py:93} INFO - 	|       conf       | number| search|dwnlded|evicted|| number|dwnlded|
[2026-03-12T07:38:49.436+0000] {subprocess.py:93} INFO - 	---------------------------------------------------------------------
[2026-03-12T07:38:49.441+0000] {subprocess.py:93} INFO - 	|      default     |   2   |   0   |   0   |   0   ||   2   |   0   |
[2026-03-12T07:38:49.445+0000] {subprocess.py:93} INFO - 	---------------------------------------------------------------------
[2026-03-12T07:38:49.539+0000] {subprocess.py:93} INFO - :: retrieving :: org.apache.spark#spark-submit-parent-4d49d939-2e48-495b-b607-02e1891974d3
[2026-03-12T07:38:49.539+0000] {subprocess.py:93} INFO - 	confs: [default]
[2026-03-12T07:38:49.762+0000] {subprocess.py:93} INFO - 	0 artifacts copied, 2 already retrieved (0kB/230ms)
[2026-03-12T07:38:57.474+0000] {subprocess.py:93} INFO - 26/03/12 07:38:57 WARN NativeCodeLoader: Unable to load native-hadoop library for your platform... using builtin-java classes where applicable
[2026-03-12T07:39:00.975+0000] {subprocess.py:93} INFO - Setting default log level to "WARN".
[2026-03-12T07:39:00.977+0000] {subprocess.py:93} INFO - To adjust logging level use sc.setLogLevel(newLevel). For SparkR, use setLogLevel(newLevel).
[2026-03-12T07:39:53.879+0000] {local_task_job_runner.py:124} ERROR - Received SIGTERM. Terminating subprocesses
[2026-03-12T07:39:54.135+0000] {process_utils.py:132} INFO - Sending 15 to group 163. PIDs of all processes in the group: [164, 172, 163]
[2026-03-12T07:39:54.141+0000] {process_utils.py:87} INFO - Sending the signal 15 to group 163
[2026-03-12T07:39:54.155+0000] {taskinstance.py:2607} ERROR - Received SIGTERM. Terminating subprocesses.
[2026-03-12T07:39:54.156+0000] {subprocess.py:104} INFO - Sending SIGTERM signal to process group
[2026-03-12T07:39:54.158+0000] {taskinstance.py:441} INFO - ::group::Post task execution logs
[2026-03-12T07:39:54.989+0000] {standard_task_runner.py:110} ERROR - Failed to execute job 107 for task ingest_data ((psycopg2.OperationalError) connection to server at "postgres" (172.19.0.5), port 5432 failed: Connection refused
	Is the server running on that host and accepting TCP/IP connections?

(Background on this error at: https://sqlalche.me/e/14/e3q8); 163)
