[2026-03-10T10:43:57.051+0000] {local_task_job_runner.py:120} INFO - ::group::Pre task execution logs
[2026-03-10T10:43:57.254+0000] {taskinstance.py:2073} INFO - Dependencies all met for dep_context=non-requeueable deps ti=<TaskInstance: curated_layer_dag.run_load_py manual__2026-03-10T10:43:54.712834+00:00 [queued]>
[2026-03-10T10:43:57.283+0000] {taskinstance.py:2073} INFO - Dependencies all met for dep_context=requeueable deps ti=<TaskInstance: curated_layer_dag.run_load_py manual__2026-03-10T10:43:54.712834+00:00 [queued]>
[2026-03-10T10:43:57.284+0000] {taskinstance.py:2303} INFO - Starting attempt 1 of 1
[2026-03-10T10:43:57.335+0000] {taskinstance.py:2327} INFO - Executing <Task(BashOperator): run_load_py> on 2026-03-10 10:43:54.712834+00:00
[2026-03-10T10:43:57.359+0000] {logging_mixin.py:188} WARNING - /home/airflow/.local/lib/python3.12/site-packages/airflow/task/task_runner/standard_task_runner.py:61 DeprecationWarning: This process (pid=194) is multi-threaded, use of fork() may lead to deadlocks in the child.
[2026-03-10T10:43:57.362+0000] {standard_task_runner.py:63} INFO - Started process 195 to run task
[2026-03-10T10:43:57.359+0000] {standard_task_runner.py:90} INFO - Running: ['airflow', 'tasks', 'run', 'curated_layer_dag', 'run_load_py', 'manual__2026-03-10T10:43:54.712834+00:00', '--job-id', '7', '--raw', '--subdir', 'DAGS_FOLDER/finance_etl_dag.py', '--cfg-path', '/tmp/tmpxepmvw1y']
[2026-03-10T10:43:57.366+0000] {standard_task_runner.py:91} INFO - Job 7: Subtask run_load_py
[2026-03-10T10:43:57.419+0000] {logging_mixin.py:188} WARNING - /home/airflow/.local/lib/python3.12/site-packages/airflow/settings.py:195 DeprecationWarning: The sql_alchemy_conn option in [core] has been moved to the sql_alchemy_conn option in [database] - the old setting has been used, but please update your config.
[2026-03-10T10:43:57.574+0000] {task_command.py:426} INFO - Running <TaskInstance: curated_layer_dag.run_load_py manual__2026-03-10T10:43:54.712834+00:00 [running]> on host 720c79e1300c
[2026-03-10T10:43:57.928+0000] {taskinstance.py:2644} INFO - Exporting env vars: AIRFLOW_CTX_DAG_OWNER='airflow' AIRFLOW_CTX_DAG_ID='curated_layer_dag' AIRFLOW_CTX_TASK_ID='run_load_py' AIRFLOW_CTX_EXECUTION_DATE='2026-03-10T10:43:54.712834+00:00' AIRFLOW_CTX_TRY_NUMBER='1' AIRFLOW_CTX_DAG_RUN_ID='manual__2026-03-10T10:43:54.712834+00:00'
[2026-03-10T10:43:57.931+0000] {taskinstance.py:430} INFO - ::endgroup::
[2026-03-10T10:43:58.087+0000] {subprocess.py:63} INFO - Tmp dir root location: /tmp
[2026-03-10T10:43:58.090+0000] {subprocess.py:75} INFO - Running command: ['/usr/bin/bash', '-c', 'python /home/waleed/my-etl-pipeline/finance-data-pipeline/spark_jobs/load_data.py ']
[2026-03-10T10:43:58.125+0000] {subprocess.py:86} INFO - Output:
[2026-03-10T10:43:58.240+0000] {subprocess.py:93} INFO - python: can't open file '/home/waleed/my-etl-pipeline/finance-data-pipeline/spark_jobs/load_data.py': [Errno 2] No such file or directory
[2026-03-10T10:43:58.244+0000] {subprocess.py:97} INFO - Command exited with return code 2
[2026-03-10T10:43:58.245+0000] {taskinstance.py:441} INFO - ::group::Post task execution logs
[2026-03-10T10:43:58.286+0000] {taskinstance.py:2890} ERROR - Task failed with exception
Traceback (most recent call last):
  File "/home/airflow/.local/lib/python3.12/site-packages/airflow/models/taskinstance.py", line 465, in _execute_task
    result = _execute_callable(context=context, **execute_callable_kwargs)
             ^^^^^^^^^^^^^^^^^^^^^^^^^^^^^^^^^^^^^^^^^^^^^^^^^^^^^^^^^^^^^
  File "/home/airflow/.local/lib/python3.12/site-packages/airflow/models/taskinstance.py", line 432, in _execute_callable
    return execute_callable(context=context, **execute_callable_kwargs)
           ^^^^^^^^^^^^^^^^^^^^^^^^^^^^^^^^^^^^^^^^^^^^^^^^^^^^^^^^^^^^
  File "/home/airflow/.local/lib/python3.12/site-packages/airflow/models/baseoperator.py", line 400, in wrapper
    return func(self, *args, **kwargs)
           ^^^^^^^^^^^^^^^^^^^^^^^^^^^
  File "/home/airflow/.local/lib/python3.12/site-packages/airflow/operators/bash.py", line 243, in execute
    raise AirflowException(
airflow.exceptions.AirflowException: Bash command failed. The command returned a non-zero exit code 2.
[2026-03-10T10:43:58.306+0000] {taskinstance.py:1205} INFO - Marking task as FAILED. dag_id=curated_layer_dag, task_id=run_load_py, execution_date=20260310T104354, start_date=20260310T104357, end_date=20260310T104358
[2026-03-10T10:43:58.343+0000] {standard_task_runner.py:110} ERROR - Failed to execute job 7 for task run_load_py (Bash command failed. The command returned a non-zero exit code 2.; 195)
[2026-03-10T10:43:58.390+0000] {local_task_job_runner.py:240} INFO - Task exited with return code 1
[2026-03-10T10:43:58.461+0000] {taskinstance.py:3482} INFO - 0 downstream tasks scheduled from follow-on schedule check
[2026-03-10T10:43:58.464+0000] {local_task_job_runner.py:222} INFO - ::endgroup::
