[2026-03-11T09:52:14.254+0000] {local_task_job_runner.py:120} INFO - ::group::Pre task execution logs
[2026-03-11T09:52:14.357+0000] {taskinstance.py:2073} INFO - Dependencies all met for dep_context=non-requeueable deps ti=<TaskInstance: daily_etl_pipeline.load_data manual__2026-03-11T09:50:32.814680+00:00 [queued]>
[2026-03-11T09:52:14.386+0000] {taskinstance.py:2073} INFO - Dependencies all met for dep_context=requeueable deps ti=<TaskInstance: daily_etl_pipeline.load_data manual__2026-03-11T09:50:32.814680+00:00 [queued]>
[2026-03-11T09:52:14.387+0000] {taskinstance.py:2303} INFO - Starting attempt 1 of 1
[2026-03-11T09:52:14.428+0000] {taskinstance.py:2327} INFO - Executing <Task(BashOperator): load_data> on 2026-03-11 09:50:32.814680+00:00
[2026-03-11T09:52:14.442+0000] {logging_mixin.py:188} WARNING - /home/airflow/.local/lib/python3.12/site-packages/airflow/task/task_runner/standard_task_runner.py:61 DeprecationWarning: This process (pid=1422) is multi-threaded, use of fork() may lead to deadlocks in the child.
[2026-03-11T09:52:14.444+0000] {standard_task_runner.py:63} INFO - Started process 1423 to run task
[2026-03-11T09:52:14.443+0000] {standard_task_runner.py:90} INFO - Running: ['airflow', 'tasks', 'run', 'daily_etl_pipeline', 'load_data', 'manual__2026-03-11T09:50:32.814680+00:00', '--job-id', '47', '--raw', '--subdir', 'DAGS_FOLDER/finance_etl_dag.py', '--cfg-path', '/tmp/tmprujl_gyq']
[2026-03-11T09:52:14.448+0000] {standard_task_runner.py:91} INFO - Job 47: Subtask load_data
[2026-03-11T09:52:14.493+0000] {logging_mixin.py:188} WARNING - /home/airflow/.local/lib/python3.12/site-packages/airflow/settings.py:195 DeprecationWarning: The sql_alchemy_conn option in [core] has been moved to the sql_alchemy_conn option in [database] - the old setting has been used, but please update your config.
[2026-03-11T09:52:14.617+0000] {task_command.py:426} INFO - Running <TaskInstance: daily_etl_pipeline.load_data manual__2026-03-11T09:50:32.814680+00:00 [running]> on host 662adb583b47
[2026-03-11T09:52:15.163+0000] {taskinstance.py:2644} INFO - Exporting env vars: AIRFLOW_CTX_DAG_OWNER='airflow' AIRFLOW_CTX_DAG_ID='daily_etl_pipeline' AIRFLOW_CTX_TASK_ID='load_data' AIRFLOW_CTX_EXECUTION_DATE='2026-03-11T09:50:32.814680+00:00' AIRFLOW_CTX_TRY_NUMBER='1' AIRFLOW_CTX_DAG_RUN_ID='manual__2026-03-11T09:50:32.814680+00:00'
[2026-03-11T09:52:15.167+0000] {taskinstance.py:430} INFO - ::endgroup::
[2026-03-11T09:52:15.257+0000] {subprocess.py:63} INFO - Tmp dir root location: /tmp
[2026-03-11T09:52:15.262+0000] {subprocess.py:75} INFO - Running command: ['/usr/bin/bash', '-c', 'python /opt/airflow/spark_jobs/load_data.py']
[2026-03-11T09:52:15.302+0000] {subprocess.py:86} INFO - Output:
[2026-03-11T09:52:17.464+0000] {subprocess.py:93} INFO - 2026-03-11 09:52:17,463 | INFO | Starting Load: Creating curated layer...
[2026-03-11T09:52:22.026+0000] {subprocess.py:93} INFO - :: loading settings :: url = jar:file:/home/airflow/.local/lib/python3.12/site-packages/pyspark/jars/ivy-2.5.1.jar!/org/apache/ivy/core/settings/ivysettings.xml
[2026-03-11T09:52:22.592+0000] {subprocess.py:93} INFO - Ivy Default Cache set to: /home/airflow/.ivy2/cache
[2026-03-11T09:52:22.593+0000] {subprocess.py:93} INFO - The jars for the packages stored in: /home/airflow/.ivy2/jars
[2026-03-11T09:52:22.611+0000] {subprocess.py:93} INFO - org.postgresql#postgresql added as a dependency
[2026-03-11T09:52:22.615+0000] {subprocess.py:93} INFO - :: resolving dependencies :: org.apache.spark#spark-submit-parent-455ae147-d5f6-47c0-b1c0-d0a5f72700bd;1.0
[2026-03-11T09:52:22.616+0000] {subprocess.py:93} INFO - 	confs: [default]
[2026-03-11T09:52:24.807+0000] {subprocess.py:93} INFO - 	found org.postgresql#postgresql;42.6.0 in central
[2026-03-11T09:52:25.466+0000] {subprocess.py:93} INFO - 	found org.checkerframework#checker-qual;3.31.0 in central
[2026-03-11T09:52:25.691+0000] {subprocess.py:93} INFO - downloading https://repo1.maven.org/maven2/org/postgresql/postgresql/42.6.0/postgresql-42.6.0.jar ...
[2026-03-11T09:52:27.286+0000] {subprocess.py:93} INFO - 	[SUCCESSFUL ] org.postgresql#postgresql;42.6.0!postgresql.jar (1790ms)
[2026-03-11T09:52:27.615+0000] {subprocess.py:93} INFO - downloading https://repo1.maven.org/maven2/org/checkerframework/checker-qual/3.31.0/checker-qual-3.31.0.jar ...
[2026-03-11T09:52:28.246+0000] {subprocess.py:93} INFO - 	[SUCCESSFUL ] org.checkerframework#checker-qual;3.31.0!checker-qual.jar (953ms)
[2026-03-11T09:52:28.249+0000] {subprocess.py:93} INFO - :: resolution report :: resolve 2877ms :: artifacts dl 2758ms
[2026-03-11T09:52:28.252+0000] {subprocess.py:93} INFO - 	:: modules in use:
[2026-03-11T09:52:28.254+0000] {subprocess.py:93} INFO - 	org.checkerframework#checker-qual;3.31.0 from central in [default]
[2026-03-11T09:52:28.255+0000] {subprocess.py:93} INFO - 	org.postgresql#postgresql;42.6.0 from central in [default]
[2026-03-11T09:52:28.256+0000] {subprocess.py:93} INFO - 	---------------------------------------------------------------------
[2026-03-11T09:52:28.258+0000] {subprocess.py:93} INFO - 	|                  |            modules            ||   artifacts   |
[2026-03-11T09:52:28.259+0000] {subprocess.py:93} INFO - 	|       conf       | number| search|dwnlded|evicted|| number|dwnlded|
[2026-03-11T09:52:28.260+0000] {subprocess.py:93} INFO - 	---------------------------------------------------------------------
[2026-03-11T09:52:28.261+0000] {subprocess.py:93} INFO - 	|      default     |   2   |   2   |   2   |   0   ||   2   |   2   |
[2026-03-11T09:52:28.262+0000] {subprocess.py:93} INFO - 	---------------------------------------------------------------------
[2026-03-11T09:52:28.286+0000] {subprocess.py:93} INFO - :: retrieving :: org.apache.spark#spark-submit-parent-455ae147-d5f6-47c0-b1c0-d0a5f72700bd
[2026-03-11T09:52:28.288+0000] {subprocess.py:93} INFO - 	confs: [default]
[2026-03-11T09:52:28.332+0000] {subprocess.py:93} INFO - 	2 artifacts copied, 0 already retrieved (1274kB/46ms)
[2026-03-11T09:52:28.949+0000] {subprocess.py:93} INFO - 26/03/11 09:52:28 WARN NativeCodeLoader: Unable to load native-hadoop library for your platform... using builtin-java classes where applicable
[2026-03-11T09:52:29.712+0000] {subprocess.py:93} INFO - Setting default log level to "WARN".
[2026-03-11T09:52:29.713+0000] {subprocess.py:93} INFO - To adjust logging level use sc.setLogLevel(newLevel). For SparkR, use setLogLevel(newLevel).
[2026-03-11T09:52:34.694+0000] {subprocess.py:93} INFO - 2026-03-11 09:52:34,693 | INFO | Reading processed data from /opt/airflow/data_lake/processed/finance_processed.parquet...
[2026-03-11T09:52:47.078+0000] {subprocess.py:93} INFO - [Stage 0:>                                                          (0 + 1) / 1]                                                                                [Stage 1:>                                                          (0 + 8) / 8]                                                                                2026-03-11 09:52:47,078 | INFO | Processed records count: 1000000
[2026-03-11T09:52:47.729+0000] {subprocess.py:93} INFO - 26/03/11 09:52:47 WARN WindowExec: No Partition Defined for Window operation! Moving all data to a single partition, this can cause serious performance degradation.
[2026-03-11T09:52:47.736+0000] {subprocess.py:93} INFO - 26/03/11 09:52:47 WARN WindowExec: No Partition Defined for Window operation! Moving all data to a single partition, this can cause serious performance degradation.
[2026-03-11T09:52:47.747+0000] {subprocess.py:93} INFO - 26/03/11 09:52:47 WARN WindowExec: No Partition Defined for Window operation! Moving all data to a single partition, this can cause serious performance degradation.
[2026-03-11T09:52:53.167+0000] {subprocess.py:93} INFO - [Stage 4:>                                                          (0 + 8) / 8][Stage 4:==============>                                            (2 + 6) / 8][Stage 4:====================================>                      (5 + 3) / 8]26/03/11 09:52:53 WARN WindowExec: No Partition Defined for Window operation! Moving all data to a single partition, this can cause serious performance degradation.
[2026-03-11T09:52:53.171+0000] {subprocess.py:93} INFO - 26/03/11 09:52:53 WARN WindowExec: No Partition Defined for Window operation! Moving all data to a single partition, this can cause serious performance degradation.
[2026-03-11T09:52:56.144+0000] {subprocess.py:93} INFO - [Stage 6:>                                                          (0 + 8) / 8][Stage 6:======================>                                    (3 + 5) / 8]26/03/11 09:52:56 WARN WindowExec: No Partition Defined for Window operation! Moving all data to a single partition, this can cause serious performance degradation.
[2026-03-11T09:52:56.150+0000] {subprocess.py:93} INFO - 26/03/11 09:52:56 WARN WindowExec: No Partition Defined for Window operation! Moving all data to a single partition, this can cause serious performance degradation.
[2026-03-11T09:52:56.209+0000] {subprocess.py:93} INFO - 26/03/11 09:52:56 WARN FileUtil: Failed to delete file or dir [/opt/airflow/data_lake/curated/dim_customer.parquet/.part-00000-4d6384dd-7bcf-4e5d-99d7-099d032cce5f-c000.snappy.parquet.crc]: it still exists.
[2026-03-11T09:52:56.210+0000] {subprocess.py:93} INFO - 26/03/11 09:52:56 WARN FileUtil: Failed to delete file or dir [/opt/airflow/data_lake/curated/dim_customer.parquet/part-00000-4d6384dd-7bcf-4e5d-99d7-099d032cce5f-c000.snappy.parquet]: it still exists.
[2026-03-11T09:52:56.211+0000] {subprocess.py:93} INFO - 26/03/11 09:52:56 WARN FileUtil: Failed to delete file or dir [/opt/airflow/data_lake/curated/dim_customer.parquet/._SUCCESS.crc]: it still exists.
[2026-03-11T09:52:56.211+0000] {subprocess.py:93} INFO - 26/03/11 09:52:56 WARN FileUtil: Failed to delete file or dir [/opt/airflow/data_lake/curated/dim_customer.parquet/_SUCCESS]: it still exists.
[2026-03-11T09:52:56.669+0000] {subprocess.py:93} INFO - Traceback (most recent call last):
[2026-03-11T09:52:56.670+0000] {subprocess.py:93} INFO -   File "/opt/airflow/spark_jobs/load_data.py", line 141, in <module>
[2026-03-11T09:52:56.676+0000] {subprocess.py:93} INFO -     load_curated_layer()
[2026-03-11T09:52:56.677+0000] {subprocess.py:93} INFO -   File "/opt/airflow/spark_jobs/load_data.py", line 86, in load_curated_layer
[2026-03-11T09:52:56.678+0000] {subprocess.py:93} INFO -     dim_customer.write.mode("overwrite").parquet(dim_customer_file)
[2026-03-11T09:52:56.682+0000] {subprocess.py:93} INFO -   File "/home/airflow/.local/lib/python3.12/site-packages/pyspark/sql/readwriter.py", line 1721, in parquet
[2026-03-11T09:52:56.684+0000] {subprocess.py:93} INFO -     self._jwrite.parquet(path)
[2026-03-11T09:52:56.685+0000] {subprocess.py:93} INFO -   File "/home/airflow/.local/lib/python3.12/site-packages/py4j/java_gateway.py", line 1322, in __call__
[2026-03-11T09:52:56.690+0000] {subprocess.py:93} INFO -     return_value = get_return_value(
[2026-03-11T09:52:56.699+0000] {subprocess.py:93} INFO -                    ^^^^^^^^^^^^^^^^^
[2026-03-11T09:52:56.700+0000] {subprocess.py:93} INFO -   File "/home/airflow/.local/lib/python3.12/site-packages/pyspark/errors/exceptions/captured.py", line 179, in deco
[2026-03-11T09:52:56.702+0000] {subprocess.py:93} INFO -     return f(*a, **kw)
[2026-03-11T09:52:56.704+0000] {subprocess.py:93} INFO -            ^^^^^^^^^^^
[2026-03-11T09:52:56.705+0000] {subprocess.py:93} INFO -   File "/home/airflow/.local/lib/python3.12/site-packages/py4j/protocol.py", line 326, in get_return_value
[2026-03-11T09:52:56.707+0000] {subprocess.py:93} INFO -     raise Py4JJavaError(
[2026-03-11T09:52:56.708+0000] {subprocess.py:93} INFO - py4j.protocol.Py4JJavaError: An error occurred while calling o48.parquet.
[2026-03-11T09:52:56.718+0000] {subprocess.py:93} INFO - : org.apache.spark.SparkException: Unable to clear output directory file:/opt/airflow/data_lake/curated/dim_customer.parquet prior to writing to it.
[2026-03-11T09:52:56.719+0000] {subprocess.py:93} INFO - 	at org.apache.spark.sql.errors.QueryExecutionErrors$.cannotClearOutputDirectoryError(QueryExecutionErrors.scala:794)
[2026-03-11T09:52:56.720+0000] {subprocess.py:93} INFO - 	at org.apache.spark.sql.execution.datasources.InsertIntoHadoopFsRelationCommand.deleteMatchingPartitions(InsertIntoHadoopFsRelationCommand.scala:239)
[2026-03-11T09:52:56.721+0000] {subprocess.py:93} INFO - 	at org.apache.spark.sql.execution.datasources.InsertIntoHadoopFsRelationCommand.run(InsertIntoHadoopFsRelationCommand.scala:131)
[2026-03-11T09:52:56.722+0000] {subprocess.py:93} INFO - 	at org.apache.spark.sql.execution.command.DataWritingCommandExec.sideEffectResult$lzycompute(commands.scala:113)
[2026-03-11T09:52:56.723+0000] {subprocess.py:93} INFO - 	at org.apache.spark.sql.execution.command.DataWritingCommandExec.sideEffectResult(commands.scala:111)
[2026-03-11T09:52:56.723+0000] {subprocess.py:93} INFO - 	at org.apache.spark.sql.execution.command.DataWritingCommandExec.executeCollect(commands.scala:125)
[2026-03-11T09:52:56.725+0000] {subprocess.py:93} INFO - 	at org.apache.spark.sql.execution.adaptive.AdaptiveSparkPlanExec.$anonfun$executeCollect$1(AdaptiveSparkPlanExec.scala:390)
[2026-03-11T09:52:56.727+0000] {subprocess.py:93} INFO - 	at org.apache.spark.sql.execution.adaptive.AdaptiveSparkPlanExec.withFinalPlanUpdate(AdaptiveSparkPlanExec.scala:418)
[2026-03-11T09:52:56.727+0000] {subprocess.py:93} INFO - 	at org.apache.spark.sql.execution.adaptive.AdaptiveSparkPlanExec.executeCollect(AdaptiveSparkPlanExec.scala:390)
[2026-03-11T09:52:56.729+0000] {subprocess.py:93} INFO - 	at org.apache.spark.sql.execution.QueryExecution$$anonfun$eagerlyExecuteCommands$1.$anonfun$applyOrElse$1(QueryExecution.scala:107)
[2026-03-11T09:52:56.734+0000] {subprocess.py:93} INFO - 	at org.apache.spark.sql.execution.SQLExecution$.$anonfun$withNewExecutionId$6(SQLExecution.scala:125)
[2026-03-11T09:52:56.735+0000] {subprocess.py:93} INFO - 	at org.apache.spark.sql.execution.SQLExecution$.withSQLConfPropagated(SQLExecution.scala:201)
[2026-03-11T09:52:56.735+0000] {subprocess.py:93} INFO - 	at org.apache.spark.sql.execution.SQLExecution$.$anonfun$withNewExecutionId$1(SQLExecution.scala:108)
[2026-03-11T09:52:56.736+0000] {subprocess.py:93} INFO - 	at org.apache.spark.sql.SparkSession.withActive(SparkSession.scala:900)
[2026-03-11T09:52:56.737+0000] {subprocess.py:93} INFO - 	at org.apache.spark.sql.execution.SQLExecution$.withNewExecutionId(SQLExecution.scala:66)
[2026-03-11T09:52:56.738+0000] {subprocess.py:93} INFO - 	at org.apache.spark.sql.execution.QueryExecution$$anonfun$eagerlyExecuteCommands$1.applyOrElse(QueryExecution.scala:107)
[2026-03-11T09:52:56.739+0000] {subprocess.py:93} INFO - 	at org.apache.spark.sql.execution.QueryExecution$$anonfun$eagerlyExecuteCommands$1.applyOrElse(QueryExecution.scala:98)
[2026-03-11T09:52:56.740+0000] {subprocess.py:93} INFO - 	at org.apache.spark.sql.catalyst.trees.TreeNode.$anonfun$transformDownWithPruning$1(TreeNode.scala:461)
[2026-03-11T09:52:56.741+0000] {subprocess.py:93} INFO - 	at org.apache.spark.sql.catalyst.trees.CurrentOrigin$.withOrigin(origin.scala:76)
[2026-03-11T09:52:56.743+0000] {subprocess.py:93} INFO - 	at org.apache.spark.sql.catalyst.trees.TreeNode.transformDownWithPruning(TreeNode.scala:461)
[2026-03-11T09:52:56.745+0000] {subprocess.py:93} INFO - 	at org.apache.spark.sql.catalyst.plans.logical.LogicalPlan.org$apache$spark$sql$catalyst$plans$logical$AnalysisHelper$$super$transformDownWithPruning(LogicalPlan.scala:32)
[2026-03-11T09:52:56.746+0000] {subprocess.py:93} INFO - 	at org.apache.spark.sql.catalyst.plans.logical.AnalysisHelper.transformDownWithPruning(AnalysisHelper.scala:267)
[2026-03-11T09:52:56.747+0000] {subprocess.py:93} INFO - 	at org.apache.spark.sql.catalyst.plans.logical.AnalysisHelper.transformDownWithPruning$(AnalysisHelper.scala:263)
[2026-03-11T09:52:56.748+0000] {subprocess.py:93} INFO - 	at org.apache.spark.sql.catalyst.plans.logical.LogicalPlan.transformDownWithPruning(LogicalPlan.scala:32)
[2026-03-11T09:52:56.750+0000] {subprocess.py:93} INFO - 	at org.apache.spark.sql.catalyst.plans.logical.LogicalPlan.transformDownWithPruning(LogicalPlan.scala:32)
[2026-03-11T09:52:56.751+0000] {subprocess.py:93} INFO - 	at org.apache.spark.sql.catalyst.trees.TreeNode.transformDown(TreeNode.scala:437)
[2026-03-11T09:52:56.752+0000] {subprocess.py:93} INFO - 	at org.apache.spark.sql.execution.QueryExecution.eagerlyExecuteCommands(QueryExecution.scala:98)
[2026-03-11T09:52:56.753+0000] {subprocess.py:93} INFO - 	at org.apache.spark.sql.execution.QueryExecution.commandExecuted$lzycompute(QueryExecution.scala:85)
[2026-03-11T09:52:56.755+0000] {subprocess.py:93} INFO - 	at org.apache.spark.sql.execution.QueryExecution.commandExecuted(QueryExecution.scala:83)
[2026-03-11T09:52:56.756+0000] {subprocess.py:93} INFO - 	at org.apache.spark.sql.execution.QueryExecution.assertCommandExecuted(QueryExecution.scala:142)
[2026-03-11T09:52:56.757+0000] {subprocess.py:93} INFO - 	at org.apache.spark.sql.DataFrameWriter.runCommand(DataFrameWriter.scala:859)
[2026-03-11T09:52:56.758+0000] {subprocess.py:93} INFO - 	at org.apache.spark.sql.DataFrameWriter.saveToV1Source(DataFrameWriter.scala:388)
[2026-03-11T09:52:56.760+0000] {subprocess.py:93} INFO - 	at org.apache.spark.sql.DataFrameWriter.saveInternal(DataFrameWriter.scala:361)
[2026-03-11T09:52:56.763+0000] {subprocess.py:93} INFO - 	at org.apache.spark.sql.DataFrameWriter.save(DataFrameWriter.scala:240)
[2026-03-11T09:52:56.765+0000] {subprocess.py:93} INFO - 	at org.apache.spark.sql.DataFrameWriter.parquet(DataFrameWriter.scala:792)
[2026-03-11T09:52:56.770+0000] {subprocess.py:93} INFO - 	at java.base/jdk.internal.reflect.NativeMethodAccessorImpl.invoke0(Native Method)
[2026-03-11T09:52:56.771+0000] {subprocess.py:93} INFO - 	at java.base/jdk.internal.reflect.NativeMethodAccessorImpl.invoke(NativeMethodAccessorImpl.java:77)
[2026-03-11T09:52:56.774+0000] {subprocess.py:93} INFO - 	at java.base/jdk.internal.reflect.DelegatingMethodAccessorImpl.invoke(DelegatingMethodAccessorImpl.java:43)
[2026-03-11T09:52:56.778+0000] {subprocess.py:93} INFO - 	at java.base/java.lang.reflect.Method.invoke(Method.java:569)
[2026-03-11T09:52:56.779+0000] {subprocess.py:93} INFO - 	at py4j.reflection.MethodInvoker.invoke(MethodInvoker.java:244)
[2026-03-11T09:52:56.781+0000] {subprocess.py:93} INFO - 	at py4j.reflection.ReflectionEngine.invoke(ReflectionEngine.java:374)
[2026-03-11T09:52:56.781+0000] {subprocess.py:93} INFO - 	at py4j.Gateway.invoke(Gateway.java:282)
[2026-03-11T09:52:56.782+0000] {subprocess.py:93} INFO - 	at py4j.commands.AbstractCommand.invokeMethod(AbstractCommand.java:132)
[2026-03-11T09:52:56.783+0000] {subprocess.py:93} INFO - 	at py4j.commands.CallCommand.execute(CallCommand.java:79)
[2026-03-11T09:52:56.784+0000] {subprocess.py:93} INFO - 	at py4j.ClientServerConnection.waitForCommands(ClientServerConnection.java:182)
[2026-03-11T09:52:56.785+0000] {subprocess.py:93} INFO - 	at py4j.ClientServerConnection.run(ClientServerConnection.java:106)
[2026-03-11T09:52:56.786+0000] {subprocess.py:93} INFO - 	at java.base/java.lang.Thread.run(Thread.java:840)
[2026-03-11T09:52:56.787+0000] {subprocess.py:93} INFO - 
[2026-03-11T09:52:56.790+0000] {subprocess.py:93} INFO - 2026-03-11 09:52:56,693 | INFO | Closing down clientserver connection
[2026-03-11T09:52:57.818+0000] {subprocess.py:97} INFO - Command exited with return code 1
[2026-03-11T09:52:57.820+0000] {taskinstance.py:441} INFO - ::group::Post task execution logs
[2026-03-11T09:52:57.863+0000] {taskinstance.py:2890} ERROR - Task failed with exception
Traceback (most recent call last):
  File "/home/airflow/.local/lib/python3.12/site-packages/airflow/models/taskinstance.py", line 465, in _execute_task
    result = _execute_callable(context=context, **execute_callable_kwargs)
             ^^^^^^^^^^^^^^^^^^^^^^^^^^^^^^^^^^^^^^^^^^^^^^^^^^^^^^^^^^^^^
  File "/home/airflow/.local/lib/python3.12/site-packages/airflow/models/taskinstance.py", line 432, in _execute_callable
    return execute_callable(context=context, **execute_callable_kwargs)
           ^^^^^^^^^^^^^^^^^^^^^^^^^^^^^^^^^^^^^^^^^^^^^^^^^^^^^^^^^^^^
  File "/home/airflow/.local/lib/python3.12/site-packages/airflow/models/baseoperator.py", line 400, in wrapper
    return func(self, *args, **kwargs)
           ^^^^^^^^^^^^^^^^^^^^^^^^^^^
  File "/home/airflow/.local/lib/python3.12/site-packages/airflow/operators/bash.py", line 243, in execute
    raise AirflowException(
airflow.exceptions.AirflowException: Bash command failed. The command returned a non-zero exit code 1.
[2026-03-11T09:52:57.881+0000] {taskinstance.py:1205} INFO - Marking task as FAILED. dag_id=daily_etl_pipeline, task_id=load_data, execution_date=20260311T095032, start_date=20260311T095214, end_date=20260311T095257
[2026-03-11T09:52:57.909+0000] {standard_task_runner.py:110} ERROR - Failed to execute job 47 for task load_data (Bash command failed. The command returned a non-zero exit code 1.; 1423)
[2026-03-11T09:52:57.962+0000] {local_task_job_runner.py:240} INFO - Task exited with return code 1
[2026-03-11T09:52:58.031+0000] {taskinstance.py:3482} INFO - 0 downstream tasks scheduled from follow-on schedule check
[2026-03-11T09:52:58.035+0000] {local_task_job_runner.py:222} INFO - ::endgroup::
