[2026-03-11T10:55:35.557+0000] {local_task_job_runner.py:120} INFO - ::group::Pre task execution logs
[2026-03-11T10:55:35.650+0000] {taskinstance.py:2073} INFO - Dependencies all met for dep_context=non-requeueable deps ti=<TaskInstance: daily_etl_pipeline.load_data manual__2026-03-11T10:54:37.391745+00:00 [queued]>
[2026-03-11T10:55:35.684+0000] {taskinstance.py:2073} INFO - Dependencies all met for dep_context=requeueable deps ti=<TaskInstance: daily_etl_pipeline.load_data manual__2026-03-11T10:54:37.391745+00:00 [queued]>
[2026-03-11T10:55:35.685+0000] {taskinstance.py:2303} INFO - Starting attempt 1 of 1
[2026-03-11T10:55:35.724+0000] {taskinstance.py:2327} INFO - Executing <Task(BashOperator): load_data> on 2026-03-11 10:54:37.391745+00:00
[2026-03-11T10:55:35.756+0000] {logging_mixin.py:188} WARNING - /home/airflow/.local/lib/python3.12/site-packages/airflow/task/task_runner/standard_task_runner.py:61 DeprecationWarning: This process (pid=5578) is multi-threaded, use of fork() may lead to deadlocks in the child.
[2026-03-11T10:55:35.761+0000] {standard_task_runner.py:63} INFO - Started process 5579 to run task
[2026-03-11T10:55:35.764+0000] {standard_task_runner.py:90} INFO - Running: ['airflow', 'tasks', 'run', 'daily_etl_pipeline', 'load_data', 'manual__2026-03-11T10:54:37.391745+00:00', '--job-id', '60', '--raw', '--subdir', 'DAGS_FOLDER/finance_etl_dag.py', '--cfg-path', '/tmp/tmpsk9r6aos']
[2026-03-11T10:55:35.769+0000] {standard_task_runner.py:91} INFO - Job 60: Subtask load_data
[2026-03-11T10:55:35.822+0000] {logging_mixin.py:188} WARNING - /home/airflow/.local/lib/python3.12/site-packages/airflow/settings.py:195 DeprecationWarning: The sql_alchemy_conn option in [core] has been moved to the sql_alchemy_conn option in [database] - the old setting has been used, but please update your config.
[2026-03-11T10:55:35.970+0000] {task_command.py:426} INFO - Running <TaskInstance: daily_etl_pipeline.load_data manual__2026-03-11T10:54:37.391745+00:00 [running]> on host 662adb583b47
[2026-03-11T10:55:36.211+0000] {taskinstance.py:2644} INFO - Exporting env vars: AIRFLOW_CTX_DAG_OWNER='airflow' AIRFLOW_CTX_DAG_ID='daily_etl_pipeline' AIRFLOW_CTX_TASK_ID='load_data' AIRFLOW_CTX_EXECUTION_DATE='2026-03-11T10:54:37.391745+00:00' AIRFLOW_CTX_TRY_NUMBER='1' AIRFLOW_CTX_DAG_RUN_ID='manual__2026-03-11T10:54:37.391745+00:00'
[2026-03-11T10:55:36.213+0000] {taskinstance.py:430} INFO - ::endgroup::
[2026-03-11T10:55:36.242+0000] {subprocess.py:63} INFO - Tmp dir root location: /tmp
[2026-03-11T10:55:36.244+0000] {subprocess.py:75} INFO - Running command: ['/usr/bin/bash', '-c', 'python /opt/airflow/spark_jobs/load_data.py']
[2026-03-11T10:55:36.256+0000] {subprocess.py:86} INFO - Output:
[2026-03-11T10:55:37.211+0000] {subprocess.py:93} INFO - 2026-03-11 10:55:37,211 | INFO | Starting Load: Creating curated layer...
[2026-03-11T10:55:40.839+0000] {subprocess.py:93} INFO - :: loading settings :: url = jar:file:/home/airflow/.local/lib/python3.12/site-packages/pyspark/jars/ivy-2.5.1.jar!/org/apache/ivy/core/settings/ivysettings.xml
[2026-03-11T10:55:40.964+0000] {subprocess.py:93} INFO - Ivy Default Cache set to: /home/airflow/.ivy2/cache
[2026-03-11T10:55:40.965+0000] {subprocess.py:93} INFO - The jars for the packages stored in: /home/airflow/.ivy2/jars
[2026-03-11T10:55:40.971+0000] {subprocess.py:93} INFO - org.postgresql#postgresql added as a dependency
[2026-03-11T10:55:40.973+0000] {subprocess.py:93} INFO - :: resolving dependencies :: org.apache.spark#spark-submit-parent-51f9e718-1c71-4c2b-a089-2e00399e9542;1.0
[2026-03-11T10:55:40.974+0000] {subprocess.py:93} INFO - 	confs: [default]
[2026-03-11T10:55:41.117+0000] {subprocess.py:93} INFO - 	found org.postgresql#postgresql;42.6.0 in central
[2026-03-11T10:55:41.158+0000] {subprocess.py:93} INFO - 	found org.checkerframework#checker-qual;3.31.0 in central
[2026-03-11T10:55:41.194+0000] {subprocess.py:93} INFO - :: resolution report :: resolve 206ms :: artifacts dl 14ms
[2026-03-11T10:55:41.195+0000] {subprocess.py:93} INFO - 	:: modules in use:
[2026-03-11T10:55:41.195+0000] {subprocess.py:93} INFO - 	org.checkerframework#checker-qual;3.31.0 from central in [default]
[2026-03-11T10:55:41.196+0000] {subprocess.py:93} INFO - 	org.postgresql#postgresql;42.6.0 from central in [default]
[2026-03-11T10:55:41.197+0000] {subprocess.py:93} INFO - 	---------------------------------------------------------------------
[2026-03-11T10:55:41.199+0000] {subprocess.py:93} INFO - 	|                  |            modules            ||   artifacts   |
[2026-03-11T10:55:41.199+0000] {subprocess.py:93} INFO - 	|       conf       | number| search|dwnlded|evicted|| number|dwnlded|
[2026-03-11T10:55:41.200+0000] {subprocess.py:93} INFO - 	---------------------------------------------------------------------
[2026-03-11T10:55:41.201+0000] {subprocess.py:93} INFO - 	|      default     |   2   |   0   |   0   |   0   ||   2   |   0   |
[2026-03-11T10:55:41.203+0000] {subprocess.py:93} INFO - 	---------------------------------------------------------------------
[2026-03-11T10:55:41.204+0000] {subprocess.py:93} INFO - :: retrieving :: org.apache.spark#spark-submit-parent-51f9e718-1c71-4c2b-a089-2e00399e9542
[2026-03-11T10:55:41.205+0000] {subprocess.py:93} INFO - 	confs: [default]
[2026-03-11T10:55:41.214+0000] {subprocess.py:93} INFO - 	0 artifacts copied, 2 already retrieved (0kB/9ms)
[2026-03-11T10:55:41.606+0000] {subprocess.py:93} INFO - 26/03/11 10:55:41 WARN NativeCodeLoader: Unable to load native-hadoop library for your platform... using builtin-java classes where applicable
[2026-03-11T10:55:42.192+0000] {subprocess.py:93} INFO - Setting default log level to "WARN".
[2026-03-11T10:55:42.193+0000] {subprocess.py:93} INFO - To adjust logging level use sc.setLogLevel(newLevel). For SparkR, use setLogLevel(newLevel).
[2026-03-11T10:55:45.818+0000] {subprocess.py:93} INFO - 2026-03-11 10:55:45,818 | INFO | Reading processed data from /opt/airflow/data_lake/processed/finance_processed.parquet...
[2026-03-11T10:55:54.788+0000] {subprocess.py:93} INFO - [Stage 0:>                                                          (0 + 1) / 1]                                                                                [Stage 1:>                                                          (0 + 8) / 8]                                                                                2026-03-11 10:55:54,788 | INFO | Processed records count: 1000000
[2026-03-11T10:55:54.789+0000] {subprocess.py:93} INFO - /opt/airflow/spark_jobs/load_data.py:84: DeprecationWarning: datetime.datetime.utcnow() is deprecated and scheduled for removal in a future version. Use timezone-aware objects to represent datetimes in UTC: datetime.datetime.now(datetime.UTC).
[2026-03-11T10:55:54.791+0000] {subprocess.py:93} INFO -   df = df.withColumn("load_timestamp", lit(datetime.utcnow()))
[2026-03-11T10:55:55.560+0000] {subprocess.py:93} INFO - 26/03/11 10:55:55 WARN WindowExec: No Partition Defined for Window operation! Moving all data to a single partition, this can cause serious performance degradation.
[2026-03-11T10:55:55.570+0000] {subprocess.py:93} INFO - 26/03/11 10:55:55 WARN WindowExec: No Partition Defined for Window operation! Moving all data to a single partition, this can cause serious performance degradation.
[2026-03-11T10:55:55.579+0000] {subprocess.py:93} INFO - 26/03/11 10:55:55 WARN WindowExec: No Partition Defined for Window operation! Moving all data to a single partition, this can cause serious performance degradation.
[2026-03-11T10:56:00.337+0000] {subprocess.py:93} INFO - [Stage 4:>                                                          (0 + 8) / 8][Stage 4:=======>                                                   (1 + 7) / 8]26/03/11 10:56:00 WARN WindowExec: No Partition Defined for Window operation! Moving all data to a single partition, this can cause serious performance degradation.
[2026-03-11T10:56:00.339+0000] {subprocess.py:93} INFO - 26/03/11 10:56:00 WARN WindowExec: No Partition Defined for Window operation! Moving all data to a single partition, this can cause serious performance degradation.
[2026-03-11T10:56:03.046+0000] {subprocess.py:93} INFO - [Stage 6:>                                                          (0 + 8) / 8][Stage 6:=============================>                             (4 + 4) / 8]26/03/11 10:56:03 WARN WindowExec: No Partition Defined for Window operation! Moving all data to a single partition, this can cause serious performance degradation.
[2026-03-11T10:56:03.048+0000] {subprocess.py:93} INFO - 26/03/11 10:56:03 WARN WindowExec: No Partition Defined for Window operation! Moving all data to a single partition, this can cause serious performance degradation.
[2026-03-11T10:56:03.082+0000] {subprocess.py:93} INFO - 26/03/11 10:56:03 WARN FileUtil: Failed to delete file or dir [/opt/airflow/data_lake/curated/dim_customer.parquet/.part-00000-4d6384dd-7bcf-4e5d-99d7-099d032cce5f-c000.snappy.parquet.crc]: it still exists.
[2026-03-11T10:56:03.083+0000] {subprocess.py:93} INFO - 26/03/11 10:56:03 WARN FileUtil: Failed to delete file or dir [/opt/airflow/data_lake/curated/dim_customer.parquet/part-00000-4d6384dd-7bcf-4e5d-99d7-099d032cce5f-c000.snappy.parquet]: it still exists.
[2026-03-11T10:56:03.084+0000] {subprocess.py:93} INFO - 26/03/11 10:56:03 WARN FileUtil: Failed to delete file or dir [/opt/airflow/data_lake/curated/dim_customer.parquet/._SUCCESS.crc]: it still exists.
[2026-03-11T10:56:03.085+0000] {subprocess.py:93} INFO - 26/03/11 10:56:03 WARN FileUtil: Failed to delete file or dir [/opt/airflow/data_lake/curated/dim_customer.parquet/_SUCCESS]: it still exists.
[2026-03-11T10:56:03.327+0000] {subprocess.py:93} INFO - Traceback (most recent call last):
[2026-03-11T10:56:03.330+0000] {subprocess.py:93} INFO -   File "/opt/airflow/spark_jobs/load_data.py", line 149, in <module>
[2026-03-11T10:56:03.331+0000] {subprocess.py:93} INFO -     load_curated_layer()
[2026-03-11T10:56:03.332+0000] {subprocess.py:93} INFO -   File "/opt/airflow/spark_jobs/load_data.py", line 93, in load_curated_layer
[2026-03-11T10:56:03.332+0000] {subprocess.py:93} INFO -     dim_customer.write.mode("overwrite").parquet(dim_customer_file)
[2026-03-11T10:56:03.333+0000] {subprocess.py:93} INFO -   File "/home/airflow/.local/lib/python3.12/site-packages/pyspark/sql/readwriter.py", line 1721, in parquet
[2026-03-11T10:56:03.334+0000] {subprocess.py:93} INFO -     self._jwrite.parquet(path)
[2026-03-11T10:56:03.335+0000] {subprocess.py:93} INFO -   File "/home/airflow/.local/lib/python3.12/site-packages/py4j/java_gateway.py", line 1322, in __call__
[2026-03-11T10:56:03.335+0000] {subprocess.py:93} INFO -     return_value = get_return_value(
[2026-03-11T10:56:03.336+0000] {subprocess.py:93} INFO -                    ^^^^^^^^^^^^^^^^^
[2026-03-11T10:56:03.336+0000] {subprocess.py:93} INFO -   File "/home/airflow/.local/lib/python3.12/site-packages/pyspark/errors/exceptions/captured.py", line 179, in deco
[2026-03-11T10:56:03.336+0000] {subprocess.py:93} INFO -     return f(*a, **kw)
[2026-03-11T10:56:03.337+0000] {subprocess.py:93} INFO -            ^^^^^^^^^^^
[2026-03-11T10:56:03.338+0000] {subprocess.py:93} INFO -   File "/home/airflow/.local/lib/python3.12/site-packages/py4j/protocol.py", line 326, in get_return_value
[2026-03-11T10:56:03.339+0000] {subprocess.py:93} INFO -     raise Py4JJavaError(
[2026-03-11T10:56:03.340+0000] {subprocess.py:93} INFO - py4j.protocol.Py4JJavaError: An error occurred while calling o51.parquet.
[2026-03-11T10:56:03.342+0000] {subprocess.py:93} INFO - : org.apache.spark.SparkException: Unable to clear output directory file:/opt/airflow/data_lake/curated/dim_customer.parquet prior to writing to it.
[2026-03-11T10:56:03.343+0000] {subprocess.py:93} INFO - 	at org.apache.spark.sql.errors.QueryExecutionErrors$.cannotClearOutputDirectoryError(QueryExecutionErrors.scala:794)
[2026-03-11T10:56:03.356+0000] {subprocess.py:93} INFO - 	at org.apache.spark.sql.execution.datasources.InsertIntoHadoopFsRelationCommand.deleteMatchingPartitions(InsertIntoHadoopFsRelationCommand.scala:239)
[2026-03-11T10:56:03.357+0000] {subprocess.py:93} INFO - 	at org.apache.spark.sql.execution.datasources.InsertIntoHadoopFsRelationCommand.run(InsertIntoHadoopFsRelationCommand.scala:131)
[2026-03-11T10:56:03.358+0000] {subprocess.py:93} INFO - 	at org.apache.spark.sql.execution.command.DataWritingCommandExec.sideEffectResult$lzycompute(commands.scala:113)
[2026-03-11T10:56:03.359+0000] {subprocess.py:93} INFO - 	at org.apache.spark.sql.execution.command.DataWritingCommandExec.sideEffectResult(commands.scala:111)
[2026-03-11T10:56:03.364+0000] {subprocess.py:93} INFO - 	at org.apache.spark.sql.execution.command.DataWritingCommandExec.executeCollect(commands.scala:125)
[2026-03-11T10:56:03.365+0000] {subprocess.py:93} INFO - 	at org.apache.spark.sql.execution.adaptive.AdaptiveSparkPlanExec.$anonfun$executeCollect$1(AdaptiveSparkPlanExec.scala:390)
[2026-03-11T10:56:03.366+0000] {subprocess.py:93} INFO - 	at org.apache.spark.sql.execution.adaptive.AdaptiveSparkPlanExec.withFinalPlanUpdate(AdaptiveSparkPlanExec.scala:418)
[2026-03-11T10:56:03.367+0000] {subprocess.py:93} INFO - 	at org.apache.spark.sql.execution.adaptive.AdaptiveSparkPlanExec.executeCollect(AdaptiveSparkPlanExec.scala:390)
[2026-03-11T10:56:03.368+0000] {subprocess.py:93} INFO - 	at org.apache.spark.sql.execution.QueryExecution$$anonfun$eagerlyExecuteCommands$1.$anonfun$applyOrElse$1(QueryExecution.scala:107)
[2026-03-11T10:56:03.369+0000] {subprocess.py:93} INFO - 	at org.apache.spark.sql.execution.SQLExecution$.$anonfun$withNewExecutionId$6(SQLExecution.scala:125)
[2026-03-11T10:56:03.370+0000] {subprocess.py:93} INFO - 	at org.apache.spark.sql.execution.SQLExecution$.withSQLConfPropagated(SQLExecution.scala:201)
[2026-03-11T10:56:03.370+0000] {subprocess.py:93} INFO - 	at org.apache.spark.sql.execution.SQLExecution$.$anonfun$withNewExecutionId$1(SQLExecution.scala:108)
[2026-03-11T10:56:03.371+0000] {subprocess.py:93} INFO - 	at org.apache.spark.sql.SparkSession.withActive(SparkSession.scala:900)
[2026-03-11T10:56:03.372+0000] {subprocess.py:93} INFO - 	at org.apache.spark.sql.execution.SQLExecution$.withNewExecutionId(SQLExecution.scala:66)
[2026-03-11T10:56:03.373+0000] {subprocess.py:93} INFO - 	at org.apache.spark.sql.execution.QueryExecution$$anonfun$eagerlyExecuteCommands$1.applyOrElse(QueryExecution.scala:107)
[2026-03-11T10:56:03.373+0000] {subprocess.py:93} INFO - 	at org.apache.spark.sql.execution.QueryExecution$$anonfun$eagerlyExecuteCommands$1.applyOrElse(QueryExecution.scala:98)
[2026-03-11T10:56:03.374+0000] {subprocess.py:93} INFO - 	at org.apache.spark.sql.catalyst.trees.TreeNode.$anonfun$transformDownWithPruning$1(TreeNode.scala:461)
[2026-03-11T10:56:03.375+0000] {subprocess.py:93} INFO - 	at org.apache.spark.sql.catalyst.trees.CurrentOrigin$.withOrigin(origin.scala:76)
[2026-03-11T10:56:03.375+0000] {subprocess.py:93} INFO - 	at org.apache.spark.sql.catalyst.trees.TreeNode.transformDownWithPruning(TreeNode.scala:461)
[2026-03-11T10:56:03.376+0000] {subprocess.py:93} INFO - 	at org.apache.spark.sql.catalyst.plans.logical.LogicalPlan.org$apache$spark$sql$catalyst$plans$logical$AnalysisHelper$$super$transformDownWithPruning(LogicalPlan.scala:32)
[2026-03-11T10:56:03.376+0000] {subprocess.py:93} INFO - 	at org.apache.spark.sql.catalyst.plans.logical.AnalysisHelper.transformDownWithPruning(AnalysisHelper.scala:267)
[2026-03-11T10:56:03.377+0000] {subprocess.py:93} INFO - 	at org.apache.spark.sql.catalyst.plans.logical.AnalysisHelper.transformDownWithPruning$(AnalysisHelper.scala:263)
[2026-03-11T10:56:03.383+0000] {subprocess.py:93} INFO - 	at org.apache.spark.sql.catalyst.plans.logical.LogicalPlan.transformDownWithPruning(LogicalPlan.scala:32)
[2026-03-11T10:56:03.384+0000] {subprocess.py:93} INFO - 	at org.apache.spark.sql.catalyst.plans.logical.LogicalPlan.transformDownWithPruning(LogicalPlan.scala:32)
[2026-03-11T10:56:03.385+0000] {subprocess.py:93} INFO - 	at org.apache.spark.sql.catalyst.trees.TreeNode.transformDown(TreeNode.scala:437)
[2026-03-11T10:56:03.386+0000] {subprocess.py:93} INFO - 	at org.apache.spark.sql.execution.QueryExecution.eagerlyExecuteCommands(QueryExecution.scala:98)
[2026-03-11T10:56:03.387+0000] {subprocess.py:93} INFO - 	at org.apache.spark.sql.execution.QueryExecution.commandExecuted$lzycompute(QueryExecution.scala:85)
[2026-03-11T10:56:03.388+0000] {subprocess.py:93} INFO - 	at org.apache.spark.sql.execution.QueryExecution.commandExecuted(QueryExecution.scala:83)
[2026-03-11T10:56:03.389+0000] {subprocess.py:93} INFO - 	at org.apache.spark.sql.execution.QueryExecution.assertCommandExecuted(QueryExecution.scala:142)
[2026-03-11T10:56:03.390+0000] {subprocess.py:93} INFO - 	at org.apache.spark.sql.DataFrameWriter.runCommand(DataFrameWriter.scala:859)
[2026-03-11T10:56:03.391+0000] {subprocess.py:93} INFO - 	at org.apache.spark.sql.DataFrameWriter.saveToV1Source(DataFrameWriter.scala:388)
[2026-03-11T10:56:03.392+0000] {subprocess.py:93} INFO - 	at org.apache.spark.sql.DataFrameWriter.saveInternal(DataFrameWriter.scala:361)
[2026-03-11T10:56:03.393+0000] {subprocess.py:93} INFO - 	at org.apache.spark.sql.DataFrameWriter.save(DataFrameWriter.scala:240)
[2026-03-11T10:56:03.394+0000] {subprocess.py:93} INFO - 	at org.apache.spark.sql.DataFrameWriter.parquet(DataFrameWriter.scala:792)
[2026-03-11T10:56:03.395+0000] {subprocess.py:93} INFO - 	at java.base/jdk.internal.reflect.NativeMethodAccessorImpl.invoke0(Native Method)
[2026-03-11T10:56:03.395+0000] {subprocess.py:93} INFO - 	at java.base/jdk.internal.reflect.NativeMethodAccessorImpl.invoke(NativeMethodAccessorImpl.java:77)
[2026-03-11T10:56:03.396+0000] {subprocess.py:93} INFO - 	at java.base/jdk.internal.reflect.DelegatingMethodAccessorImpl.invoke(DelegatingMethodAccessorImpl.java:43)
[2026-03-11T10:56:03.397+0000] {subprocess.py:93} INFO - 	at java.base/java.lang.reflect.Method.invoke(Method.java:569)
[2026-03-11T10:56:03.398+0000] {subprocess.py:93} INFO - 	at py4j.reflection.MethodInvoker.invoke(MethodInvoker.java:244)
[2026-03-11T10:56:03.399+0000] {subprocess.py:93} INFO - 	at py4j.reflection.ReflectionEngine.invoke(ReflectionEngine.java:374)
[2026-03-11T10:56:03.400+0000] {subprocess.py:93} INFO - 	at py4j.Gateway.invoke(Gateway.java:282)
[2026-03-11T10:56:03.401+0000] {subprocess.py:93} INFO - 	at py4j.commands.AbstractCommand.invokeMethod(AbstractCommand.java:132)
[2026-03-11T10:56:03.402+0000] {subprocess.py:93} INFO - 	at py4j.commands.CallCommand.execute(CallCommand.java:79)
[2026-03-11T10:56:03.402+0000] {subprocess.py:93} INFO - 	at py4j.ClientServerConnection.waitForCommands(ClientServerConnection.java:182)
[2026-03-11T10:56:03.403+0000] {subprocess.py:93} INFO - 	at py4j.ClientServerConnection.run(ClientServerConnection.java:106)
[2026-03-11T10:56:03.404+0000] {subprocess.py:93} INFO - 	at java.base/java.lang.Thread.run(Thread.java:840)
[2026-03-11T10:56:03.404+0000] {subprocess.py:93} INFO - 
[2026-03-11T10:56:03.405+0000] {subprocess.py:93} INFO - 2026-03-11 10:56:03,338 | INFO | Closing down clientserver connection
[2026-03-11T10:56:04.289+0000] {subprocess.py:97} INFO - Command exited with return code 1
[2026-03-11T10:56:04.290+0000] {taskinstance.py:441} INFO - ::group::Post task execution logs
[2026-03-11T10:56:04.308+0000] {taskinstance.py:2890} ERROR - Task failed with exception
Traceback (most recent call last):
  File "/home/airflow/.local/lib/python3.12/site-packages/airflow/models/taskinstance.py", line 465, in _execute_task
    result = _execute_callable(context=context, **execute_callable_kwargs)
             ^^^^^^^^^^^^^^^^^^^^^^^^^^^^^^^^^^^^^^^^^^^^^^^^^^^^^^^^^^^^^
  File "/home/airflow/.local/lib/python3.12/site-packages/airflow/models/taskinstance.py", line 432, in _execute_callable
    return execute_callable(context=context, **execute_callable_kwargs)
           ^^^^^^^^^^^^^^^^^^^^^^^^^^^^^^^^^^^^^^^^^^^^^^^^^^^^^^^^^^^^
  File "/home/airflow/.local/lib/python3.12/site-packages/airflow/models/baseoperator.py", line 400, in wrapper
    return func(self, *args, **kwargs)
           ^^^^^^^^^^^^^^^^^^^^^^^^^^^
  File "/home/airflow/.local/lib/python3.12/site-packages/airflow/operators/bash.py", line 243, in execute
    raise AirflowException(
airflow.exceptions.AirflowException: Bash command failed. The command returned a non-zero exit code 1.
[2026-03-11T10:56:04.314+0000] {taskinstance.py:1205} INFO - Marking task as FAILED. dag_id=daily_etl_pipeline, task_id=load_data, execution_date=20260311T105437, start_date=20260311T105535, end_date=20260311T105604
[2026-03-11T10:56:04.333+0000] {standard_task_runner.py:110} ERROR - Failed to execute job 60 for task load_data (Bash command failed. The command returned a non-zero exit code 1.; 5579)
[2026-03-11T10:56:04.346+0000] {local_task_job_runner.py:240} INFO - Task exited with return code 1
[2026-03-11T10:56:04.373+0000] {taskinstance.py:3482} INFO - 0 downstream tasks scheduled from follow-on schedule check
[2026-03-11T10:56:04.376+0000] {local_task_job_runner.py:222} INFO - ::endgroup::
