[2026-03-11T15:57:49.845+0000] {local_task_job_runner.py:120} INFO - ::group::Pre task execution logs
[2026-03-11T15:57:49.925+0000] {taskinstance.py:2073} INFO - Dependencies all met for dep_context=non-requeueable deps ti=<TaskInstance: daily_etl_pipeline.load_data manual__2026-03-11T15:55:56.942020+00:00 [queued]>
[2026-03-11T15:57:49.948+0000] {taskinstance.py:2073} INFO - Dependencies all met for dep_context=requeueable deps ti=<TaskInstance: daily_etl_pipeline.load_data manual__2026-03-11T15:55:56.942020+00:00 [queued]>
[2026-03-11T15:57:49.949+0000] {taskinstance.py:2303} INFO - Starting attempt 1 of 1
[2026-03-11T15:57:49.985+0000] {taskinstance.py:2327} INFO - Executing <Task(BashOperator): load_data> on 2026-03-11 15:55:56.942020+00:00
[2026-03-11T15:57:50.001+0000] {logging_mixin.py:188} WARNING - /home/airflow/.local/lib/python3.12/site-packages/airflow/task/task_runner/standard_task_runner.py:61 DeprecationWarning: This process (pid=4205) is multi-threaded, use of fork() may lead to deadlocks in the child.
[2026-03-11T15:57:50.003+0000] {standard_task_runner.py:63} INFO - Started process 4208 to run task
[2026-03-11T15:57:50.002+0000] {standard_task_runner.py:90} INFO - Running: ['airflow', 'tasks', 'run', 'daily_etl_pipeline', 'load_data', 'manual__2026-03-11T15:55:56.942020+00:00', '--job-id', '96', '--raw', '--subdir', 'DAGS_FOLDER/finance_etl_dag.py', '--cfg-path', '/tmp/tmp21kga0pa']
[2026-03-11T15:57:50.007+0000] {standard_task_runner.py:91} INFO - Job 96: Subtask load_data
[2026-03-11T15:57:50.060+0000] {logging_mixin.py:188} WARNING - /home/airflow/.local/lib/python3.12/site-packages/airflow/settings.py:195 DeprecationWarning: The sql_alchemy_conn option in [core] has been moved to the sql_alchemy_conn option in [database] - the old setting has been used, but please update your config.
[2026-03-11T15:57:50.228+0000] {task_command.py:426} INFO - Running <TaskInstance: daily_etl_pipeline.load_data manual__2026-03-11T15:55:56.942020+00:00 [running]> on host 8d060d40942f
[2026-03-11T15:57:50.623+0000] {taskinstance.py:2644} INFO - Exporting env vars: AIRFLOW_CTX_DAG_OWNER='airflow' AIRFLOW_CTX_DAG_ID='daily_etl_pipeline' AIRFLOW_CTX_TASK_ID='load_data' AIRFLOW_CTX_EXECUTION_DATE='2026-03-11T15:55:56.942020+00:00' AIRFLOW_CTX_TRY_NUMBER='1' AIRFLOW_CTX_DAG_RUN_ID='manual__2026-03-11T15:55:56.942020+00:00'
[2026-03-11T15:57:50.625+0000] {taskinstance.py:430} INFO - ::endgroup::
[2026-03-11T15:57:50.664+0000] {subprocess.py:63} INFO - Tmp dir root location: /tmp
[2026-03-11T15:57:50.666+0000] {subprocess.py:75} INFO - Running command: ['/usr/bin/bash', '-c', 'python /opt/airflow/spark_jobs/load_data.py']
[2026-03-11T15:57:50.686+0000] {subprocess.py:86} INFO - Output:
[2026-03-11T15:57:52.601+0000] {subprocess.py:93} INFO - 2026-03-11 15:57:52,601 | INFO | Starting curated load
[2026-03-11T15:57:52.656+0000] {subprocess.py:93} INFO - 2026-03-11 15:57:52,656 | INFO | PostgreSQL connection successful.
[2026-03-11T15:57:56.773+0000] {subprocess.py:93} INFO - :: loading settings :: url = jar:file:/home/airflow/.local/lib/python3.12/site-packages/pyspark/jars/ivy-2.5.1.jar!/org/apache/ivy/core/settings/ivysettings.xml
[2026-03-11T15:57:56.984+0000] {subprocess.py:93} INFO - Ivy Default Cache set to: /home/airflow/.ivy2/cache
[2026-03-11T15:57:56.985+0000] {subprocess.py:93} INFO - The jars for the packages stored in: /home/airflow/.ivy2/jars
[2026-03-11T15:57:56.996+0000] {subprocess.py:93} INFO - org.postgresql#postgresql added as a dependency
[2026-03-11T15:57:56.998+0000] {subprocess.py:93} INFO - :: resolving dependencies :: org.apache.spark#spark-submit-parent-0f0f02bc-8ee2-466e-85a4-b5a239095be1;1.0
[2026-03-11T15:57:56.999+0000] {subprocess.py:93} INFO - 	confs: [default]
[2026-03-11T15:57:57.230+0000] {subprocess.py:93} INFO - 	found org.postgresql#postgresql;42.6.0 in central
[2026-03-11T15:57:57.275+0000] {subprocess.py:93} INFO - 	found org.checkerframework#checker-qual;3.31.0 in central
[2026-03-11T15:57:57.304+0000] {subprocess.py:93} INFO - :: resolution report :: resolve 295ms :: artifacts dl 12ms
[2026-03-11T15:57:57.305+0000] {subprocess.py:93} INFO - 	:: modules in use:
[2026-03-11T15:57:57.306+0000] {subprocess.py:93} INFO - 	org.checkerframework#checker-qual;3.31.0 from central in [default]
[2026-03-11T15:57:57.307+0000] {subprocess.py:93} INFO - 	org.postgresql#postgresql;42.6.0 from central in [default]
[2026-03-11T15:57:57.307+0000] {subprocess.py:93} INFO - 	---------------------------------------------------------------------
[2026-03-11T15:57:57.307+0000] {subprocess.py:93} INFO - 	|                  |            modules            ||   artifacts   |
[2026-03-11T15:57:57.307+0000] {subprocess.py:93} INFO - 	|       conf       | number| search|dwnlded|evicted|| number|dwnlded|
[2026-03-11T15:57:57.308+0000] {subprocess.py:93} INFO - 	---------------------------------------------------------------------
[2026-03-11T15:57:57.308+0000] {subprocess.py:93} INFO - 	|      default     |   2   |   0   |   0   |   0   ||   2   |   0   |
[2026-03-11T15:57:57.308+0000] {subprocess.py:93} INFO - 	---------------------------------------------------------------------
[2026-03-11T15:57:57.312+0000] {subprocess.py:93} INFO - :: retrieving :: org.apache.spark#spark-submit-parent-0f0f02bc-8ee2-466e-85a4-b5a239095be1
[2026-03-11T15:57:57.313+0000] {subprocess.py:93} INFO - 	confs: [default]
[2026-03-11T15:57:57.321+0000] {subprocess.py:93} INFO - 	0 artifacts copied, 2 already retrieved (0kB/9ms)
[2026-03-11T15:57:57.738+0000] {subprocess.py:93} INFO - 26/03/11 15:57:57 WARN NativeCodeLoader: Unable to load native-hadoop library for your platform... using builtin-java classes where applicable
[2026-03-11T15:57:58.370+0000] {subprocess.py:93} INFO - Setting default log level to "WARN".
[2026-03-11T15:57:58.372+0000] {subprocess.py:93} INFO - To adjust logging level use sc.setLogLevel(newLevel). For SparkR, use setLogLevel(newLevel).
[2026-03-11T15:58:02.688+0000] {subprocess.py:93} INFO - 2026-03-11 15:58:02,688 | INFO | Reading processed parquet
[2026-03-11T15:58:05.780+0000] {subprocess.py:93} INFO - Traceback (most recent call last):
[2026-03-11T15:58:05.780+0000] {subprocess.py:93} INFO -   File "/opt/airflow/spark_jobs/load_data.py", line 205, in <module>
[2026-03-11T15:58:05.781+0000] {subprocess.py:93} INFO -     load_curated_layer()
[2026-03-11T15:58:05.782+0000] {subprocess.py:93} INFO -   File "/opt/airflow/spark_jobs/load_data.py", line 120, in load_curated_layer
[2026-03-11T15:58:05.782+0000] {subprocess.py:93} INFO -     df = spark.read.parquet("/opt/airflow/data/processed/")
[2026-03-11T15:58:05.783+0000] {subprocess.py:93} INFO -          ^^^^^^^^^^^^^^^^^^^^^^^^^^^^^^^^^^^^^^^^^^^^^^^^^^
[2026-03-11T15:58:05.785+0000] {subprocess.py:93} INFO -   File "/home/airflow/.local/lib/python3.12/site-packages/pyspark/sql/readwriter.py", line 544, in parquet
[2026-03-11T15:58:05.786+0000] {subprocess.py:93} INFO -     return self._df(self._jreader.parquet(_to_seq(self._spark._sc, paths)))
[2026-03-11T15:58:05.786+0000] {subprocess.py:93} INFO -                     ^^^^^^^^^^^^^^^^^^^^^^^^^^^^^^^^^^^^^^^^^^^^^^^^^^^^^^
[2026-03-11T15:58:05.787+0000] {subprocess.py:93} INFO -   File "/home/airflow/.local/lib/python3.12/site-packages/py4j/java_gateway.py", line 1322, in __call__
[2026-03-11T15:58:05.788+0000] {subprocess.py:93} INFO -     return_value = get_return_value(
[2026-03-11T15:58:05.789+0000] {subprocess.py:93} INFO -                    ^^^^^^^^^^^^^^^^^
[2026-03-11T15:58:05.790+0000] {subprocess.py:93} INFO -   File "/home/airflow/.local/lib/python3.12/site-packages/pyspark/errors/exceptions/captured.py", line 185, in deco
[2026-03-11T15:58:05.790+0000] {subprocess.py:93} INFO -     raise converted from None
[2026-03-11T15:58:05.802+0000] {subprocess.py:93} INFO - pyspark.errors.exceptions.captured.AnalysisException: [PATH_NOT_FOUND] Path does not exist: file:/opt/airflow/data/processed.
[2026-03-11T15:58:05.803+0000] {subprocess.py:93} INFO - 2026-03-11 15:58:05,802 | INFO | Closing down clientserver connection
[2026-03-11T15:58:06.507+0000] {subprocess.py:97} INFO - Command exited with return code 1
[2026-03-11T15:58:06.509+0000] {taskinstance.py:441} INFO - ::group::Post task execution logs
[2026-03-11T15:58:06.535+0000] {taskinstance.py:2890} ERROR - Task failed with exception
Traceback (most recent call last):
  File "/home/airflow/.local/lib/python3.12/site-packages/airflow/models/taskinstance.py", line 465, in _execute_task
    result = _execute_callable(context=context, **execute_callable_kwargs)
             ^^^^^^^^^^^^^^^^^^^^^^^^^^^^^^^^^^^^^^^^^^^^^^^^^^^^^^^^^^^^^
  File "/home/airflow/.local/lib/python3.12/site-packages/airflow/models/taskinstance.py", line 432, in _execute_callable
    return execute_callable(context=context, **execute_callable_kwargs)
           ^^^^^^^^^^^^^^^^^^^^^^^^^^^^^^^^^^^^^^^^^^^^^^^^^^^^^^^^^^^^
  File "/home/airflow/.local/lib/python3.12/site-packages/airflow/models/baseoperator.py", line 400, in wrapper
    return func(self, *args, **kwargs)
           ^^^^^^^^^^^^^^^^^^^^^^^^^^^
  File "/home/airflow/.local/lib/python3.12/site-packages/airflow/operators/bash.py", line 243, in execute
    raise AirflowException(
airflow.exceptions.AirflowException: Bash command failed. The command returned a non-zero exit code 1.
[2026-03-11T15:58:06.544+0000] {taskinstance.py:1205} INFO - Marking task as FAILED. dag_id=daily_etl_pipeline, task_id=load_data, execution_date=20260311T155556, start_date=20260311T155749, end_date=20260311T155806
[2026-03-11T15:58:06.569+0000] {standard_task_runner.py:110} ERROR - Failed to execute job 96 for task load_data (Bash command failed. The command returned a non-zero exit code 1.; 4208)
[2026-03-11T15:58:06.623+0000] {local_task_job_runner.py:240} INFO - Task exited with return code 1
[2026-03-11T15:58:06.717+0000] {taskinstance.py:3482} INFO - 0 downstream tasks scheduled from follow-on schedule check
[2026-03-11T15:58:06.725+0000] {local_task_job_runner.py:222} INFO - ::endgroup::
