[2026-03-11T08:47:35.730+0000] {local_task_job_runner.py:120} INFO - ::group::Pre task execution logs
[2026-03-11T08:47:35.896+0000] {taskinstance.py:2073} INFO - Dependencies all met for dep_context=non-requeueable deps ti=<TaskInstance: daily_etl_pipeline.ingest_data manual__2026-03-11T08:47:34.862734+00:00 [queued]>
[2026-03-11T08:47:35.927+0000] {taskinstance.py:2073} INFO - Dependencies all met for dep_context=requeueable deps ti=<TaskInstance: daily_etl_pipeline.ingest_data manual__2026-03-11T08:47:34.862734+00:00 [queued]>
[2026-03-11T08:47:35.928+0000] {taskinstance.py:2303} INFO - Starting attempt 1 of 1
[2026-03-11T08:47:35.962+0000] {taskinstance.py:2327} INFO - Executing <Task(BashOperator): ingest_data> on 2026-03-11 08:47:34.862734+00:00
[2026-03-11T08:47:35.982+0000] {logging_mixin.py:188} WARNING - /home/airflow/.local/lib/python3.12/site-packages/airflow/task/task_runner/standard_task_runner.py:61 DeprecationWarning: This process (pid=176) is multi-threaded, use of fork() may lead to deadlocks in the child.
[2026-03-11T08:47:35.984+0000] {standard_task_runner.py:63} INFO - Started process 177 to run task
[2026-03-11T08:47:35.982+0000] {standard_task_runner.py:90} INFO - Running: ['airflow', 'tasks', 'run', 'daily_etl_pipeline', 'ingest_data', 'manual__2026-03-11T08:47:34.862734+00:00', '--job-id', '26', '--raw', '--subdir', 'DAGS_FOLDER/finance_etl_dag.py', '--cfg-path', '/tmp/tmpms2tci1z']
[2026-03-11T08:47:35.986+0000] {standard_task_runner.py:91} INFO - Job 26: Subtask ingest_data
[2026-03-11T08:47:36.027+0000] {logging_mixin.py:188} WARNING - /home/airflow/.local/lib/python3.12/site-packages/airflow/settings.py:195 DeprecationWarning: The sql_alchemy_conn option in [core] has been moved to the sql_alchemy_conn option in [database] - the old setting has been used, but please update your config.
[2026-03-11T08:47:36.117+0000] {task_command.py:426} INFO - Running <TaskInstance: daily_etl_pipeline.ingest_data manual__2026-03-11T08:47:34.862734+00:00 [running]> on host 1a9ed0cd75e4
[2026-03-11T08:47:36.453+0000] {taskinstance.py:2644} INFO - Exporting env vars: AIRFLOW_CTX_DAG_OWNER='airflow' AIRFLOW_CTX_DAG_ID='daily_etl_pipeline' AIRFLOW_CTX_TASK_ID='ingest_data' AIRFLOW_CTX_EXECUTION_DATE='2026-03-11T08:47:34.862734+00:00' AIRFLOW_CTX_TRY_NUMBER='1' AIRFLOW_CTX_DAG_RUN_ID='manual__2026-03-11T08:47:34.862734+00:00'
[2026-03-11T08:47:36.458+0000] {taskinstance.py:430} INFO - ::endgroup::
[2026-03-11T08:47:36.522+0000] {subprocess.py:63} INFO - Tmp dir root location: /tmp
[2026-03-11T08:47:36.525+0000] {subprocess.py:75} INFO - Running command: ['/usr/bin/bash', '-c', ' python /opt/airflow/spark_jobs/ingest_data.py']
[2026-03-11T08:47:36.568+0000] {subprocess.py:86} INFO - Output:
[2026-03-11T08:47:38.326+0000] {subprocess.py:93} INFO - 2026-03-11 08:47:38,326 | INFO | Starting ingestion...
[2026-03-11T08:47:38.327+0000] {subprocess.py:93} INFO - 2026-03-11 08:47:38,326 | ERROR | CSV file not found: /home/waleed/my-etl-pipeline/finance-data-pipeline/data_lake/raw/transaction_data.csv
[2026-03-11T08:47:38.328+0000] {subprocess.py:93} INFO - Traceback (most recent call last):
[2026-03-11T08:47:38.328+0000] {subprocess.py:93} INFO -   File "/opt/airflow/spark_jobs/ingest_data.py", line 68, in <module>
[2026-03-11T08:47:38.329+0000] {subprocess.py:93} INFO -     ingest()
[2026-03-11T08:47:38.329+0000] {subprocess.py:93} INFO -   File "/opt/airflow/spark_jobs/ingest_data.py", line 40, in ingest
[2026-03-11T08:47:38.329+0000] {subprocess.py:93} INFO -     raise FileNotFoundError(f"{RAW_CSV} does not exist.")
[2026-03-11T08:47:38.330+0000] {subprocess.py:93} INFO - FileNotFoundError: /home/waleed/my-etl-pipeline/finance-data-pipeline/data_lake/raw/transaction_data.csv does not exist.
[2026-03-11T08:47:38.397+0000] {subprocess.py:97} INFO - Command exited with return code 1
[2026-03-11T08:47:38.398+0000] {taskinstance.py:441} INFO - ::group::Post task execution logs
[2026-03-11T08:47:38.421+0000] {taskinstance.py:2890} ERROR - Task failed with exception
Traceback (most recent call last):
  File "/home/airflow/.local/lib/python3.12/site-packages/airflow/models/taskinstance.py", line 465, in _execute_task
    result = _execute_callable(context=context, **execute_callable_kwargs)
             ^^^^^^^^^^^^^^^^^^^^^^^^^^^^^^^^^^^^^^^^^^^^^^^^^^^^^^^^^^^^^
  File "/home/airflow/.local/lib/python3.12/site-packages/airflow/models/taskinstance.py", line 432, in _execute_callable
    return execute_callable(context=context, **execute_callable_kwargs)
           ^^^^^^^^^^^^^^^^^^^^^^^^^^^^^^^^^^^^^^^^^^^^^^^^^^^^^^^^^^^^
  File "/home/airflow/.local/lib/python3.12/site-packages/airflow/models/baseoperator.py", line 400, in wrapper
    return func(self, *args, **kwargs)
           ^^^^^^^^^^^^^^^^^^^^^^^^^^^
  File "/home/airflow/.local/lib/python3.12/site-packages/airflow/operators/bash.py", line 243, in execute
    raise AirflowException(
airflow.exceptions.AirflowException: Bash command failed. The command returned a non-zero exit code 1.
[2026-03-11T08:47:38.428+0000] {taskinstance.py:1205} INFO - Marking task as FAILED. dag_id=daily_etl_pipeline, task_id=ingest_data, execution_date=20260311T084734, start_date=20260311T084735, end_date=20260311T084738
[2026-03-11T08:47:38.454+0000] {standard_task_runner.py:110} ERROR - Failed to execute job 26 for task ingest_data (Bash command failed. The command returned a non-zero exit code 1.; 177)
[2026-03-11T08:47:38.506+0000] {local_task_job_runner.py:240} INFO - Task exited with return code 1
[2026-03-11T08:47:38.582+0000] {taskinstance.py:3482} INFO - 0 downstream tasks scheduled from follow-on schedule check
[2026-03-11T08:47:38.596+0000] {local_task_job_runner.py:222} INFO - ::endgroup::
