[2026-03-11T10:27:05.619+0000] {local_task_job_runner.py:120} INFO - ::group::Pre task execution logs
[2026-03-11T10:27:05.772+0000] {taskinstance.py:2073} INFO - Dependencies all met for dep_context=non-requeueable deps ti=<TaskInstance: daily_etl_pipeline.ingest_data manual__2026-03-11T10:27:01.862782+00:00 [queued]>
[2026-03-11T10:27:05.806+0000] {taskinstance.py:2073} INFO - Dependencies all met for dep_context=requeueable deps ti=<TaskInstance: daily_etl_pipeline.ingest_data manual__2026-03-11T10:27:01.862782+00:00 [queued]>
[2026-03-11T10:27:05.807+0000] {taskinstance.py:2303} INFO - Starting attempt 1 of 1
[2026-03-11T10:27:05.865+0000] {taskinstance.py:2327} INFO - Executing <Task(BashOperator): ingest_data> on 2026-03-11 10:27:01.862782+00:00
[2026-03-11T10:27:05.906+0000] {logging_mixin.py:188} WARNING - /home/airflow/.local/lib/python3.12/site-packages/airflow/task/task_runner/standard_task_runner.py:61 DeprecationWarning: This process (pid=3579) is multi-threaded, use of fork() may lead to deadlocks in the child.
[2026-03-11T10:27:05.909+0000] {standard_task_runner.py:63} INFO - Started process 3580 to run task
[2026-03-11T10:27:05.906+0000] {standard_task_runner.py:90} INFO - Running: ['airflow', 'tasks', 'run', 'daily_etl_pipeline', 'ingest_data', 'manual__2026-03-11T10:27:01.862782+00:00', '--job-id', '54', '--raw', '--subdir', 'DAGS_FOLDER/finance_etl_dag.py', '--cfg-path', '/tmp/tmphss7j7qe']
[2026-03-11T10:27:05.914+0000] {standard_task_runner.py:91} INFO - Job 54: Subtask ingest_data
[2026-03-11T10:27:05.984+0000] {logging_mixin.py:188} WARNING - /home/airflow/.local/lib/python3.12/site-packages/airflow/settings.py:195 DeprecationWarning: The sql_alchemy_conn option in [core] has been moved to the sql_alchemy_conn option in [database] - the old setting has been used, but please update your config.
[2026-03-11T10:27:06.224+0000] {task_command.py:426} INFO - Running <TaskInstance: daily_etl_pipeline.ingest_data manual__2026-03-11T10:27:01.862782+00:00 [running]> on host 662adb583b47
[2026-03-11T10:27:07.394+0000] {taskinstance.py:2644} INFO - Exporting env vars: AIRFLOW_CTX_DAG_OWNER='airflow' AIRFLOW_CTX_DAG_ID='daily_etl_pipeline' AIRFLOW_CTX_TASK_ID='ingest_data' AIRFLOW_CTX_EXECUTION_DATE='2026-03-11T10:27:01.862782+00:00' AIRFLOW_CTX_TRY_NUMBER='1' AIRFLOW_CTX_DAG_RUN_ID='manual__2026-03-11T10:27:01.862782+00:00'
[2026-03-11T10:27:07.398+0000] {taskinstance.py:430} INFO - ::endgroup::
[2026-03-11T10:27:07.534+0000] {subprocess.py:63} INFO - Tmp dir root location: /tmp
[2026-03-11T10:27:07.547+0000] {subprocess.py:75} INFO - Running command: ['/usr/bin/bash', '-c', ' python /opt/airflow/spark_jobs/ingest_data.py']
[2026-03-11T10:27:07.640+0000] {subprocess.py:86} INFO - Output:
[2026-03-11T10:27:11.396+0000] {subprocess.py:93} INFO - 2026-03-11 10:27:11,395 | INFO | Starting Load: Creating curated layer incrementally...
[2026-03-11T10:27:19.093+0000] {subprocess.py:93} INFO - :: loading settings :: url = jar:file:/home/airflow/.local/lib/python3.12/site-packages/pyspark/jars/ivy-2.5.1.jar!/org/apache/ivy/core/settings/ivysettings.xml
[2026-03-11T10:27:19.457+0000] {subprocess.py:93} INFO - Ivy Default Cache set to: /home/airflow/.ivy2/cache
[2026-03-11T10:27:19.459+0000] {subprocess.py:93} INFO - The jars for the packages stored in: /home/airflow/.ivy2/jars
[2026-03-11T10:27:19.470+0000] {subprocess.py:93} INFO - org.postgresql#postgresql added as a dependency
[2026-03-11T10:27:19.472+0000] {subprocess.py:93} INFO - :: resolving dependencies :: org.apache.spark#spark-submit-parent-ea01c7a6-3ec7-4232-ae87-88b002c1ae1a;1.0
[2026-03-11T10:27:19.473+0000] {subprocess.py:93} INFO - 	confs: [default]
[2026-03-11T10:27:19.796+0000] {subprocess.py:93} INFO - 	found org.postgresql#postgresql;42.6.0 in central
[2026-03-11T10:27:19.848+0000] {subprocess.py:93} INFO - 	found org.checkerframework#checker-qual;3.31.0 in central
[2026-03-11T10:27:19.896+0000] {subprocess.py:93} INFO - :: resolution report :: resolve 403ms :: artifacts dl 21ms
[2026-03-11T10:27:19.897+0000] {subprocess.py:93} INFO - 	:: modules in use:
[2026-03-11T10:27:19.898+0000] {subprocess.py:93} INFO - 	org.checkerframework#checker-qual;3.31.0 from central in [default]
[2026-03-11T10:27:19.899+0000] {subprocess.py:93} INFO - 	org.postgresql#postgresql;42.6.0 from central in [default]
[2026-03-11T10:27:19.900+0000] {subprocess.py:93} INFO - 	---------------------------------------------------------------------
[2026-03-11T10:27:19.901+0000] {subprocess.py:93} INFO - 	|                  |            modules            ||   artifacts   |
[2026-03-11T10:27:19.901+0000] {subprocess.py:93} INFO - 	|       conf       | number| search|dwnlded|evicted|| number|dwnlded|
[2026-03-11T10:27:19.902+0000] {subprocess.py:93} INFO - 	---------------------------------------------------------------------
[2026-03-11T10:27:19.903+0000] {subprocess.py:93} INFO - 	|      default     |   2   |   0   |   0   |   0   ||   2   |   0   |
[2026-03-11T10:27:19.904+0000] {subprocess.py:93} INFO - 	---------------------------------------------------------------------
[2026-03-11T10:27:19.909+0000] {subprocess.py:93} INFO - :: retrieving :: org.apache.spark#spark-submit-parent-ea01c7a6-3ec7-4232-ae87-88b002c1ae1a
[2026-03-11T10:27:19.911+0000] {subprocess.py:93} INFO - 	confs: [default]
[2026-03-11T10:27:19.928+0000] {subprocess.py:93} INFO - 	0 artifacts copied, 2 already retrieved (0kB/20ms)
[2026-03-11T10:27:20.445+0000] {subprocess.py:93} INFO - 26/03/11 10:27:20 WARN NativeCodeLoader: Unable to load native-hadoop library for your platform... using builtin-java classes where applicable
[2026-03-11T10:27:21.056+0000] {subprocess.py:93} INFO - Setting default log level to "WARN".
[2026-03-11T10:27:21.057+0000] {subprocess.py:93} INFO - To adjust logging level use sc.setLogLevel(newLevel). For SparkR, use setLogLevel(newLevel).
[2026-03-11T10:27:39.555+0000] {subprocess.py:93} INFO - [Stage 0:>                                                          (0 + 1) / 1]                                                                                [Stage 1:>                                                          (0 + 8) / 8]                                                                                2026-03-11 10:27:39,555 | INFO | Processed records count: 1000000
[2026-03-11T10:27:57.665+0000] {local_task_job_runner.py:310} WARNING - State of this instance has been externally set to restarting. Terminating instance.
[2026-03-11T10:27:57.668+0000] {local_task_job_runner.py:222} INFO - ::endgroup::
[2026-03-11T10:27:57.676+0000] {process_utils.py:132} INFO - Sending 15 to group 3580. PIDs of all processes in the group: [3584, 3594, 3580]
[2026-03-11T10:27:57.677+0000] {process_utils.py:87} INFO - Sending the signal 15 to group 3580
[2026-03-11T10:27:57.679+0000] {taskinstance.py:2607} ERROR - Received SIGTERM. Terminating subprocesses.
[2026-03-11T10:27:57.682+0000] {subprocess.py:104} INFO - Sending SIGTERM signal to process group
[2026-03-11T10:27:57.686+0000] {taskinstance.py:441} INFO - ::group::Post task execution logs
[2026-03-11T10:27:57.790+0000] {taskinstance.py:2890} ERROR - Task failed with exception
Traceback (most recent call last):
  File "/home/airflow/.local/lib/python3.12/site-packages/airflow/models/taskinstance.py", line 465, in _execute_task
    result = _execute_callable(context=context, **execute_callable_kwargs)
             ^^^^^^^^^^^^^^^^^^^^^^^^^^^^^^^^^^^^^^^^^^^^^^^^^^^^^^^^^^^^^
  File "/home/airflow/.local/lib/python3.12/site-packages/airflow/models/taskinstance.py", line 432, in _execute_callable
    return execute_callable(context=context, **execute_callable_kwargs)
           ^^^^^^^^^^^^^^^^^^^^^^^^^^^^^^^^^^^^^^^^^^^^^^^^^^^^^^^^^^^^
  File "/home/airflow/.local/lib/python3.12/site-packages/airflow/models/baseoperator.py", line 400, in wrapper
    return func(self, *args, **kwargs)
           ^^^^^^^^^^^^^^^^^^^^^^^^^^^
  File "/home/airflow/.local/lib/python3.12/site-packages/airflow/operators/bash.py", line 234, in execute
    result = self.subprocess_hook.run_command(
             ^^^^^^^^^^^^^^^^^^^^^^^^^^^^^^^^^
  File "/home/airflow/.local/lib/python3.12/site-packages/airflow/hooks/subprocess.py", line 91, in run_command
    for raw_line in iter(self.sub_process.stdout.readline, b""):
  File "/home/airflow/.local/lib/python3.12/site-packages/airflow/models/taskinstance.py", line 2609, in signal_handler
    raise AirflowTaskTerminated("Task received SIGTERM signal")
airflow.exceptions.AirflowTaskTerminated: Task received SIGTERM signal
[2026-03-11T10:27:57.817+0000] {taskinstance.py:1205} INFO - Marking task as UP_FOR_RETRY. dag_id=daily_etl_pipeline, task_id=ingest_data, execution_date=20260311T102701, start_date=20260311T102705, end_date=20260311T102757
[2026-03-11T10:27:57.941+0000] {process_utils.py:80} INFO - Process psutil.Process(pid=3584, status='terminated', started='10:27:07') (3584) terminated with exit code None
[2026-03-11T10:27:57.943+0000] {process_utils.py:80} INFO - Process psutil.Process(pid=3580, status='terminated', exitcode=2, started='10:27:05') (3580) terminated with exit code 2
[2026-03-11T10:27:58.910+0000] {process_utils.py:80} INFO - Process psutil.Process(pid=3594, status='terminated', started='10:27:10') (3594) terminated with exit code None
