[2026-03-11T10:54:39.532+0000] {local_task_job_runner.py:120} INFO - ::group::Pre task execution logs
[2026-03-11T10:54:39.587+0000] {taskinstance.py:2073} INFO - Dependencies all met for dep_context=non-requeueable deps ti=<TaskInstance: daily_etl_pipeline.ingest_data manual__2026-03-11T10:54:37.391745+00:00 [queued]>
[2026-03-11T10:54:39.601+0000] {taskinstance.py:2073} INFO - Dependencies all met for dep_context=requeueable deps ti=<TaskInstance: daily_etl_pipeline.ingest_data manual__2026-03-11T10:54:37.391745+00:00 [queued]>
[2026-03-11T10:54:39.601+0000] {taskinstance.py:2303} INFO - Starting attempt 1 of 1
[2026-03-11T10:54:39.624+0000] {taskinstance.py:2327} INFO - Executing <Task(BashOperator): ingest_data> on 2026-03-11 10:54:37.391745+00:00
[2026-03-11T10:54:39.637+0000] {logging_mixin.py:188} WARNING - /home/airflow/.local/lib/python3.12/site-packages/airflow/task/task_runner/standard_task_runner.py:61 DeprecationWarning: This process (pid=5029) is multi-threaded, use of fork() may lead to deadlocks in the child.
[2026-03-11T10:54:39.639+0000] {standard_task_runner.py:63} INFO - Started process 5030 to run task
[2026-03-11T10:54:39.638+0000] {standard_task_runner.py:90} INFO - Running: ['airflow', 'tasks', 'run', 'daily_etl_pipeline', 'ingest_data', 'manual__2026-03-11T10:54:37.391745+00:00', '--job-id', '58', '--raw', '--subdir', 'DAGS_FOLDER/finance_etl_dag.py', '--cfg-path', '/tmp/tmpywmh5uj1']
[2026-03-11T10:54:39.641+0000] {standard_task_runner.py:91} INFO - Job 58: Subtask ingest_data
[2026-03-11T10:54:39.672+0000] {logging_mixin.py:188} WARNING - /home/airflow/.local/lib/python3.12/site-packages/airflow/settings.py:195 DeprecationWarning: The sql_alchemy_conn option in [core] has been moved to the sql_alchemy_conn option in [database] - the old setting has been used, but please update your config.
[2026-03-11T10:54:39.741+0000] {task_command.py:426} INFO - Running <TaskInstance: daily_etl_pipeline.ingest_data manual__2026-03-11T10:54:37.391745+00:00 [running]> on host 662adb583b47
[2026-03-11T10:54:39.921+0000] {taskinstance.py:2644} INFO - Exporting env vars: AIRFLOW_CTX_DAG_OWNER='airflow' AIRFLOW_CTX_DAG_ID='daily_etl_pipeline' AIRFLOW_CTX_TASK_ID='ingest_data' AIRFLOW_CTX_EXECUTION_DATE='2026-03-11T10:54:37.391745+00:00' AIRFLOW_CTX_TRY_NUMBER='1' AIRFLOW_CTX_DAG_RUN_ID='manual__2026-03-11T10:54:37.391745+00:00'
[2026-03-11T10:54:39.922+0000] {taskinstance.py:430} INFO - ::endgroup::
[2026-03-11T10:54:39.947+0000] {subprocess.py:63} INFO - Tmp dir root location: /tmp
[2026-03-11T10:54:39.949+0000] {subprocess.py:75} INFO - Running command: ['/usr/bin/bash', '-c', ' python /opt/airflow/spark_jobs/ingest_data.py']
[2026-03-11T10:54:39.961+0000] {subprocess.py:86} INFO - Output:
[2026-03-11T10:54:42.016+0000] {subprocess.py:93} INFO - 2026-03-11 10:54:42,016 | INFO | Starting Load: Creating curated layer incrementally...
[2026-03-11T10:54:46.853+0000] {subprocess.py:93} INFO - :: loading settings :: url = jar:file:/home/airflow/.local/lib/python3.12/site-packages/pyspark/jars/ivy-2.5.1.jar!/org/apache/ivy/core/settings/ivysettings.xml
[2026-03-11T10:54:47.018+0000] {subprocess.py:93} INFO - Ivy Default Cache set to: /home/airflow/.ivy2/cache
[2026-03-11T10:54:47.019+0000] {subprocess.py:93} INFO - The jars for the packages stored in: /home/airflow/.ivy2/jars
[2026-03-11T10:54:47.031+0000] {subprocess.py:93} INFO - org.postgresql#postgresql added as a dependency
[2026-03-11T10:54:47.037+0000] {subprocess.py:93} INFO - :: resolving dependencies :: org.apache.spark#spark-submit-parent-3f870ff2-f601-4689-a4d5-f0045e9df867;1.0
[2026-03-11T10:54:47.038+0000] {subprocess.py:93} INFO - 	confs: [default]
[2026-03-11T10:54:47.354+0000] {subprocess.py:93} INFO - 	found org.postgresql#postgresql;42.6.0 in central
[2026-03-11T10:54:47.469+0000] {subprocess.py:93} INFO - 	found org.checkerframework#checker-qual;3.31.0 in central
[2026-03-11T10:54:47.562+0000] {subprocess.py:93} INFO - :: resolution report :: resolve 501ms :: artifacts dl 22ms
[2026-03-11T10:54:47.564+0000] {subprocess.py:93} INFO - 	:: modules in use:
[2026-03-11T10:54:47.565+0000] {subprocess.py:93} INFO - 	org.checkerframework#checker-qual;3.31.0 from central in [default]
[2026-03-11T10:54:47.571+0000] {subprocess.py:93} INFO - 	org.postgresql#postgresql;42.6.0 from central in [default]
[2026-03-11T10:54:47.572+0000] {subprocess.py:93} INFO - 	---------------------------------------------------------------------
[2026-03-11T10:54:47.573+0000] {subprocess.py:93} INFO - 	|                  |            modules            ||   artifacts   |
[2026-03-11T10:54:47.574+0000] {subprocess.py:93} INFO - 	|       conf       | number| search|dwnlded|evicted|| number|dwnlded|
[2026-03-11T10:54:47.575+0000] {subprocess.py:93} INFO - 	---------------------------------------------------------------------
[2026-03-11T10:54:47.577+0000] {subprocess.py:93} INFO - 	|      default     |   2   |   0   |   0   |   0   ||   2   |   0   |
[2026-03-11T10:54:47.578+0000] {subprocess.py:93} INFO - 	---------------------------------------------------------------------
[2026-03-11T10:54:47.578+0000] {subprocess.py:93} INFO - :: retrieving :: org.apache.spark#spark-submit-parent-3f870ff2-f601-4689-a4d5-f0045e9df867
[2026-03-11T10:54:47.579+0000] {subprocess.py:93} INFO - 	confs: [default]
[2026-03-11T10:54:47.598+0000] {subprocess.py:93} INFO - 	0 artifacts copied, 2 already retrieved (0kB/17ms)
[2026-03-11T10:54:48.349+0000] {subprocess.py:93} INFO - 26/03/11 10:54:48 WARN NativeCodeLoader: Unable to load native-hadoop library for your platform... using builtin-java classes where applicable
[2026-03-11T10:54:49.484+0000] {subprocess.py:93} INFO - Setting default log level to "WARN".
[2026-03-11T10:54:49.485+0000] {subprocess.py:93} INFO - To adjust logging level use sc.setLogLevel(newLevel). For SparkR, use setLogLevel(newLevel).
[2026-03-11T10:55:01.887+0000] {subprocess.py:93} INFO - [Stage 0:>                                                          (0 + 1) / 1][Stage 0:===========================================================(1 + 0) / 1]                                                                                2026-03-11 10:55:01,887 | INFO | Processed records count: 0
[2026-03-11T10:55:01.888+0000] {subprocess.py:93} INFO - 2026-03-11 10:55:01,887 | WARNING | No records found in processed data!
[2026-03-11T10:55:02.091+0000] {subprocess.py:93} INFO - 2026-03-11 10:55:02,086 | INFO | Closing down clientserver connection
[2026-03-11T10:55:02.645+0000] {subprocess.py:97} INFO - Command exited with return code 0
[2026-03-11T10:55:02.646+0000] {taskinstance.py:441} INFO - ::group::Post task execution logs
[2026-03-11T10:55:02.695+0000] {taskinstance.py:1205} INFO - Marking task as SUCCESS. dag_id=daily_etl_pipeline, task_id=ingest_data, execution_date=20260311T105437, start_date=20260311T105439, end_date=20260311T105502
[2026-03-11T10:55:02.752+0000] {local_task_job_runner.py:240} INFO - Task exited with return code 0
[2026-03-11T10:55:02.787+0000] {taskinstance.py:3482} INFO - 1 downstream tasks scheduled from follow-on schedule check
[2026-03-11T10:55:02.789+0000] {local_task_job_runner.py:222} INFO - ::endgroup::
