[2026-03-11T08:39:52.889+0000] {local_task_job_runner.py:120} INFO - ::group::Pre task execution logs
[2026-03-11T08:39:52.941+0000] {taskinstance.py:2073} INFO - Dependencies all met for dep_context=non-requeueable deps ti=<TaskInstance: daily_etl_pipeline.ingest_data manual__2026-03-11T08:39:50.751001+00:00 [queued]>
[2026-03-11T08:39:52.956+0000] {taskinstance.py:2073} INFO - Dependencies all met for dep_context=requeueable deps ti=<TaskInstance: daily_etl_pipeline.ingest_data manual__2026-03-11T08:39:50.751001+00:00 [queued]>
[2026-03-11T08:39:52.956+0000] {taskinstance.py:2303} INFO - Starting attempt 1 of 1
[2026-03-11T08:39:52.974+0000] {taskinstance.py:2327} INFO - Executing <Task(BashOperator): ingest_data> on 2026-03-11 08:39:50.751001+00:00
[2026-03-11T08:39:52.990+0000] {logging_mixin.py:188} WARNING - /home/airflow/.local/lib/python3.12/site-packages/airflow/task/task_runner/standard_task_runner.py:61 DeprecationWarning: This process (pid=167) is multi-threaded, use of fork() may lead to deadlocks in the child.
[2026-03-11T08:39:52.992+0000] {standard_task_runner.py:63} INFO - Started process 168 to run task
[2026-03-11T08:39:52.989+0000] {standard_task_runner.py:90} INFO - Running: ['airflow', 'tasks', 'run', 'daily_etl_pipeline', 'ingest_data', 'manual__2026-03-11T08:39:50.751001+00:00', '--job-id', '23', '--raw', '--subdir', 'DAGS_FOLDER/finance_etl_dag.py', '--cfg-path', '/tmp/tmp6m5do60r']
[2026-03-11T08:39:52.993+0000] {standard_task_runner.py:91} INFO - Job 23: Subtask ingest_data
[2026-03-11T08:39:53.027+0000] {logging_mixin.py:188} WARNING - /home/airflow/.local/lib/python3.12/site-packages/airflow/settings.py:195 DeprecationWarning: The sql_alchemy_conn option in [core] has been moved to the sql_alchemy_conn option in [database] - the old setting has been used, but please update your config.
[2026-03-11T08:39:53.120+0000] {task_command.py:426} INFO - Running <TaskInstance: daily_etl_pipeline.ingest_data manual__2026-03-11T08:39:50.751001+00:00 [running]> on host 1a9ed0cd75e4
[2026-03-11T08:39:53.351+0000] {taskinstance.py:2644} INFO - Exporting env vars: AIRFLOW_CTX_DAG_OWNER='airflow' AIRFLOW_CTX_DAG_ID='daily_etl_pipeline' AIRFLOW_CTX_TASK_ID='ingest_data' AIRFLOW_CTX_EXECUTION_DATE='2026-03-11T08:39:50.751001+00:00' AIRFLOW_CTX_TRY_NUMBER='1' AIRFLOW_CTX_DAG_RUN_ID='manual__2026-03-11T08:39:50.751001+00:00'
[2026-03-11T08:39:53.352+0000] {taskinstance.py:430} INFO - ::endgroup::
[2026-03-11T08:39:53.379+0000] {subprocess.py:63} INFO - Tmp dir root location: /tmp
[2026-03-11T08:39:53.380+0000] {subprocess.py:75} INFO - Running command: ['/usr/bin/bash', '-c', ' python /opt/airflow/spark_jobs/ingest_data.py']
[2026-03-11T08:39:53.392+0000] {subprocess.py:86} INFO - Output:
[2026-03-11T08:39:54.372+0000] {subprocess.py:93} INFO - 2026-03-11 08:39:54,372 | INFO | Starting ingestion...
[2026-03-11T08:39:57.799+0000] {subprocess.py:93} INFO - Setting default log level to "WARN".
[2026-03-11T08:39:57.800+0000] {subprocess.py:93} INFO - To adjust logging level use sc.setLogLevel(newLevel). For SparkR, use setLogLevel(newLevel).
[2026-03-11T08:39:58.200+0000] {subprocess.py:93} INFO - 26/03/11 08:39:58 WARN NativeCodeLoader: Unable to load native-hadoop library for your platform... using builtin-java classes where applicable
[2026-03-11T08:40:00.968+0000] {subprocess.py:93} INFO - 2026-03-11 08:40:00,968 | INFO | Reading CSV from ./data_lake/raw/transaction_data.csv
[2026-03-11T08:40:03.036+0000] {subprocess.py:93} INFO - Traceback (most recent call last):
[2026-03-11T08:40:03.036+0000] {subprocess.py:93} INFO -   File "/opt/airflow/spark_jobs/ingest_data.py", line 62, in <module>
[2026-03-11T08:40:03.037+0000] {subprocess.py:93} INFO -     ingest()
[2026-03-11T08:40:03.037+0000] {subprocess.py:93} INFO -   File "/opt/airflow/spark_jobs/ingest_data.py", line 39, in ingest
[2026-03-11T08:40:03.037+0000] {subprocess.py:93} INFO -     df = spark.read.csv(
[2026-03-11T08:40:03.037+0000] {subprocess.py:93} INFO -          ^^^^^^^^^^^^^^^
[2026-03-11T08:40:03.038+0000] {subprocess.py:93} INFO -   File "/home/airflow/.local/lib/python3.12/site-packages/pyspark/sql/readwriter.py", line 740, in csv
[2026-03-11T08:40:03.038+0000] {subprocess.py:93} INFO -     return self._df(self._jreader.csv(self._spark._sc._jvm.PythonUtils.toSeq(path)))
[2026-03-11T08:40:03.038+0000] {subprocess.py:93} INFO -                     ^^^^^^^^^^^^^^^^^^^^^^^^^^^^^^^^^^^^^^^^^^^^^^^^^^^^^^^^^^^^^^^
[2026-03-11T08:40:03.039+0000] {subprocess.py:93} INFO -   File "/home/airflow/.local/lib/python3.12/site-packages/py4j/java_gateway.py", line 1322, in __call__
[2026-03-11T08:40:03.040+0000] {subprocess.py:93} INFO -     return_value = get_return_value(
[2026-03-11T08:40:03.040+0000] {subprocess.py:93} INFO -                    ^^^^^^^^^^^^^^^^^
[2026-03-11T08:40:03.042+0000] {subprocess.py:93} INFO -   File "/home/airflow/.local/lib/python3.12/site-packages/pyspark/errors/exceptions/captured.py", line 185, in deco
[2026-03-11T08:40:03.042+0000] {subprocess.py:93} INFO -     raise converted from None
[2026-03-11T08:40:03.051+0000] {subprocess.py:93} INFO - pyspark.errors.exceptions.captured.AnalysisException: [PATH_NOT_FOUND] Path does not exist: file:/tmp/airflowtmp39vwv2jp/data_lake/raw/transaction_data.csv.
[2026-03-11T08:40:03.052+0000] {subprocess.py:93} INFO - 2026-03-11 08:40:03,051 | INFO | Closing down clientserver connection
[2026-03-11T08:40:03.645+0000] {subprocess.py:97} INFO - Command exited with return code 1
[2026-03-11T08:40:03.647+0000] {taskinstance.py:441} INFO - ::group::Post task execution logs
[2026-03-11T08:40:03.667+0000] {taskinstance.py:2890} ERROR - Task failed with exception
Traceback (most recent call last):
  File "/home/airflow/.local/lib/python3.12/site-packages/airflow/models/taskinstance.py", line 465, in _execute_task
    result = _execute_callable(context=context, **execute_callable_kwargs)
             ^^^^^^^^^^^^^^^^^^^^^^^^^^^^^^^^^^^^^^^^^^^^^^^^^^^^^^^^^^^^^
  File "/home/airflow/.local/lib/python3.12/site-packages/airflow/models/taskinstance.py", line 432, in _execute_callable
    return execute_callable(context=context, **execute_callable_kwargs)
           ^^^^^^^^^^^^^^^^^^^^^^^^^^^^^^^^^^^^^^^^^^^^^^^^^^^^^^^^^^^^
  File "/home/airflow/.local/lib/python3.12/site-packages/airflow/models/baseoperator.py", line 400, in wrapper
    return func(self, *args, **kwargs)
           ^^^^^^^^^^^^^^^^^^^^^^^^^^^
  File "/home/airflow/.local/lib/python3.12/site-packages/airflow/operators/bash.py", line 243, in execute
    raise AirflowException(
airflow.exceptions.AirflowException: Bash command failed. The command returned a non-zero exit code 1.
[2026-03-11T08:40:03.676+0000] {taskinstance.py:1205} INFO - Marking task as FAILED. dag_id=daily_etl_pipeline, task_id=ingest_data, execution_date=20260311T083950, start_date=20260311T083952, end_date=20260311T084003
[2026-03-11T08:40:03.695+0000] {standard_task_runner.py:110} ERROR - Failed to execute job 23 for task ingest_data (Bash command failed. The command returned a non-zero exit code 1.; 168)
[2026-03-11T08:40:03.733+0000] {local_task_job_runner.py:240} INFO - Task exited with return code 1
[2026-03-11T08:40:03.769+0000] {taskinstance.py:3482} INFO - 0 downstream tasks scheduled from follow-on schedule check
[2026-03-11T08:40:03.776+0000] {local_task_job_runner.py:222} INFO - ::endgroup::
