[2026-03-12T07:52:58.177+0000] {local_task_job_runner.py:120} INFO - ::group::Pre task execution logs
[2026-03-12T07:52:58.426+0000] {taskinstance.py:2073} INFO - Dependencies all met for dep_context=non-requeueable deps ti=<TaskInstance: daily_etl_pipeline.ingest_data manual__2026-03-12T07:52:53.271162+00:00 [queued]>
[2026-03-12T07:52:58.483+0000] {taskinstance.py:2073} INFO - Dependencies all met for dep_context=requeueable deps ti=<TaskInstance: daily_etl_pipeline.ingest_data manual__2026-03-12T07:52:53.271162+00:00 [queued]>
[2026-03-12T07:52:58.484+0000] {taskinstance.py:2303} INFO - Starting attempt 1 of 1
[2026-03-12T07:52:58.598+0000] {taskinstance.py:2327} INFO - Executing <Task(BashOperator): ingest_data> on 2026-03-12 07:52:53.271162+00:00
[2026-03-12T07:52:58.649+0000] {logging_mixin.py:188} WARNING - /home/airflow/.local/lib/python3.12/site-packages/airflow/task/task_runner/standard_task_runner.py:61 DeprecationWarning: This process (pid=755) is multi-threaded, use of fork() may lead to deadlocks in the child.
[2026-03-12T07:52:58.665+0000] {standard_task_runner.py:63} INFO - Started process 756 to run task
[2026-03-12T07:52:58.650+0000] {standard_task_runner.py:90} INFO - Running: ['airflow', 'tasks', 'run', 'daily_etl_pipeline', 'ingest_data', 'manual__2026-03-12T07:52:53.271162+00:00', '--job-id', '111', '--raw', '--subdir', 'DAGS_FOLDER/finance_etl_dag.py', '--cfg-path', '/tmp/tmphk4jryxn']
[2026-03-12T07:52:58.669+0000] {standard_task_runner.py:91} INFO - Job 111: Subtask ingest_data
[2026-03-12T07:52:58.787+0000] {logging_mixin.py:188} WARNING - /home/airflow/.local/lib/python3.12/site-packages/airflow/settings.py:195 DeprecationWarning: The sql_alchemy_conn option in [core] has been moved to the sql_alchemy_conn option in [database] - the old setting has been used, but please update your config.
[2026-03-12T07:52:58.962+0000] {task_command.py:426} INFO - Running <TaskInstance: daily_etl_pipeline.ingest_data manual__2026-03-12T07:52:53.271162+00:00 [running]> on host 8d060d40942f
[2026-03-12T07:52:59.413+0000] {taskinstance.py:2644} INFO - Exporting env vars: AIRFLOW_CTX_DAG_OWNER='airflow' AIRFLOW_CTX_DAG_ID='daily_etl_pipeline' AIRFLOW_CTX_TASK_ID='ingest_data' AIRFLOW_CTX_EXECUTION_DATE='2026-03-12T07:52:53.271162+00:00' AIRFLOW_CTX_TRY_NUMBER='1' AIRFLOW_CTX_DAG_RUN_ID='manual__2026-03-12T07:52:53.271162+00:00'
[2026-03-12T07:52:59.415+0000] {taskinstance.py:430} INFO - ::endgroup::
[2026-03-12T07:52:59.470+0000] {subprocess.py:63} INFO - Tmp dir root location: /tmp
[2026-03-12T07:52:59.481+0000] {subprocess.py:75} INFO - Running command: ['/usr/bin/bash', '-c', ' python /opt/airflow/spark_jobs/ingest_data.py']
[2026-03-12T07:52:59.518+0000] {subprocess.py:86} INFO - Output:
[2026-03-12T07:53:01.614+0000] {subprocess.py:93} INFO - 2026-03-12 07:53:01,614 | INFO | Starting ingestion process...
[2026-03-12T07:53:07.857+0000] {subprocess.py:93} INFO - Setting default log level to "WARN".
[2026-03-12T07:53:07.859+0000] {subprocess.py:93} INFO - To adjust logging level use sc.setLogLevel(newLevel). For SparkR, use setLogLevel(newLevel).
[2026-03-12T07:53:08.662+0000] {subprocess.py:93} INFO - 26/03/12 07:53:08 WARN NativeCodeLoader: Unable to load native-hadoop library for your platform... using builtin-java classes where applicable
[2026-03-12T07:53:11.699+0000] {subprocess.py:93} INFO - 2026-03-12 07:53:11,698 | ERROR | Source file not found: /opt/airflow/data_source/finance_transactions.csv
[2026-03-12T07:53:11.891+0000] {subprocess.py:93} INFO - 2026-03-12 07:53:11,891 | INFO | Closing down clientserver connection
[2026-03-12T07:53:12.425+0000] {subprocess.py:97} INFO - Command exited with return code 0
[2026-03-12T07:53:12.426+0000] {taskinstance.py:441} INFO - ::group::Post task execution logs
[2026-03-12T07:53:12.476+0000] {taskinstance.py:1205} INFO - Marking task as SUCCESS. dag_id=daily_etl_pipeline, task_id=ingest_data, execution_date=20260312T075253, start_date=20260312T075258, end_date=20260312T075312
[2026-03-12T07:53:12.509+0000] {local_task_job_runner.py:240} INFO - Task exited with return code 0
[2026-03-12T07:53:12.552+0000] {taskinstance.py:3482} INFO - 1 downstream tasks scheduled from follow-on schedule check
[2026-03-12T07:53:12.557+0000] {local_task_job_runner.py:222} INFO - ::endgroup::
