[2026-03-11T09:02:02.383+0000] {local_task_job_runner.py:120} INFO - ::group::Pre task execution logs
[2026-03-11T09:02:02.459+0000] {taskinstance.py:2073} INFO - Dependencies all met for dep_context=non-requeueable deps ti=<TaskInstance: daily_etl_pipeline.transform_data manual__2026-03-11T09:01:20.024636+00:00 [queued]>
[2026-03-11T09:02:02.474+0000] {taskinstance.py:2073} INFO - Dependencies all met for dep_context=requeueable deps ti=<TaskInstance: daily_etl_pipeline.transform_data manual__2026-03-11T09:01:20.024636+00:00 [queued]>
[2026-03-11T09:02:02.474+0000] {taskinstance.py:2303} INFO - Starting attempt 1 of 1
[2026-03-11T09:02:02.498+0000] {taskinstance.py:2327} INFO - Executing <Task(BashOperator): transform_data> on 2026-03-11 09:01:20.024636+00:00
[2026-03-11T09:02:02.511+0000] {logging_mixin.py:188} WARNING - /home/airflow/.local/lib/python3.12/site-packages/airflow/task/task_runner/standard_task_runner.py:61 DeprecationWarning: This process (pid=687) is multi-threaded, use of fork() may lead to deadlocks in the child.
[2026-03-11T09:02:02.512+0000] {standard_task_runner.py:63} INFO - Started process 690 to run task
[2026-03-11T09:02:02.511+0000] {standard_task_runner.py:90} INFO - Running: ['airflow', 'tasks', 'run', 'daily_etl_pipeline', 'transform_data', 'manual__2026-03-11T09:01:20.024636+00:00', '--job-id', '30', '--raw', '--subdir', 'DAGS_FOLDER/finance_etl_dag.py', '--cfg-path', '/tmp/tmp2uhwo8kd']
[2026-03-11T09:02:02.514+0000] {standard_task_runner.py:91} INFO - Job 30: Subtask transform_data
[2026-03-11T09:02:02.554+0000] {logging_mixin.py:188} WARNING - /home/airflow/.local/lib/python3.12/site-packages/airflow/settings.py:195 DeprecationWarning: The sql_alchemy_conn option in [core] has been moved to the sql_alchemy_conn option in [database] - the old setting has been used, but please update your config.
[2026-03-11T09:02:02.639+0000] {task_command.py:426} INFO - Running <TaskInstance: daily_etl_pipeline.transform_data manual__2026-03-11T09:01:20.024636+00:00 [running]> on host cac6f62d160b
[2026-03-11T09:02:02.810+0000] {taskinstance.py:2644} INFO - Exporting env vars: AIRFLOW_CTX_DAG_OWNER='airflow' AIRFLOW_CTX_DAG_ID='daily_etl_pipeline' AIRFLOW_CTX_TASK_ID='transform_data' AIRFLOW_CTX_EXECUTION_DATE='2026-03-11T09:01:20.024636+00:00' AIRFLOW_CTX_TRY_NUMBER='1' AIRFLOW_CTX_DAG_RUN_ID='manual__2026-03-11T09:01:20.024636+00:00'
[2026-03-11T09:02:02.811+0000] {taskinstance.py:430} INFO - ::endgroup::
[2026-03-11T09:02:02.838+0000] {subprocess.py:63} INFO - Tmp dir root location: /tmp
[2026-03-11T09:02:02.840+0000] {subprocess.py:75} INFO - Running command: ['/usr/bin/bash', '-c', 'python /opt/airflow/spark_jobs/transform_data.py']
[2026-03-11T09:02:02.855+0000] {subprocess.py:86} INFO - Output:
[2026-03-11T09:02:04.111+0000] {subprocess.py:93} INFO - 2026-03-11 09:02:04,110 | INFO | Starting transformation...
[2026-03-11T09:02:09.610+0000] {subprocess.py:93} INFO - Setting default log level to "WARN".
[2026-03-11T09:02:09.611+0000] {subprocess.py:93} INFO - To adjust logging level use sc.setLogLevel(newLevel). For SparkR, use setLogLevel(newLevel).
[2026-03-11T09:02:10.027+0000] {subprocess.py:93} INFO - 26/03/11 09:02:10 WARN NativeCodeLoader: Unable to load native-hadoop library for your platform... using builtin-java classes where applicable
[2026-03-11T09:02:12.960+0000] {subprocess.py:93} INFO - 2026-03-11 09:02:12,959 | INFO | Reading raw parquet from /home/waleed/my-etl-pipeline/finance-data-pipeline/data_lake/raw/transaction_data.parquet...
[2026-03-11T09:02:15.124+0000] {subprocess.py:93} INFO - Traceback (most recent call last):
[2026-03-11T09:02:15.125+0000] {subprocess.py:93} INFO -   File "/opt/airflow/spark_jobs/transform_data.py", line 81, in <module>
[2026-03-11T09:02:15.126+0000] {subprocess.py:93} INFO -     transform()
[2026-03-11T09:02:15.126+0000] {subprocess.py:93} INFO -   File "/opt/airflow/spark_jobs/transform_data.py", line 35, in transform
[2026-03-11T09:02:15.127+0000] {subprocess.py:93} INFO -     df = spark.read.parquet(RAW_PARQUET)
[2026-03-11T09:02:15.128+0000] {subprocess.py:93} INFO -          ^^^^^^^^^^^^^^^^^^^^^^^^^^^^^^^
[2026-03-11T09:02:15.129+0000] {subprocess.py:93} INFO -   File "/home/airflow/.local/lib/python3.12/site-packages/pyspark/sql/readwriter.py", line 544, in parquet
[2026-03-11T09:02:15.130+0000] {subprocess.py:93} INFO -     return self._df(self._jreader.parquet(_to_seq(self._spark._sc, paths)))
[2026-03-11T09:02:15.130+0000] {subprocess.py:93} INFO -                     ^^^^^^^^^^^^^^^^^^^^^^^^^^^^^^^^^^^^^^^^^^^^^^^^^^^^^^
[2026-03-11T09:02:15.131+0000] {subprocess.py:93} INFO -   File "/home/airflow/.local/lib/python3.12/site-packages/py4j/java_gateway.py", line 1322, in __call__
[2026-03-11T09:02:15.131+0000] {subprocess.py:93} INFO -     return_value = get_return_value(
[2026-03-11T09:02:15.132+0000] {subprocess.py:93} INFO -                    ^^^^^^^^^^^^^^^^^
[2026-03-11T09:02:15.136+0000] {subprocess.py:93} INFO -   File "/home/airflow/.local/lib/python3.12/site-packages/pyspark/errors/exceptions/captured.py", line 185, in deco
[2026-03-11T09:02:15.138+0000] {subprocess.py:93} INFO -     raise converted from None
[2026-03-11T09:02:15.161+0000] {subprocess.py:93} INFO - pyspark.errors.exceptions.captured.AnalysisException: [PATH_NOT_FOUND] Path does not exist: file:/home/waleed/my-etl-pipeline/finance-data-pipeline/data_lake/raw/transaction_data.parquet.
[2026-03-11T09:02:15.162+0000] {subprocess.py:93} INFO - 2026-03-11 09:02:15,156 | INFO | Closing down clientserver connection
[2026-03-11T09:02:16.044+0000] {subprocess.py:97} INFO - Command exited with return code 1
[2026-03-11T09:02:16.046+0000] {taskinstance.py:441} INFO - ::group::Post task execution logs
[2026-03-11T09:02:16.071+0000] {taskinstance.py:2890} ERROR - Task failed with exception
Traceback (most recent call last):
  File "/home/airflow/.local/lib/python3.12/site-packages/airflow/models/taskinstance.py", line 465, in _execute_task
    result = _execute_callable(context=context, **execute_callable_kwargs)
             ^^^^^^^^^^^^^^^^^^^^^^^^^^^^^^^^^^^^^^^^^^^^^^^^^^^^^^^^^^^^^
  File "/home/airflow/.local/lib/python3.12/site-packages/airflow/models/taskinstance.py", line 432, in _execute_callable
    return execute_callable(context=context, **execute_callable_kwargs)
           ^^^^^^^^^^^^^^^^^^^^^^^^^^^^^^^^^^^^^^^^^^^^^^^^^^^^^^^^^^^^
  File "/home/airflow/.local/lib/python3.12/site-packages/airflow/models/baseoperator.py", line 400, in wrapper
    return func(self, *args, **kwargs)
           ^^^^^^^^^^^^^^^^^^^^^^^^^^^
  File "/home/airflow/.local/lib/python3.12/site-packages/airflow/operators/bash.py", line 243, in execute
    raise AirflowException(
airflow.exceptions.AirflowException: Bash command failed. The command returned a non-zero exit code 1.
[2026-03-11T09:02:16.079+0000] {taskinstance.py:1205} INFO - Marking task as FAILED. dag_id=daily_etl_pipeline, task_id=transform_data, execution_date=20260311T090120, start_date=20260311T090202, end_date=20260311T090216
[2026-03-11T09:02:16.101+0000] {standard_task_runner.py:110} ERROR - Failed to execute job 30 for task transform_data (Bash command failed. The command returned a non-zero exit code 1.; 690)
[2026-03-11T09:02:16.144+0000] {local_task_job_runner.py:240} INFO - Task exited with return code 1
[2026-03-11T09:02:16.230+0000] {taskinstance.py:3482} INFO - 0 downstream tasks scheduled from follow-on schedule check
[2026-03-11T09:02:16.240+0000] {local_task_job_runner.py:222} INFO - ::endgroup::
