[2026-03-10T12:21:45.124+0000] {local_task_job_runner.py:120} INFO - ::group::Pre task execution logs
[2026-03-10T12:21:45.171+0000] {taskinstance.py:2073} INFO - Dependencies all met for dep_context=non-requeueable deps ti=<TaskInstance: daily_etl_pipeline.ingest_data manual__2026-03-10T12:21:43.362857+00:00 [queued]>
[2026-03-10T12:21:45.183+0000] {taskinstance.py:2073} INFO - Dependencies all met for dep_context=requeueable deps ti=<TaskInstance: daily_etl_pipeline.ingest_data manual__2026-03-10T12:21:43.362857+00:00 [queued]>
[2026-03-10T12:21:45.183+0000] {taskinstance.py:2303} INFO - Starting attempt 1 of 1
[2026-03-10T12:21:45.200+0000] {taskinstance.py:2327} INFO - Executing <Task(BashOperator): ingest_data> on 2026-03-10 12:21:43.362857+00:00
[2026-03-10T12:21:45.211+0000] {logging_mixin.py:188} WARNING - /home/airflow/.local/lib/python3.12/site-packages/airflow/task/task_runner/standard_task_runner.py:61 DeprecationWarning: This process (pid=174) is multi-threaded, use of fork() may lead to deadlocks in the child.
[2026-03-10T12:21:45.213+0000] {standard_task_runner.py:63} INFO - Started process 175 to run task
[2026-03-10T12:21:45.211+0000] {standard_task_runner.py:90} INFO - Running: ['airflow', 'tasks', 'run', 'daily_etl_pipeline', 'ingest_data', 'manual__2026-03-10T12:21:43.362857+00:00', '--job-id', '13', '--raw', '--subdir', 'DAGS_FOLDER/finance_etl_dag.py', '--cfg-path', '/tmp/tmpsskj588s']
[2026-03-10T12:21:45.214+0000] {standard_task_runner.py:91} INFO - Job 13: Subtask ingest_data
[2026-03-10T12:21:45.241+0000] {logging_mixin.py:188} WARNING - /home/airflow/.local/lib/python3.12/site-packages/airflow/settings.py:195 DeprecationWarning: The sql_alchemy_conn option in [core] has been moved to the sql_alchemy_conn option in [database] - the old setting has been used, but please update your config.
[2026-03-10T12:21:45.303+0000] {task_command.py:426} INFO - Running <TaskInstance: daily_etl_pipeline.ingest_data manual__2026-03-10T12:21:43.362857+00:00 [running]> on host 8fdc1275e20f
[2026-03-10T12:21:45.486+0000] {taskinstance.py:2644} INFO - Exporting env vars: AIRFLOW_CTX_DAG_OWNER='airflow' AIRFLOW_CTX_DAG_ID='daily_etl_pipeline' AIRFLOW_CTX_TASK_ID='ingest_data' AIRFLOW_CTX_EXECUTION_DATE='2026-03-10T12:21:43.362857+00:00' AIRFLOW_CTX_TRY_NUMBER='1' AIRFLOW_CTX_DAG_RUN_ID='manual__2026-03-10T12:21:43.362857+00:00'
[2026-03-10T12:21:45.487+0000] {taskinstance.py:430} INFO - ::endgroup::
[2026-03-10T12:21:45.540+0000] {subprocess.py:63} INFO - Tmp dir root location: /tmp
[2026-03-10T12:21:45.542+0000] {subprocess.py:75} INFO - Running command: ['/usr/bin/bash', '-c', ' python /opt/airflow/spark_jobs/ingest_data.py']
[2026-03-10T12:21:45.551+0000] {subprocess.py:86} INFO - Output:
[2026-03-10T12:21:46.374+0000] {subprocess.py:93} INFO - 2026-03-10 12:21:46,374 | INFO | Starting ingestion...
[2026-03-10T12:21:46.414+0000] {subprocess.py:93} INFO - JAVA_HOME is not set
[2026-03-10T12:21:46.484+0000] {subprocess.py:93} INFO - Traceback (most recent call last):
[2026-03-10T12:21:46.485+0000] {subprocess.py:93} INFO -   File "/opt/airflow/spark_jobs/ingest_data.py", line 55, in <module>
[2026-03-10T12:21:46.485+0000] {subprocess.py:93} INFO -     ingest()
[2026-03-10T12:21:46.486+0000] {subprocess.py:93} INFO -   File "/opt/airflow/spark_jobs/ingest_data.py", line 31, in ingest
[2026-03-10T12:21:46.486+0000] {subprocess.py:93} INFO -     .getOrCreate()
[2026-03-10T12:21:46.486+0000] {subprocess.py:93} INFO -      ^^^^^^^^^^^^^
[2026-03-10T12:21:46.486+0000] {subprocess.py:93} INFO -   File "/home/airflow/.local/lib/python3.12/site-packages/pyspark/sql/session.py", line 557, in getOrCreate
[2026-03-10T12:21:46.486+0000] {subprocess.py:93} INFO -     sc = SparkContext.getOrCreate(sparkConf)
[2026-03-10T12:21:46.487+0000] {subprocess.py:93} INFO -          ^^^^^^^^^^^^^^^^^^^^^^^^^^^^^^^^^^^
[2026-03-10T12:21:46.487+0000] {subprocess.py:93} INFO -   File "/home/airflow/.local/lib/python3.12/site-packages/pyspark/core/context.py", line 542, in getOrCreate
[2026-03-10T12:21:46.487+0000] {subprocess.py:93} INFO -     SparkContext(conf=conf or SparkConf())
[2026-03-10T12:21:46.487+0000] {subprocess.py:93} INFO -   File "/home/airflow/.local/lib/python3.12/site-packages/pyspark/core/context.py", line 206, in __init__
[2026-03-10T12:21:46.488+0000] {subprocess.py:93} INFO -     SparkContext._ensure_initialized(self, gateway=gateway, conf=conf)
[2026-03-10T12:21:46.488+0000] {subprocess.py:93} INFO -   File "/home/airflow/.local/lib/python3.12/site-packages/pyspark/core/context.py", line 463, in _ensure_initialized
[2026-03-10T12:21:46.488+0000] {subprocess.py:93} INFO -     SparkContext._gateway = gateway or launch_gateway(conf)
[2026-03-10T12:21:46.488+0000] {subprocess.py:93} INFO -                                        ^^^^^^^^^^^^^^^^^^^^
[2026-03-10T12:21:46.488+0000] {subprocess.py:93} INFO -   File "/home/airflow/.local/lib/python3.12/site-packages/pyspark/java_gateway.py", line 111, in launch_gateway
[2026-03-10T12:21:46.489+0000] {subprocess.py:93} INFO -     raise PySparkRuntimeError(
[2026-03-10T12:21:46.489+0000] {subprocess.py:93} INFO - pyspark.errors.exceptions.base.PySparkRuntimeError: [JAVA_GATEWAY_EXITED] Java gateway process exited before sending its port number.
[2026-03-10T12:21:46.544+0000] {subprocess.py:97} INFO - Command exited with return code 1
[2026-03-10T12:21:46.544+0000] {taskinstance.py:441} INFO - ::group::Post task execution logs
[2026-03-10T12:21:46.561+0000] {taskinstance.py:2890} ERROR - Task failed with exception
Traceback (most recent call last):
  File "/home/airflow/.local/lib/python3.12/site-packages/airflow/models/taskinstance.py", line 465, in _execute_task
    result = _execute_callable(context=context, **execute_callable_kwargs)
             ^^^^^^^^^^^^^^^^^^^^^^^^^^^^^^^^^^^^^^^^^^^^^^^^^^^^^^^^^^^^^
  File "/home/airflow/.local/lib/python3.12/site-packages/airflow/models/taskinstance.py", line 432, in _execute_callable
    return execute_callable(context=context, **execute_callable_kwargs)
           ^^^^^^^^^^^^^^^^^^^^^^^^^^^^^^^^^^^^^^^^^^^^^^^^^^^^^^^^^^^^
  File "/home/airflow/.local/lib/python3.12/site-packages/airflow/models/baseoperator.py", line 400, in wrapper
    return func(self, *args, **kwargs)
           ^^^^^^^^^^^^^^^^^^^^^^^^^^^
  File "/home/airflow/.local/lib/python3.12/site-packages/airflow/operators/bash.py", line 243, in execute
    raise AirflowException(
airflow.exceptions.AirflowException: Bash command failed. The command returned a non-zero exit code 1.
[2026-03-10T12:21:46.566+0000] {taskinstance.py:1205} INFO - Marking task as FAILED. dag_id=daily_etl_pipeline, task_id=ingest_data, execution_date=20260310T122143, start_date=20260310T122145, end_date=20260310T122146
[2026-03-10T12:21:46.585+0000] {standard_task_runner.py:110} ERROR - Failed to execute job 13 for task ingest_data (Bash command failed. The command returned a non-zero exit code 1.; 175)
[2026-03-10T12:21:46.632+0000] {local_task_job_runner.py:240} INFO - Task exited with return code 1
[2026-03-10T12:21:46.662+0000] {taskinstance.py:3482} INFO - 0 downstream tasks scheduled from follow-on schedule check
[2026-03-10T12:21:46.666+0000] {local_task_job_runner.py:222} INFO - ::endgroup::
