[2026-03-11T15:38:28.997+0000] {local_task_job_runner.py:120} INFO - ::group::Pre task execution logs
[2026-03-11T15:38:29.242+0000] {taskinstance.py:2073} INFO - Dependencies all met for dep_context=non-requeueable deps ti=<TaskInstance: daily_etl_pipeline.load_data manual__2026-03-11T15:35:55.554890+00:00 [queued]>
[2026-03-11T15:38:29.302+0000] {taskinstance.py:2073} INFO - Dependencies all met for dep_context=requeueable deps ti=<TaskInstance: daily_etl_pipeline.load_data manual__2026-03-11T15:35:55.554890+00:00 [queued]>
[2026-03-11T15:38:29.307+0000] {taskinstance.py:2303} INFO - Starting attempt 1 of 1
[2026-03-11T15:38:29.380+0000] {taskinstance.py:2327} INFO - Executing <Task(BashOperator): load_data> on 2026-03-11 15:35:55.554890+00:00
[2026-03-11T15:38:29.439+0000] {logging_mixin.py:188} WARNING - /home/airflow/.local/lib/python3.12/site-packages/airflow/task/task_runner/standard_task_runner.py:61 DeprecationWarning: This process (pid=2039) is multi-threaded, use of fork() may lead to deadlocks in the child.
[2026-03-11T15:38:29.443+0000] {standard_task_runner.py:63} INFO - Started process 2040 to run task
[2026-03-11T15:38:29.439+0000] {standard_task_runner.py:90} INFO - Running: ['airflow', 'tasks', 'run', 'daily_etl_pipeline', 'load_data', 'manual__2026-03-11T15:35:55.554890+00:00', '--job-id', '90', '--raw', '--subdir', 'DAGS_FOLDER/finance_etl_dag.py', '--cfg-path', '/tmp/tmpu1nzpmk3']
[2026-03-11T15:38:29.456+0000] {standard_task_runner.py:91} INFO - Job 90: Subtask load_data
[2026-03-11T15:38:29.545+0000] {logging_mixin.py:188} WARNING - /home/airflow/.local/lib/python3.12/site-packages/airflow/settings.py:195 DeprecationWarning: The sql_alchemy_conn option in [core] has been moved to the sql_alchemy_conn option in [database] - the old setting has been used, but please update your config.
[2026-03-11T15:38:29.867+0000] {task_command.py:426} INFO - Running <TaskInstance: daily_etl_pipeline.load_data manual__2026-03-11T15:35:55.554890+00:00 [running]> on host 8d060d40942f
[2026-03-11T15:38:30.634+0000] {taskinstance.py:2644} INFO - Exporting env vars: AIRFLOW_CTX_DAG_OWNER='airflow' AIRFLOW_CTX_DAG_ID='daily_etl_pipeline' AIRFLOW_CTX_TASK_ID='load_data' AIRFLOW_CTX_EXECUTION_DATE='2026-03-11T15:35:55.554890+00:00' AIRFLOW_CTX_TRY_NUMBER='1' AIRFLOW_CTX_DAG_RUN_ID='manual__2026-03-11T15:35:55.554890+00:00'
[2026-03-11T15:38:30.636+0000] {taskinstance.py:430} INFO - ::endgroup::
[2026-03-11T15:38:30.717+0000] {subprocess.py:63} INFO - Tmp dir root location: /tmp
[2026-03-11T15:38:30.728+0000] {subprocess.py:75} INFO - Running command: ['/usr/bin/bash', '-c', 'python /opt/airflow/spark_jobs/load_data.py']
[2026-03-11T15:38:30.762+0000] {subprocess.py:86} INFO - Output:
[2026-03-11T15:38:37.224+0000] {subprocess.py:93} INFO - 2026-03-11 15:38:37,222 | INFO | Starting Load: Creating curated layer...
[2026-03-11T15:38:37.225+0000] {subprocess.py:93} INFO - 2026-03-11 15:38:37,224 | WARNING | Postgres not reachable, retry 1/5. Waiting 5s... Error: 'str' object has no attribute 'docker'
[2026-03-11T15:38:40.906+0000] {subprocess.py:93} INFO - 2026-03-11 15:38:40,905 | WARNING | Postgres not reachable, retry 2/5. Waiting 5s... Error: 'str' object has no attribute 'docker'
[2026-03-11T15:38:45.908+0000] {subprocess.py:93} INFO - 2026-03-11 15:38:45,907 | WARNING | Postgres not reachable, retry 3/5. Waiting 5s... Error: 'str' object has no attribute 'docker'
[2026-03-11T15:38:50.912+0000] {subprocess.py:93} INFO - 2026-03-11 15:38:50,911 | WARNING | Postgres not reachable, retry 4/5. Waiting 5s... Error: 'str' object has no attribute 'docker'
[2026-03-11T15:38:57.368+0000] {subprocess.py:93} INFO - 2026-03-11 15:38:57,368 | WARNING | Postgres not reachable, retry 5/5. Waiting 5s... Error: 'str' object has no attribute 'docker'
[2026-03-11T15:39:02.369+0000] {subprocess.py:93} INFO - 2026-03-11 15:39:02,369 | ERROR | Postgres is not reachable after multiple attempts. Exiting.
[2026-03-11T15:39:02.573+0000] {subprocess.py:97} INFO - Command exited with return code 0
[2026-03-11T15:39:02.576+0000] {taskinstance.py:441} INFO - ::group::Post task execution logs
[2026-03-11T15:39:02.672+0000] {taskinstance.py:1205} INFO - Marking task as SUCCESS. dag_id=daily_etl_pipeline, task_id=load_data, execution_date=20260311T153555, start_date=20260311T153829, end_date=20260311T153902
[2026-03-11T15:39:02.724+0000] {local_task_job_runner.py:240} INFO - Task exited with return code 0
[2026-03-11T15:39:02.762+0000] {taskinstance.py:3482} INFO - 0 downstream tasks scheduled from follow-on schedule check
[2026-03-11T15:39:02.765+0000] {local_task_job_runner.py:222} INFO - ::endgroup::
