[2026-03-11T10:18:44.540+0000] {local_task_job_runner.py:120} INFO - ::group::Pre task execution logs
[2026-03-11T10:18:44.615+0000] {taskinstance.py:2073} INFO - Dependencies all met for dep_context=non-requeueable deps ti=<TaskInstance: daily_etl_pipeline.transform_data manual__2026-03-11T10:17:47.443112+00:00 [queued]>
[2026-03-11T10:18:44.634+0000] {taskinstance.py:2073} INFO - Dependencies all met for dep_context=requeueable deps ti=<TaskInstance: daily_etl_pipeline.transform_data manual__2026-03-11T10:17:47.443112+00:00 [queued]>
[2026-03-11T10:18:44.635+0000] {taskinstance.py:2303} INFO - Starting attempt 1 of 1
[2026-03-11T10:18:44.672+0000] {taskinstance.py:2327} INFO - Executing <Task(BashOperator): transform_data> on 2026-03-11 10:17:47.443112+00:00
[2026-03-11T10:18:44.698+0000] {logging_mixin.py:188} WARNING - /home/airflow/.local/lib/python3.12/site-packages/airflow/task/task_runner/standard_task_runner.py:61 DeprecationWarning: This process (pid=2916) is multi-threaded, use of fork() may lead to deadlocks in the child.
[2026-03-11T10:18:44.700+0000] {standard_task_runner.py:63} INFO - Started process 2917 to run task
[2026-03-11T10:18:44.701+0000] {standard_task_runner.py:90} INFO - Running: ['airflow', 'tasks', 'run', 'daily_etl_pipeline', 'transform_data', 'manual__2026-03-11T10:17:47.443112+00:00', '--job-id', '52', '--raw', '--subdir', 'DAGS_FOLDER/finance_etl_dag.py', '--cfg-path', '/tmp/tmpc25qgwo6']
[2026-03-11T10:18:44.706+0000] {standard_task_runner.py:91} INFO - Job 52: Subtask transform_data
[2026-03-11T10:18:44.748+0000] {logging_mixin.py:188} WARNING - /home/airflow/.local/lib/python3.12/site-packages/airflow/settings.py:195 DeprecationWarning: The sql_alchemy_conn option in [core] has been moved to the sql_alchemy_conn option in [database] - the old setting has been used, but please update your config.
[2026-03-11T10:18:44.850+0000] {task_command.py:426} INFO - Running <TaskInstance: daily_etl_pipeline.transform_data manual__2026-03-11T10:17:47.443112+00:00 [running]> on host 662adb583b47
[2026-03-11T10:18:45.109+0000] {taskinstance.py:2644} INFO - Exporting env vars: AIRFLOW_CTX_DAG_OWNER='airflow' AIRFLOW_CTX_DAG_ID='daily_etl_pipeline' AIRFLOW_CTX_TASK_ID='transform_data' AIRFLOW_CTX_EXECUTION_DATE='2026-03-11T10:17:47.443112+00:00' AIRFLOW_CTX_TRY_NUMBER='1' AIRFLOW_CTX_DAG_RUN_ID='manual__2026-03-11T10:17:47.443112+00:00'
[2026-03-11T10:18:45.110+0000] {taskinstance.py:430} INFO - ::endgroup::
[2026-03-11T10:18:45.154+0000] {subprocess.py:63} INFO - Tmp dir root location: /tmp
[2026-03-11T10:18:45.157+0000] {subprocess.py:75} INFO - Running command: ['/usr/bin/bash', '-c', 'python /opt/airflow/spark_jobs/transform_data.py']
[2026-03-11T10:18:45.177+0000] {subprocess.py:86} INFO - Output:
[2026-03-11T10:18:47.060+0000] {subprocess.py:93} INFO - 2026-03-11 10:18:47,060 | INFO | Starting transformation...
[2026-03-11T10:18:51.060+0000] {subprocess.py:93} INFO - Setting default log level to "WARN".
[2026-03-11T10:18:51.060+0000] {subprocess.py:93} INFO - To adjust logging level use sc.setLogLevel(newLevel). For SparkR, use setLogLevel(newLevel).
[2026-03-11T10:18:51.789+0000] {subprocess.py:93} INFO - 26/03/11 10:18:51 WARN NativeCodeLoader: Unable to load native-hadoop library for your platform... using builtin-java classes where applicable
[2026-03-11T10:18:57.822+0000] {subprocess.py:93} INFO - 2026-03-11 10:18:57,820 | INFO | Reading raw parquet from /opt/airflow/data_lake/raw/transaction_data.parquet...
[2026-03-11T10:19:10.042+0000] {subprocess.py:93} INFO - [Stage 0:>                                                          (0 + 1) / 1]                                                                                [Stage 1:>                                                          (0 + 8) / 8]                                                                                2026-03-11 10:19:10,042 | INFO | Total raw records: 1000000
[2026-03-11T10:19:10.044+0000] {subprocess.py:93} INFO - 2026-03-11 10:19:10,042 | INFO | Cleaning and standardizing data...
[2026-03-11T10:19:10.442+0000] {subprocess.py:93} INFO - 2026-03-11 10:19:10,441 | INFO | Existing processed parquet found. Deduplicating new records...
[2026-03-11T10:19:12.193+0000] {subprocess.py:93} INFO - 2026-03-11 10:19:12,193 | INFO | New unique records to append: 1000000
[2026-03-11T10:19:12.195+0000] {subprocess.py:93} INFO - 2026-03-11 10:19:12,193 | INFO | Writing processed data to temp folder /opt/airflow/data_lake/processed/finance_processed.parquet_tmp_1773224352...
[2026-03-11T10:19:15.406+0000] {subprocess.py:93} INFO - [Stage 10:>                                                         (0 + 8) / 8]26/03/11 10:19:15 WARN MemoryManager: Total allocation exceeds 95.00% (1,020,054,720 bytes) of heap memory
[2026-03-11T10:19:15.410+0000] {subprocess.py:93} INFO - Scaling row group sizes to 95.00% for 8 writers
[2026-03-11T10:19:22.638+0000] {subprocess.py:93} INFO - [Stage 10:=======>                                                  (1 + 7) / 8][Stage 10:==============>                                           (2 + 6) / 8][Stage 10:====================================>                     (5 + 3) / 8][Stage 10:===========================================>              (6 + 2) / 8]                                                                                2026-03-11 10:19:22,638 | INFO | Deleting old processed parquet at /opt/airflow/data_lake/processed/finance_processed.parquet...
[2026-03-11T10:19:22.639+0000] {subprocess.py:93} INFO - 2026-03-11 10:19:22,639 | INFO | Processed data saved to /opt/airflow/data_lake/processed/finance_processed.parquet
[2026-03-11T10:19:22.872+0000] {subprocess.py:93} INFO - 2026-03-11 10:19:22,871 | INFO | Transformation completed successfully.
[2026-03-11T10:19:22.873+0000] {subprocess.py:93} INFO - 2026-03-11 10:19:22,872 | INFO | Closing down clientserver connection
[2026-03-11T10:19:23.732+0000] {subprocess.py:97} INFO - Command exited with return code 0
[2026-03-11T10:19:23.734+0000] {taskinstance.py:441} INFO - ::group::Post task execution logs
[2026-03-11T10:19:23.897+0000] {taskinstance.py:1205} INFO - Marking task as SUCCESS. dag_id=daily_etl_pipeline, task_id=transform_data, execution_date=20260311T101747, start_date=20260311T101844, end_date=20260311T101923
[2026-03-11T10:19:23.973+0000] {local_task_job_runner.py:240} INFO - Task exited with return code 0
[2026-03-11T10:19:24.053+0000] {taskinstance.py:3482} INFO - 1 downstream tasks scheduled from follow-on schedule check
[2026-03-11T10:19:24.057+0000] {local_task_job_runner.py:222} INFO - ::endgroup::
