[2026-03-11T10:30:32.928+0000] {local_task_job_runner.py:120} INFO - ::group::Pre task execution logs
[2026-03-11T10:30:33.001+0000] {taskinstance.py:2073} INFO - Dependencies all met for dep_context=non-requeueable deps ti=<TaskInstance: daily_etl_pipeline.load_data manual__2026-03-11T10:28:35.510402+00:00 [queued]>
[2026-03-11T10:30:33.020+0000] {taskinstance.py:2073} INFO - Dependencies all met for dep_context=requeueable deps ti=<TaskInstance: daily_etl_pipeline.load_data manual__2026-03-11T10:28:35.510402+00:00 [queued]>
[2026-03-11T10:30:33.021+0000] {taskinstance.py:2303} INFO - Starting attempt 1 of 1
[2026-03-11T10:30:33.054+0000] {taskinstance.py:2327} INFO - Executing <Task(BashOperator): load_data> on 2026-03-11 10:28:35.510402+00:00
[2026-03-11T10:30:33.075+0000] {logging_mixin.py:188} WARNING - /home/airflow/.local/lib/python3.12/site-packages/airflow/task/task_runner/standard_task_runner.py:61 DeprecationWarning: This process (pid=4589) is multi-threaded, use of fork() may lead to deadlocks in the child.
[2026-03-11T10:30:33.077+0000] {standard_task_runner.py:63} INFO - Started process 4590 to run task
[2026-03-11T10:30:33.074+0000] {standard_task_runner.py:90} INFO - Running: ['airflow', 'tasks', 'run', 'daily_etl_pipeline', 'load_data', 'manual__2026-03-11T10:28:35.510402+00:00', '--job-id', '57', '--raw', '--subdir', 'DAGS_FOLDER/finance_etl_dag.py', '--cfg-path', '/tmp/tmpg6fpg1p5']
[2026-03-11T10:30:33.079+0000] {standard_task_runner.py:91} INFO - Job 57: Subtask load_data
[2026-03-11T10:30:33.126+0000] {logging_mixin.py:188} WARNING - /home/airflow/.local/lib/python3.12/site-packages/airflow/settings.py:195 DeprecationWarning: The sql_alchemy_conn option in [core] has been moved to the sql_alchemy_conn option in [database] - the old setting has been used, but please update your config.
[2026-03-11T10:30:33.293+0000] {task_command.py:426} INFO - Running <TaskInstance: daily_etl_pipeline.load_data manual__2026-03-11T10:28:35.510402+00:00 [running]> on host 662adb583b47
[2026-03-11T10:30:33.782+0000] {taskinstance.py:2644} INFO - Exporting env vars: AIRFLOW_CTX_DAG_OWNER='airflow' AIRFLOW_CTX_DAG_ID='daily_etl_pipeline' AIRFLOW_CTX_TASK_ID='load_data' AIRFLOW_CTX_EXECUTION_DATE='2026-03-11T10:28:35.510402+00:00' AIRFLOW_CTX_TRY_NUMBER='1' AIRFLOW_CTX_DAG_RUN_ID='manual__2026-03-11T10:28:35.510402+00:00'
[2026-03-11T10:30:33.784+0000] {taskinstance.py:430} INFO - ::endgroup::
[2026-03-11T10:30:33.861+0000] {subprocess.py:63} INFO - Tmp dir root location: /tmp
[2026-03-11T10:30:33.865+0000] {subprocess.py:75} INFO - Running command: ['/usr/bin/bash', '-c', 'python /opt/airflow/spark_jobs/load_data.py']
[2026-03-11T10:30:33.893+0000] {subprocess.py:86} INFO - Output:
[2026-03-11T10:30:36.229+0000] {subprocess.py:93} INFO - 2026-03-11 10:30:36,229 | INFO | Starting Load: Creating curated layer...
[2026-03-11T10:30:41.567+0000] {subprocess.py:93} INFO - :: loading settings :: url = jar:file:/home/airflow/.local/lib/python3.12/site-packages/pyspark/jars/ivy-2.5.1.jar!/org/apache/ivy/core/settings/ivysettings.xml
[2026-03-11T10:30:41.918+0000] {subprocess.py:93} INFO - Ivy Default Cache set to: /home/airflow/.ivy2/cache
[2026-03-11T10:30:41.923+0000] {subprocess.py:93} INFO - The jars for the packages stored in: /home/airflow/.ivy2/jars
[2026-03-11T10:30:41.941+0000] {subprocess.py:93} INFO - org.postgresql#postgresql added as a dependency
[2026-03-11T10:30:41.947+0000] {subprocess.py:93} INFO - :: resolving dependencies :: org.apache.spark#spark-submit-parent-fcca991c-ffdc-4129-9582-ce65d9397a07;1.0
[2026-03-11T10:30:41.948+0000] {subprocess.py:93} INFO - 	confs: [default]
[2026-03-11T10:30:42.372+0000] {subprocess.py:93} INFO - 	found org.postgresql#postgresql;42.6.0 in central
[2026-03-11T10:30:42.432+0000] {subprocess.py:93} INFO - 	found org.checkerframework#checker-qual;3.31.0 in central
[2026-03-11T10:30:42.483+0000] {subprocess.py:93} INFO - :: resolution report :: resolve 517ms :: artifacts dl 22ms
[2026-03-11T10:30:42.484+0000] {subprocess.py:93} INFO - 	:: modules in use:
[2026-03-11T10:30:42.485+0000] {subprocess.py:93} INFO - 	org.checkerframework#checker-qual;3.31.0 from central in [default]
[2026-03-11T10:30:42.486+0000] {subprocess.py:93} INFO - 	org.postgresql#postgresql;42.6.0 from central in [default]
[2026-03-11T10:30:42.487+0000] {subprocess.py:93} INFO - 	---------------------------------------------------------------------
[2026-03-11T10:30:42.488+0000] {subprocess.py:93} INFO - 	|                  |            modules            ||   artifacts   |
[2026-03-11T10:30:42.489+0000] {subprocess.py:93} INFO - 	|       conf       | number| search|dwnlded|evicted|| number|dwnlded|
[2026-03-11T10:30:42.489+0000] {subprocess.py:93} INFO - 	---------------------------------------------------------------------
[2026-03-11T10:30:42.490+0000] {subprocess.py:93} INFO - 	|      default     |   2   |   0   |   0   |   0   ||   2   |   0   |
[2026-03-11T10:30:42.491+0000] {subprocess.py:93} INFO - 	---------------------------------------------------------------------
[2026-03-11T10:30:42.494+0000] {subprocess.py:93} INFO - :: retrieving :: org.apache.spark#spark-submit-parent-fcca991c-ffdc-4129-9582-ce65d9397a07
[2026-03-11T10:30:42.496+0000] {subprocess.py:93} INFO - 	confs: [default]
[2026-03-11T10:30:42.508+0000] {subprocess.py:93} INFO - 	0 artifacts copied, 2 already retrieved (0kB/14ms)
[2026-03-11T10:30:43.593+0000] {subprocess.py:93} INFO - 26/03/11 10:30:43 WARN NativeCodeLoader: Unable to load native-hadoop library for your platform... using builtin-java classes where applicable
[2026-03-11T10:30:44.391+0000] {subprocess.py:93} INFO - Setting default log level to "WARN".
[2026-03-11T10:30:44.397+0000] {subprocess.py:93} INFO - To adjust logging level use sc.setLogLevel(newLevel). For SparkR, use setLogLevel(newLevel).
[2026-03-11T10:30:50.283+0000] {subprocess.py:93} INFO - 2026-03-11 10:30:50,282 | INFO | Reading processed data from /opt/airflow/data_lake/processed/finance_processed.parquet...
[2026-03-11T10:31:01.885+0000] {subprocess.py:93} INFO - [Stage 0:>                                                          (0 + 0) / 1][Stage 0:>                                                          (0 + 1) / 1]                                                                                2026-03-11 10:31:01,884 | INFO | Processed records count: 0
[2026-03-11T10:31:01.886+0000] {subprocess.py:93} INFO - 2026-03-11 10:31:01,884 | WARNING | No records found in processed data!
[2026-03-11T10:31:02.225+0000] {subprocess.py:93} INFO - 2026-03-11 10:31:02,225 | INFO | Closing down clientserver connection
[2026-03-11T10:31:02.888+0000] {subprocess.py:97} INFO - Command exited with return code 0
[2026-03-11T10:31:02.891+0000] {taskinstance.py:441} INFO - ::group::Post task execution logs
[2026-03-11T10:31:03.094+0000] {taskinstance.py:1205} INFO - Marking task as SUCCESS. dag_id=daily_etl_pipeline, task_id=load_data, execution_date=20260311T102835, start_date=20260311T103033, end_date=20260311T103103
[2026-03-11T10:31:03.174+0000] {local_task_job_runner.py:240} INFO - Task exited with return code 0
[2026-03-11T10:31:03.250+0000] {taskinstance.py:3482} INFO - 0 downstream tasks scheduled from follow-on schedule check
[2026-03-11T10:31:03.255+0000] {local_task_job_runner.py:222} INFO - ::endgroup::
