[2026-03-11T11:21:15.554+0000] {local_task_job_runner.py:120} INFO - ::group::Pre task execution logs
[2026-03-11T11:21:15.612+0000] {taskinstance.py:2073} INFO - Dependencies all met for dep_context=non-requeueable deps ti=<TaskInstance: daily_etl_pipeline.transform_data manual__2026-03-11T11:20:18.481850+00:00 [queued]>
[2026-03-11T11:21:15.627+0000] {taskinstance.py:2073} INFO - Dependencies all met for dep_context=requeueable deps ti=<TaskInstance: daily_etl_pipeline.transform_data manual__2026-03-11T11:20:18.481850+00:00 [queued]>
[2026-03-11T11:21:15.628+0000] {taskinstance.py:2303} INFO - Starting attempt 1 of 1
[2026-03-11T11:21:15.652+0000] {taskinstance.py:2327} INFO - Executing <Task(BashOperator): transform_data> on 2026-03-11 11:20:18.481850+00:00
[2026-03-11T11:21:15.665+0000] {logging_mixin.py:188} WARNING - /home/airflow/.local/lib/python3.12/site-packages/airflow/task/task_runner/standard_task_runner.py:61 DeprecationWarning: This process (pid=694) is multi-threaded, use of fork() may lead to deadlocks in the child.
[2026-03-11T11:21:15.667+0000] {standard_task_runner.py:63} INFO - Started process 695 to run task
[2026-03-11T11:21:15.665+0000] {standard_task_runner.py:90} INFO - Running: ['airflow', 'tasks', 'run', 'daily_etl_pipeline', 'transform_data', 'manual__2026-03-11T11:20:18.481850+00:00', '--job-id', '63', '--raw', '--subdir', 'DAGS_FOLDER/finance_etl_dag.py', '--cfg-path', '/tmp/tmp3xbzrhc_']
[2026-03-11T11:21:15.668+0000] {standard_task_runner.py:91} INFO - Job 63: Subtask transform_data
[2026-03-11T11:21:15.699+0000] {logging_mixin.py:188} WARNING - /home/airflow/.local/lib/python3.12/site-packages/airflow/settings.py:195 DeprecationWarning: The sql_alchemy_conn option in [core] has been moved to the sql_alchemy_conn option in [database] - the old setting has been used, but please update your config.
[2026-03-11T11:21:15.772+0000] {task_command.py:426} INFO - Running <TaskInstance: daily_etl_pipeline.transform_data manual__2026-03-11T11:20:18.481850+00:00 [running]> on host 8d060d40942f
[2026-03-11T11:21:15.948+0000] {taskinstance.py:2644} INFO - Exporting env vars: AIRFLOW_CTX_DAG_OWNER='airflow' AIRFLOW_CTX_DAG_ID='daily_etl_pipeline' AIRFLOW_CTX_TASK_ID='transform_data' AIRFLOW_CTX_EXECUTION_DATE='2026-03-11T11:20:18.481850+00:00' AIRFLOW_CTX_TRY_NUMBER='1' AIRFLOW_CTX_DAG_RUN_ID='manual__2026-03-11T11:20:18.481850+00:00'
[2026-03-11T11:21:15.949+0000] {taskinstance.py:430} INFO - ::endgroup::
[2026-03-11T11:21:15.981+0000] {subprocess.py:63} INFO - Tmp dir root location: /tmp
[2026-03-11T11:21:15.982+0000] {subprocess.py:75} INFO - Running command: ['/usr/bin/bash', '-c', 'python /opt/airflow/spark_jobs/transform_data.py']
[2026-03-11T11:21:15.998+0000] {subprocess.py:86} INFO - Output:
[2026-03-11T11:21:17.661+0000] {subprocess.py:93} INFO - 2026-03-11 11:21:17,660 | INFO | Starting transformation...
[2026-03-11T11:21:22.120+0000] {subprocess.py:93} INFO - Setting default log level to "WARN".
[2026-03-11T11:21:22.125+0000] {subprocess.py:93} INFO - To adjust logging level use sc.setLogLevel(newLevel). For SparkR, use setLogLevel(newLevel).
[2026-03-11T11:21:23.045+0000] {subprocess.py:93} INFO - 26/03/11 11:21:23 WARN NativeCodeLoader: Unable to load native-hadoop library for your platform... using builtin-java classes where applicable
[2026-03-11T11:21:27.707+0000] {subprocess.py:93} INFO - 2026-03-11 11:21:27,706 | INFO | Reading raw parquet from /opt/airflow/data_lake/raw/transaction_data.parquet...
[2026-03-11T11:21:37.836+0000] {subprocess.py:93} INFO - [Stage 0:>                                                          (0 + 1) / 1]                                                                                [Stage 1:>                                                          (0 + 8) / 8][Stage 1:=============================>                             (4 + 4) / 8][Stage 3:>                                                          (0 + 1) / 1]                                                                                2026-03-11 11:21:37,835 | INFO | Total raw records: 1000000
[2026-03-11T11:21:37.837+0000] {subprocess.py:93} INFO - 2026-03-11 11:21:37,837 | INFO | Cleaning and standardizing data...
[2026-03-11T11:21:38.389+0000] {subprocess.py:93} INFO - 2026-03-11 11:21:38,388 | INFO | Existing processed parquet found. Deduplicating new records...
[2026-03-11T11:21:39.388+0000] {subprocess.py:93} INFO - 2026-03-11 11:21:39,387 | INFO | Existing processed count: 1000000
[2026-03-11T11:21:44.124+0000] {subprocess.py:93} INFO - [Stage 8:>                                                          (0 + 8) / 8][Stage 8:==============>                                            (2 + 6) / 8]                                                                                2026-03-11 11:21:44,124 | INFO | New unique records to append: 0
[2026-03-11T11:21:44.125+0000] {subprocess.py:93} INFO - 2026-03-11 11:21:44,124 | INFO | Writing processed data to temp folder /opt/airflow/data_lake/processed/finance_processed.parquet_tmp_1773228104...
[2026-03-11T11:21:45.888+0000] {subprocess.py:93} INFO - 26/03/11 11:21:45 ERROR FileOutputCommitter: Mkdirs failed to create file:/opt/airflow/data_lake/processed/finance_processed.parquet_tmp_1773228104/_temporary/0
[2026-03-11T11:21:46.538+0000] {subprocess.py:93} INFO - 26/03/11 11:21:46 ERROR Executor: Exception in task 0.0 in stage 13.0 (TID 45)
[2026-03-11T11:21:46.538+0000] {subprocess.py:93} INFO - java.io.IOException: Mkdirs failed to create file:/opt/airflow/data_lake/processed/finance_processed.parquet_tmp_1773228104/_temporary/0/_temporary/attempt_202603111121464732396905231473162_0013_m_000000_45 (exists=false, cwd=file:/tmp/airflowtmp8_mlha80)
[2026-03-11T11:21:46.539+0000] {subprocess.py:93} INFO - 	at org.apache.hadoop.fs.ChecksumFileSystem.create(ChecksumFileSystem.java:515)
[2026-03-11T11:21:46.540+0000] {subprocess.py:93} INFO - 	at org.apache.hadoop.fs.ChecksumFileSystem.create(ChecksumFileSystem.java:500)
[2026-03-11T11:21:46.540+0000] {subprocess.py:93} INFO - 	at org.apache.hadoop.fs.FileSystem.create(FileSystem.java:1195)
[2026-03-11T11:21:46.540+0000] {subprocess.py:93} INFO - 	at org.apache.hadoop.fs.FileSystem.create(FileSystem.java:1175)
[2026-03-11T11:21:46.541+0000] {subprocess.py:93} INFO - 	at org.apache.parquet.hadoop.util.HadoopOutputFile.create(HadoopOutputFile.java:74)
[2026-03-11T11:21:46.545+0000] {subprocess.py:93} INFO - 	at org.apache.parquet.hadoop.ParquetFileWriter.<init>(ParquetFileWriter.java:347)
[2026-03-11T11:21:46.546+0000] {subprocess.py:93} INFO - 	at org.apache.parquet.hadoop.ParquetFileWriter.<init>(ParquetFileWriter.java:314)
[2026-03-11T11:21:46.546+0000] {subprocess.py:93} INFO - 	at org.apache.parquet.hadoop.ParquetOutputFormat.getRecordWriter(ParquetOutputFormat.java:484)
[2026-03-11T11:21:46.547+0000] {subprocess.py:93} INFO - 	at org.apache.parquet.hadoop.ParquetOutputFormat.getRecordWriter(ParquetOutputFormat.java:422)
[2026-03-11T11:21:46.548+0000] {subprocess.py:93} INFO - 	at org.apache.parquet.hadoop.ParquetOutputFormat.getRecordWriter(ParquetOutputFormat.java:411)
[2026-03-11T11:21:46.549+0000] {subprocess.py:93} INFO - 	at org.apache.spark.sql.execution.datasources.parquet.ParquetOutputWriter.<init>(ParquetOutputWriter.scala:36)
[2026-03-11T11:21:46.555+0000] {subprocess.py:93} INFO - 	at org.apache.spark.sql.execution.datasources.parquet.ParquetUtils$$anon$1.newInstance(ParquetUtils.scala:490)
[2026-03-11T11:21:46.565+0000] {subprocess.py:93} INFO - 	at org.apache.spark.sql.execution.datasources.SingleDirectoryDataWriter.newOutputWriter(FileFormatDataWriter.scala:161)
[2026-03-11T11:21:46.566+0000] {subprocess.py:93} INFO - 	at org.apache.spark.sql.execution.datasources.SingleDirectoryDataWriter.<init>(FileFormatDataWriter.scala:146)
[2026-03-11T11:21:46.566+0000] {subprocess.py:93} INFO - 	at org.apache.spark.sql.execution.datasources.FileFormatWriter$.executeTask(FileFormatWriter.scala:389)
[2026-03-11T11:21:46.567+0000] {subprocess.py:93} INFO - 	at org.apache.spark.sql.execution.datasources.WriteFilesExec.$anonfun$doExecuteWrite$1(WriteFiles.scala:100)
[2026-03-11T11:21:46.567+0000] {subprocess.py:93} INFO - 	at org.apache.spark.rdd.RDD.$anonfun$mapPartitionsInternal$2(RDD.scala:893)
[2026-03-11T11:21:46.574+0000] {subprocess.py:93} INFO - 	at org.apache.spark.rdd.RDD.$anonfun$mapPartitionsInternal$2$adapted(RDD.scala:893)
[2026-03-11T11:21:46.574+0000] {subprocess.py:93} INFO - 	at org.apache.spark.rdd.MapPartitionsRDD.compute(MapPartitionsRDD.scala:52)
[2026-03-11T11:21:46.575+0000] {subprocess.py:93} INFO - 	at org.apache.spark.rdd.RDD.computeOrReadCheckpoint(RDD.scala:367)
[2026-03-11T11:21:46.575+0000] {subprocess.py:93} INFO - 	at org.apache.spark.rdd.RDD.iterator(RDD.scala:331)
[2026-03-11T11:21:46.576+0000] {subprocess.py:93} INFO - 	at org.apache.spark.scheduler.ResultTask.runTask(ResultTask.scala:93)
[2026-03-11T11:21:46.576+0000] {subprocess.py:93} INFO - 	at org.apache.spark.TaskContext.runTaskWithListeners(TaskContext.scala:166)
[2026-03-11T11:21:46.576+0000] {subprocess.py:93} INFO - 	at org.apache.spark.scheduler.Task.run(Task.scala:141)
[2026-03-11T11:21:46.577+0000] {subprocess.py:93} INFO - 	at org.apache.spark.executor.Executor$TaskRunner.$anonfun$run$4(Executor.scala:620)
[2026-03-11T11:21:46.577+0000] {subprocess.py:93} INFO - 	at org.apache.spark.util.SparkErrorUtils.tryWithSafeFinally(SparkErrorUtils.scala:64)
[2026-03-11T11:21:46.586+0000] {subprocess.py:93} INFO - 	at org.apache.spark.util.SparkErrorUtils.tryWithSafeFinally$(SparkErrorUtils.scala:61)
[2026-03-11T11:21:46.587+0000] {subprocess.py:93} INFO - 	at org.apache.spark.util.Utils$.tryWithSafeFinally(Utils.scala:94)
[2026-03-11T11:21:46.589+0000] {subprocess.py:93} INFO - 	at org.apache.spark.executor.Executor$TaskRunner.run(Executor.scala:623)
[2026-03-11T11:21:46.592+0000] {subprocess.py:93} INFO - 	at java.base/java.util.concurrent.ThreadPoolExecutor.runWorker(ThreadPoolExecutor.java:1136)
[2026-03-11T11:21:46.592+0000] {subprocess.py:93} INFO - 	at java.base/java.util.concurrent.ThreadPoolExecutor$Worker.run(ThreadPoolExecutor.java:635)
[2026-03-11T11:21:46.593+0000] {subprocess.py:93} INFO - 	at java.base/java.lang.Thread.run(Thread.java:840)
[2026-03-11T11:21:46.661+0000] {subprocess.py:93} INFO - 26/03/11 11:21:46 WARN TaskSetManager: Lost task 0.0 in stage 13.0 (TID 45) (8d060d40942f executor driver): java.io.IOException: Mkdirs failed to create file:/opt/airflow/data_lake/processed/finance_processed.parquet_tmp_1773228104/_temporary/0/_temporary/attempt_202603111121464732396905231473162_0013_m_000000_45 (exists=false, cwd=file:/tmp/airflowtmp8_mlha80)
[2026-03-11T11:21:46.663+0000] {subprocess.py:93} INFO - 	at org.apache.hadoop.fs.ChecksumFileSystem.create(ChecksumFileSystem.java:515)
[2026-03-11T11:21:46.663+0000] {subprocess.py:93} INFO - 	at org.apache.hadoop.fs.ChecksumFileSystem.create(ChecksumFileSystem.java:500)
[2026-03-11T11:21:46.664+0000] {subprocess.py:93} INFO - 	at org.apache.hadoop.fs.FileSystem.create(FileSystem.java:1195)
[2026-03-11T11:21:46.665+0000] {subprocess.py:93} INFO - 	at org.apache.hadoop.fs.FileSystem.create(FileSystem.java:1175)
[2026-03-11T11:21:46.671+0000] {subprocess.py:93} INFO - 	at org.apache.parquet.hadoop.util.HadoopOutputFile.create(HadoopOutputFile.java:74)
[2026-03-11T11:21:46.678+0000] {subprocess.py:93} INFO - 	at org.apache.parquet.hadoop.ParquetFileWriter.<init>(ParquetFileWriter.java:347)
[2026-03-11T11:21:46.679+0000] {subprocess.py:93} INFO - 	at org.apache.parquet.hadoop.ParquetFileWriter.<init>(ParquetFileWriter.java:314)
[2026-03-11T11:21:46.679+0000] {subprocess.py:93} INFO - 	at org.apache.parquet.hadoop.ParquetOutputFormat.getRecordWriter(ParquetOutputFormat.java:484)
[2026-03-11T11:21:46.680+0000] {subprocess.py:93} INFO - 	at org.apache.parquet.hadoop.ParquetOutputFormat.getRecordWriter(ParquetOutputFormat.java:422)
[2026-03-11T11:21:46.680+0000] {subprocess.py:93} INFO - 	at org.apache.parquet.hadoop.ParquetOutputFormat.getRecordWriter(ParquetOutputFormat.java:411)
[2026-03-11T11:21:46.680+0000] {subprocess.py:93} INFO - 	at org.apache.spark.sql.execution.datasources.parquet.ParquetOutputWriter.<init>(ParquetOutputWriter.scala:36)
[2026-03-11T11:21:46.681+0000] {subprocess.py:93} INFO - 	at org.apache.spark.sql.execution.datasources.parquet.ParquetUtils$$anon$1.newInstance(ParquetUtils.scala:490)
[2026-03-11T11:21:46.682+0000] {subprocess.py:93} INFO - 	at org.apache.spark.sql.execution.datasources.SingleDirectoryDataWriter.newOutputWriter(FileFormatDataWriter.scala:161)
[2026-03-11T11:21:46.682+0000] {subprocess.py:93} INFO - 	at org.apache.spark.sql.execution.datasources.SingleDirectoryDataWriter.<init>(FileFormatDataWriter.scala:146)
[2026-03-11T11:21:46.682+0000] {subprocess.py:93} INFO - 	at org.apache.spark.sql.execution.datasources.FileFormatWriter$.executeTask(FileFormatWriter.scala:389)
[2026-03-11T11:21:46.683+0000] {subprocess.py:93} INFO - 	at org.apache.spark.sql.execution.datasources.WriteFilesExec.$anonfun$doExecuteWrite$1(WriteFiles.scala:100)
[2026-03-11T11:21:46.684+0000] {subprocess.py:93} INFO - 	at org.apache.spark.rdd.RDD.$anonfun$mapPartitionsInternal$2(RDD.scala:893)
[2026-03-11T11:21:46.684+0000] {subprocess.py:93} INFO - 	at org.apache.spark.rdd.RDD.$anonfun$mapPartitionsInternal$2$adapted(RDD.scala:893)
[2026-03-11T11:21:46.685+0000] {subprocess.py:93} INFO - 	at org.apache.spark.rdd.MapPartitionsRDD.compute(MapPartitionsRDD.scala:52)
[2026-03-11T11:21:46.685+0000] {subprocess.py:93} INFO - 	at org.apache.spark.rdd.RDD.computeOrReadCheckpoint(RDD.scala:367)
[2026-03-11T11:21:46.690+0000] {subprocess.py:93} INFO - 	at org.apache.spark.rdd.RDD.iterator(RDD.scala:331)
[2026-03-11T11:21:46.694+0000] {subprocess.py:93} INFO - 	at org.apache.spark.scheduler.ResultTask.runTask(ResultTask.scala:93)
[2026-03-11T11:21:46.696+0000] {subprocess.py:93} INFO - 	at org.apache.spark.TaskContext.runTaskWithListeners(TaskContext.scala:166)
[2026-03-11T11:21:46.696+0000] {subprocess.py:93} INFO - 	at org.apache.spark.scheduler.Task.run(Task.scala:141)
[2026-03-11T11:21:46.697+0000] {subprocess.py:93} INFO - 	at org.apache.spark.executor.Executor$TaskRunner.$anonfun$run$4(Executor.scala:620)
[2026-03-11T11:21:46.697+0000] {subprocess.py:93} INFO - 	at org.apache.spark.util.SparkErrorUtils.tryWithSafeFinally(SparkErrorUtils.scala:64)
[2026-03-11T11:21:46.702+0000] {subprocess.py:93} INFO - 	at org.apache.spark.util.SparkErrorUtils.tryWithSafeFinally$(SparkErrorUtils.scala:61)
[2026-03-11T11:21:46.703+0000] {subprocess.py:93} INFO - 	at org.apache.spark.util.Utils$.tryWithSafeFinally(Utils.scala:94)
[2026-03-11T11:21:46.703+0000] {subprocess.py:93} INFO - 	at org.apache.spark.executor.Executor$TaskRunner.run(Executor.scala:623)
[2026-03-11T11:21:46.703+0000] {subprocess.py:93} INFO - 	at java.base/java.util.concurrent.ThreadPoolExecutor.runWorker(ThreadPoolExecutor.java:1136)
[2026-03-11T11:21:46.705+0000] {subprocess.py:93} INFO - 	at java.base/java.util.concurrent.ThreadPoolExecutor$Worker.run(ThreadPoolExecutor.java:635)
[2026-03-11T11:21:46.710+0000] {subprocess.py:93} INFO - 	at java.base/java.lang.Thread.run(Thread.java:840)
[2026-03-11T11:21:46.711+0000] {subprocess.py:93} INFO - 
[2026-03-11T11:21:46.711+0000] {subprocess.py:93} INFO - [Stage 13:>                                                         (0 + 8) / 8]26/03/11 11:21:46 ERROR TaskSetManager: Task 0 in stage 13.0 failed 1 times; aborting job
[2026-03-11T11:21:46.736+0000] {subprocess.py:93} INFO - 26/03/11 11:21:46 WARN TaskSetManager: Lost task 7.0 in stage 13.0 (TID 52) (8d060d40942f executor driver): TaskKilled (Stage cancelled: Job aborted due to stage failure: Task 0 in stage 13.0 failed 1 times, most recent failure: Lost task 0.0 in stage 13.0 (TID 45) (8d060d40942f executor driver): java.io.IOException: Mkdirs failed to create file:/opt/airflow/data_lake/processed/finance_processed.parquet_tmp_1773228104/_temporary/0/_temporary/attempt_202603111121464732396905231473162_0013_m_000000_45 (exists=false, cwd=file:/tmp/airflowtmp8_mlha80)
[2026-03-11T11:21:46.738+0000] {subprocess.py:93} INFO - 	at org.apache.hadoop.fs.ChecksumFileSystem.create(ChecksumFileSystem.java:515)
[2026-03-11T11:21:46.740+0000] {subprocess.py:93} INFO - 	at org.apache.hadoop.fs.ChecksumFileSystem.create(ChecksumFileSystem.java:500)
[2026-03-11T11:21:46.742+0000] {subprocess.py:93} INFO - 	at org.apache.hadoop.fs.FileSystem.create(FileSystem.java:1195)
[2026-03-11T11:21:46.743+0000] {subprocess.py:93} INFO - 	at org.apache.hadoop.fs.FileSystem.create(FileSystem.java:1175)
[2026-03-11T11:21:46.743+0000] {subprocess.py:93} INFO - 	at org.apache.parquet.hadoop.util.HadoopOutputFile.create(HadoopOutputFile.java:74)
[2026-03-11T11:21:46.744+0000] {subprocess.py:93} INFO - 	at org.apache.parquet.hadoop.ParquetFileWriter.<init>(ParquetFileWriter.java:347)
[2026-03-11T11:21:46.745+0000] {subprocess.py:93} INFO - 	at org.apache.parquet.hadoop.ParquetFileWriter.<init>(ParquetFileWriter.java:314)
[2026-03-11T11:21:46.746+0000] {subprocess.py:93} INFO - 	at org.apache.parquet.hadoop.ParquetOutputFormat.getRecordWriter(ParquetOutputFormat.java:484)
[2026-03-11T11:21:46.747+0000] {subprocess.py:93} INFO - 	at org.apache.parquet.hadoop.ParquetOutputFormat.getRecordWriter(ParquetOutputFormat.java:422)
[2026-03-11T11:21:46.748+0000] {subprocess.py:93} INFO - 	at org.apache.parquet.hadoop.ParquetOutputFormat.getRecordWriter(ParquetOutputFormat.java:411)
[2026-03-11T11:21:46.749+0000] {subprocess.py:93} INFO - 	at org.apache.spark.sql.execution.datasources.parquet.ParquetOutputWriter.<init>(ParquetOutputWriter.scala:36)
[2026-03-11T11:21:46.749+0000] {subprocess.py:93} INFO - 	at org.apache.spark.sql.execution.datasources.parquet.ParquetUtils$$anon$1.newInstance(ParquetUtils.scala:490)
[2026-03-11T11:21:46.750+0000] {subprocess.py:93} INFO - 	at org.apache.spark.sql.execution.datasources.SingleDirectoryDataWriter.newOutputWriter(FileFormatDataWriter.scala:161)
[2026-03-11T11:21:46.751+0000] {subprocess.py:93} INFO - 	at org.apache.spark.sql.execution.datasources.SingleDirectoryDataWriter.<init>(FileFormatDataWriter.scala:146)
[2026-03-11T11:21:46.751+0000] {subprocess.py:93} INFO - 	at org.apache.spark.sql.execution.datasources.FileFormatWriter$.executeTask(FileFormatWriter.scala:389)
[2026-03-11T11:21:46.752+0000] {subprocess.py:93} INFO - 	at org.apache.spark.sql.execution.datasources.WriteFilesExec.$anonfun$doExecuteWrite$1(WriteFiles.scala:100)
[2026-03-11T11:21:46.752+0000] {subprocess.py:93} INFO - 	at org.apache.spark.rdd.RDD.$anonfun$mapPartitionsInternal$2(RDD.scala:893)
[2026-03-11T11:21:46.753+0000] {subprocess.py:93} INFO - 	at org.apache.spark.rdd.RDD.$anonfun$mapPartitionsInternal$2$adapted(RDD.scala:893)
[2026-03-11T11:21:46.754+0000] {subprocess.py:93} INFO - 	at org.apache.spark.rdd.MapPartitionsRDD.compute(MapPartitionsRDD.scala:52)
[2026-03-11T11:21:46.755+0000] {subprocess.py:93} INFO - 	at org.apache.spark.rdd.RDD.computeOrReadCheckpoint(RDD.scala:367)
[2026-03-11T11:21:46.756+0000] {subprocess.py:93} INFO - 	at org.apache.spark.rdd.RDD.iterator(RDD.scala:331)
[2026-03-11T11:21:46.757+0000] {subprocess.py:93} INFO - 	at org.apache.spark.scheduler.ResultTask.runTask(ResultTask.scala:93)
[2026-03-11T11:21:46.757+0000] {subprocess.py:93} INFO - 	at org.apache.spark.TaskContext.runTaskWithListeners(TaskContext.scala:166)
[2026-03-11T11:21:46.758+0000] {subprocess.py:93} INFO - 	at org.apache.spark.scheduler.Task.run(Task.scala:141)
[2026-03-11T11:21:46.759+0000] {subprocess.py:93} INFO - 	at org.apache.spark.executor.Executor$TaskRunner.$anonfun$run$4(Executor.scala:620)
[2026-03-11T11:21:46.759+0000] {subprocess.py:93} INFO - 	at org.apache.spark.util.SparkErrorUtils.tryWithSafeFinally(SparkErrorUtils.scala:64)
[2026-03-11T11:21:46.760+0000] {subprocess.py:93} INFO - 	at org.apache.spark.util.SparkErrorUtils.tryWithSafeFinally$(SparkErrorUtils.scala:61)
[2026-03-11T11:21:46.761+0000] {subprocess.py:93} INFO - 	at org.apache.spark.util.Utils$.tryWithSafeFinally(Utils.scala:94)
[2026-03-11T11:21:46.762+0000] {subprocess.py:93} INFO - 	at org.apache.spark.executor.Executor$TaskRunner.run(Executor.scala:623)
[2026-03-11T11:21:46.762+0000] {subprocess.py:93} INFO - 	at java.base/java.util.concurrent.ThreadPoolExecutor.runWorker(ThreadPoolExecutor.java:1136)
[2026-03-11T11:21:46.763+0000] {subprocess.py:93} INFO - 	at java.base/java.util.concurrent.ThreadPoolExecutor$Worker.run(ThreadPoolExecutor.java:635)
[2026-03-11T11:21:46.764+0000] {subprocess.py:93} INFO - 	at java.base/java.lang.Thread.run(Thread.java:840)
[2026-03-11T11:21:46.765+0000] {subprocess.py:93} INFO - 
[2026-03-11T11:21:46.766+0000] {subprocess.py:93} INFO - Driver stacktrace:)
[2026-03-11T11:21:46.767+0000] {subprocess.py:93} INFO - 26/03/11 11:21:46 WARN TaskSetManager: Lost task 5.0 in stage 13.0 (TID 50) (8d060d40942f executor driver): TaskKilled (Stage cancelled: Job aborted due to stage failure: Task 0 in stage 13.0 failed 1 times, most recent failure: Lost task 0.0 in stage 13.0 (TID 45) (8d060d40942f executor driver): java.io.IOException: Mkdirs failed to create file:/opt/airflow/data_lake/processed/finance_processed.parquet_tmp_1773228104/_temporary/0/_temporary/attempt_202603111121464732396905231473162_0013_m_000000_45 (exists=false, cwd=file:/tmp/airflowtmp8_mlha80)
[2026-03-11T11:21:46.768+0000] {subprocess.py:93} INFO - 	at org.apache.hadoop.fs.ChecksumFileSystem.create(ChecksumFileSystem.java:515)
[2026-03-11T11:21:46.769+0000] {subprocess.py:93} INFO - 	at org.apache.hadoop.fs.ChecksumFileSystem.create(ChecksumFileSystem.java:500)
[2026-03-11T11:21:46.771+0000] {subprocess.py:93} INFO - 	at org.apache.hadoop.fs.FileSystem.create(FileSystem.java:1195)
[2026-03-11T11:21:46.772+0000] {subprocess.py:93} INFO - 	at org.apache.hadoop.fs.FileSystem.create(FileSystem.java:1175)
[2026-03-11T11:21:46.774+0000] {subprocess.py:93} INFO - 	at org.apache.parquet.hadoop.util.HadoopOutputFile.create(HadoopOutputFile.java:74)
[2026-03-11T11:21:46.774+0000] {subprocess.py:93} INFO - 	at org.apache.parquet.hadoop.ParquetFileWriter.<init>(ParquetFileWriter.java:347)
[2026-03-11T11:21:46.775+0000] {subprocess.py:93} INFO - 	at org.apache.parquet.hadoop.ParquetFileWriter.<init>(ParquetFileWriter.java:314)
[2026-03-11T11:21:46.776+0000] {subprocess.py:93} INFO - 	at org.apache.parquet.hadoop.ParquetOutputFormat.getRecordWriter(ParquetOutputFormat.java:484)
[2026-03-11T11:21:46.776+0000] {subprocess.py:93} INFO - 	at org.apache.parquet.hadoop.ParquetOutputFormat.getRecordWriter(ParquetOutputFormat.java:422)
[2026-03-11T11:21:46.777+0000] {subprocess.py:93} INFO - 	at org.apache.parquet.hadoop.ParquetOutputFormat.getRecordWriter(ParquetOutputFormat.java:411)
[2026-03-11T11:21:46.778+0000] {subprocess.py:93} INFO - 	at org.apache.spark.sql.execution.datasources.parquet.ParquetOutputWriter.<init>(ParquetOutputWriter.scala:36)
[2026-03-11T11:21:46.778+0000] {subprocess.py:93} INFO - 	at org.apache.spark.sql.execution.datasources.parquet.ParquetUtils$$anon$1.newInstance(ParquetUtils.scala:490)
[2026-03-11T11:21:46.779+0000] {subprocess.py:93} INFO - 	at org.apache.spark.sql.execution.datasources.SingleDirectoryDataWriter.newOutputWriter(FileFormatDataWriter.scala:161)
[2026-03-11T11:21:46.779+0000] {subprocess.py:93} INFO - 	at org.apache.spark.sql.execution.datasources.SingleDirectoryDataWriter.<init>(FileFormatDataWriter.scala:146)
[2026-03-11T11:21:46.780+0000] {subprocess.py:93} INFO - 	at org.apache.spark.sql.execution.datasources.FileFormatWriter$.executeTask(FileFormatWriter.scala:389)
[2026-03-11T11:21:46.780+0000] {subprocess.py:93} INFO - 	at org.apache.spark.sql.execution.datasources.WriteFilesExec.$anonfun$doExecuteWrite$1(WriteFiles.scala:100)
[2026-03-11T11:21:46.781+0000] {subprocess.py:93} INFO - 	at org.apache.spark.rdd.RDD.$anonfun$mapPartitionsInternal$2(RDD.scala:893)
[2026-03-11T11:21:46.782+0000] {subprocess.py:93} INFO - 	at org.apache.spark.rdd.RDD.$anonfun$mapPartitionsInternal$2$adapted(RDD.scala:893)
[2026-03-11T11:21:46.782+0000] {subprocess.py:93} INFO - 	at org.apache.spark.rdd.MapPartitionsRDD.compute(MapPartitionsRDD.scala:52)
[2026-03-11T11:21:46.783+0000] {subprocess.py:93} INFO - 	at org.apache.spark.rdd.RDD.computeOrReadCheckpoint(RDD.scala:367)
[2026-03-11T11:21:46.784+0000] {subprocess.py:93} INFO - 	at org.apache.spark.rdd.RDD.iterator(RDD.scala:331)
[2026-03-11T11:21:46.785+0000] {subprocess.py:93} INFO - 	at org.apache.spark.scheduler.ResultTask.runTask(ResultTask.scala:93)
[2026-03-11T11:21:46.786+0000] {subprocess.py:93} INFO - 	at org.apache.spark.TaskContext.runTaskWithListeners(TaskContext.scala:166)
[2026-03-11T11:21:46.787+0000] {subprocess.py:93} INFO - 	at org.apache.spark.scheduler.Task.run(Task.scala:141)
[2026-03-11T11:21:46.788+0000] {subprocess.py:93} INFO - 	at org.apache.spark.executor.Executor$TaskRunner.$anonfun$run$4(Executor.scala:620)
[2026-03-11T11:21:46.789+0000] {subprocess.py:93} INFO - 	at org.apache.spark.util.SparkErrorUtils.tryWithSafeFinally(SparkErrorUtils.scala:64)
[2026-03-11T11:21:46.790+0000] {subprocess.py:93} INFO - 	at org.apache.spark.util.SparkErrorUtils.tryWithSafeFinally$(SparkErrorUtils.scala:61)
[2026-03-11T11:21:46.793+0000] {subprocess.py:93} INFO - 	at org.apache.spark.util.Utils$.tryWithSafeFinally(Utils.scala:94)
[2026-03-11T11:21:46.794+0000] {subprocess.py:93} INFO - 	at org.apache.spark.executor.Executor$TaskRunner.run(Executor.scala:623)
[2026-03-11T11:21:46.794+0000] {subprocess.py:93} INFO - 	at java.base/java.util.concurrent.ThreadPoolExecutor.runWorker(ThreadPoolExecutor.java:1136)
[2026-03-11T11:21:46.795+0000] {subprocess.py:93} INFO - 	at java.base/java.util.concurrent.ThreadPoolExecutor$Worker.run(ThreadPoolExecutor.java:635)
[2026-03-11T11:21:46.796+0000] {subprocess.py:93} INFO - 	at java.base/java.lang.Thread.run(Thread.java:840)
[2026-03-11T11:21:46.796+0000] {subprocess.py:93} INFO - 
[2026-03-11T11:21:46.797+0000] {subprocess.py:93} INFO - Driver stacktrace:)
[2026-03-11T11:21:46.798+0000] {subprocess.py:93} INFO - 26/03/11 11:21:46 WARN TaskSetManager: Lost task 2.0 in stage 13.0 (TID 47) (8d060d40942f executor driver): TaskKilled (Stage cancelled: Job aborted due to stage failure: Task 0 in stage 13.0 failed 1 times, most recent failure: Lost task 0.0 in stage 13.0 (TID 45) (8d060d40942f executor driver): java.io.IOException: Mkdirs failed to create file:/opt/airflow/data_lake/processed/finance_processed.parquet_tmp_1773228104/_temporary/0/_temporary/attempt_202603111121464732396905231473162_0013_m_000000_45 (exists=false, cwd=file:/tmp/airflowtmp8_mlha80)
[2026-03-11T11:21:46.798+0000] {subprocess.py:93} INFO - 	at org.apache.hadoop.fs.ChecksumFileSystem.create(ChecksumFileSystem.java:515)
[2026-03-11T11:21:46.799+0000] {subprocess.py:93} INFO - 	at org.apache.hadoop.fs.ChecksumFileSystem.create(ChecksumFileSystem.java:500)
[2026-03-11T11:21:46.800+0000] {subprocess.py:93} INFO - 	at org.apache.hadoop.fs.FileSystem.create(FileSystem.java:1195)
[2026-03-11T11:21:46.801+0000] {subprocess.py:93} INFO - 	at org.apache.hadoop.fs.FileSystem.create(FileSystem.java:1175)
[2026-03-11T11:21:46.801+0000] {subprocess.py:93} INFO - 	at org.apache.parquet.hadoop.util.HadoopOutputFile.create(HadoopOutputFile.java:74)
[2026-03-11T11:21:46.802+0000] {subprocess.py:93} INFO - 	at org.apache.parquet.hadoop.ParquetFileWriter.<init>(ParquetFileWriter.java:347)
[2026-03-11T11:21:46.803+0000] {subprocess.py:93} INFO - 	at org.apache.parquet.hadoop.ParquetFileWriter.<init>(ParquetFileWriter.java:314)
[2026-03-11T11:21:46.805+0000] {subprocess.py:93} INFO - 	at org.apache.parquet.hadoop.ParquetOutputFormat.getRecordWriter(ParquetOutputFormat.java:484)
[2026-03-11T11:21:46.808+0000] {subprocess.py:93} INFO - 	at org.apache.parquet.hadoop.ParquetOutputFormat.getRecordWriter(ParquetOutputFormat.java:422)
[2026-03-11T11:21:46.809+0000] {subprocess.py:93} INFO - 	at org.apache.parquet.hadoop.ParquetOutputFormat.getRecordWriter(ParquetOutputFormat.java:411)
[2026-03-11T11:21:46.810+0000] {subprocess.py:93} INFO - 	at org.apache.spark.sql.execution.datasources.parquet.ParquetOutputWriter.<init>(ParquetOutputWriter.scala:36)
[2026-03-11T11:21:46.810+0000] {subprocess.py:93} INFO - 	at org.apache.spark.sql.execution.datasources.parquet.ParquetUtils$$anon$1.newInstance(ParquetUtils.scala:490)
[2026-03-11T11:21:46.811+0000] {subprocess.py:93} INFO - 	at org.apache.spark.sql.execution.datasources.SingleDirectoryDataWriter.newOutputWriter(FileFormatDataWriter.scala:161)
[2026-03-11T11:21:46.812+0000] {subprocess.py:93} INFO - 	at org.apache.spark.sql.execution.datasources.SingleDirectoryDataWriter.<init>(FileFormatDataWriter.scala:146)
[2026-03-11T11:21:46.812+0000] {subprocess.py:93} INFO - 	at org.apache.spark.sql.execution.datasources.FileFormatWriter$.executeTask(FileFormatWriter.scala:389)
[2026-03-11T11:21:46.813+0000] {subprocess.py:93} INFO - 	at org.apache.spark.sql.execution.datasources.WriteFilesExec.$anonfun$doExecuteWrite$1(WriteFiles.scala:100)
[2026-03-11T11:21:46.814+0000] {subprocess.py:93} INFO - 	at org.apache.spark.rdd.RDD.$anonfun$mapPartitionsInternal$2(RDD.scala:893)
[2026-03-11T11:21:46.815+0000] {subprocess.py:93} INFO - 	at org.apache.spark.rdd.RDD.$anonfun$mapPartitionsInternal$2$adapted(RDD.scala:893)
[2026-03-11T11:21:46.815+0000] {subprocess.py:93} INFO - 	at org.apache.spark.rdd.MapPartitionsRDD.compute(MapPartitionsRDD.scala:52)
[2026-03-11T11:21:46.816+0000] {subprocess.py:93} INFO - 	at org.apache.spark.rdd.RDD.computeOrReadCheckpoint(RDD.scala:367)
[2026-03-11T11:21:46.816+0000] {subprocess.py:93} INFO - 	at org.apache.spark.rdd.RDD.iterator(RDD.scala:331)
[2026-03-11T11:21:46.817+0000] {subprocess.py:93} INFO - 	at org.apache.spark.scheduler.ResultTask.runTask(ResultTask.scala:93)
[2026-03-11T11:21:46.819+0000] {subprocess.py:93} INFO - 	at org.apache.spark.TaskContext.runTaskWithListeners(TaskContext.scala:166)
[2026-03-11T11:21:46.820+0000] {subprocess.py:93} INFO - 	at org.apache.spark.scheduler.Task.run(Task.scala:141)
[2026-03-11T11:21:46.823+0000] {subprocess.py:93} INFO - 	at org.apache.spark.executor.Executor$TaskRunner.$anonfun$run$4(Executor.scala:620)
[2026-03-11T11:21:46.825+0000] {subprocess.py:93} INFO - 	at org.apache.spark.util.SparkErrorUtils.tryWithSafeFinally(SparkErrorUtils.scala:64)
[2026-03-11T11:21:46.826+0000] {subprocess.py:93} INFO - 	at org.apache.spark.util.SparkErrorUtils.tryWithSafeFinally$(SparkErrorUtils.scala:61)
[2026-03-11T11:21:46.839+0000] {subprocess.py:93} INFO - 	at org.apache.spark.util.Utils$.tryWithSafeFinally(Utils.scala:94)
[2026-03-11T11:21:46.840+0000] {subprocess.py:93} INFO - 	at org.apache.spark.executor.Executor$TaskRunner.run(Executor.scala:623)
[2026-03-11T11:21:46.841+0000] {subprocess.py:93} INFO - 	at java.base/java.util.concurrent.ThreadPoolExecutor.runWorker(ThreadPoolExecutor.java:1136)
[2026-03-11T11:21:46.842+0000] {subprocess.py:93} INFO - 	at java.base/java.util.concurrent.ThreadPoolExecutor$Worker.run(ThreadPoolExecutor.java:635)
[2026-03-11T11:21:46.843+0000] {subprocess.py:93} INFO - 	at java.base/java.lang.Thread.run(Thread.java:840)
[2026-03-11T11:21:46.843+0000] {subprocess.py:93} INFO - 
[2026-03-11T11:21:46.844+0000] {subprocess.py:93} INFO - Driver stacktrace:)
[2026-03-11T11:21:46.845+0000] {subprocess.py:93} INFO - 26/03/11 11:21:46 WARN TaskSetManager: Lost task 1.0 in stage 13.0 (TID 46) (8d060d40942f executor driver): TaskKilled (Stage cancelled: Job aborted due to stage failure: Task 0 in stage 13.0 failed 1 times, most recent failure: Lost task 0.0 in stage 13.0 (TID 45) (8d060d40942f executor driver): java.io.IOException: Mkdirs failed to create file:/opt/airflow/data_lake/processed/finance_processed.parquet_tmp_1773228104/_temporary/0/_temporary/attempt_202603111121464732396905231473162_0013_m_000000_45 (exists=false, cwd=file:/tmp/airflowtmp8_mlha80)
[2026-03-11T11:21:46.845+0000] {subprocess.py:93} INFO - 	at org.apache.hadoop.fs.ChecksumFileSystem.create(ChecksumFileSystem.java:515)
[2026-03-11T11:21:46.846+0000] {subprocess.py:93} INFO - 	at org.apache.hadoop.fs.ChecksumFileSystem.create(ChecksumFileSystem.java:500)
[2026-03-11T11:21:46.847+0000] {subprocess.py:93} INFO - 	at org.apache.hadoop.fs.FileSystem.create(FileSystem.java:1195)
[2026-03-11T11:21:46.847+0000] {subprocess.py:93} INFO - 	at org.apache.hadoop.fs.FileSystem.create(FileSystem.java:1175)
[2026-03-11T11:21:46.848+0000] {subprocess.py:93} INFO - 	at org.apache.parquet.hadoop.util.HadoopOutputFile.create(HadoopOutputFile.java:74)
[2026-03-11T11:21:46.849+0000] {subprocess.py:93} INFO - 	at org.apache.parquet.hadoop.ParquetFileWriter.<init>(ParquetFileWriter.java:347)
[2026-03-11T11:21:46.849+0000] {subprocess.py:93} INFO - 	at org.apache.parquet.hadoop.ParquetFileWriter.<init>(ParquetFileWriter.java:314)
[2026-03-11T11:21:46.850+0000] {subprocess.py:93} INFO - 	at org.apache.parquet.hadoop.ParquetOutputFormat.getRecordWriter(ParquetOutputFormat.java:484)
[2026-03-11T11:21:46.851+0000] {subprocess.py:93} INFO - 	at org.apache.parquet.hadoop.ParquetOutputFormat.getRecordWriter(ParquetOutputFormat.java:422)
[2026-03-11T11:21:46.851+0000] {subprocess.py:93} INFO - 	at org.apache.parquet.hadoop.ParquetOutputFormat.getRecordWriter(ParquetOutputFormat.java:411)
[2026-03-11T11:21:46.852+0000] {subprocess.py:93} INFO - 	at org.apache.spark.sql.execution.datasources.parquet.ParquetOutputWriter.<init>(ParquetOutputWriter.scala:36)
[2026-03-11T11:21:46.852+0000] {subprocess.py:93} INFO - 	at org.apache.spark.sql.execution.datasources.parquet.ParquetUtils$$anon$1.newInstance(ParquetUtils.scala:490)
[2026-03-11T11:21:46.857+0000] {subprocess.py:93} INFO - 	at org.apache.spark.sql.execution.datasources.SingleDirectoryDataWriter.newOutputWriter(FileFormatDataWriter.scala:161)
[2026-03-11T11:21:46.858+0000] {subprocess.py:93} INFO - 	at org.apache.spark.sql.execution.datasources.SingleDirectoryDataWriter.<init>(FileFormatDataWriter.scala:146)
[2026-03-11T11:21:46.859+0000] {subprocess.py:93} INFO - 	at org.apache.spark.sql.execution.datasources.FileFormatWriter$.executeTask(FileFormatWriter.scala:389)
[2026-03-11T11:21:46.859+0000] {subprocess.py:93} INFO - 	at org.apache.spark.sql.execution.datasources.WriteFilesExec.$anonfun$doExecuteWrite$1(WriteFiles.scala:100)
[2026-03-11T11:21:46.862+0000] {subprocess.py:93} INFO - 	at org.apache.spark.rdd.RDD.$anonfun$mapPartitionsInternal$2(RDD.scala:893)
[2026-03-11T11:21:46.863+0000] {subprocess.py:93} INFO - 	at org.apache.spark.rdd.RDD.$anonfun$mapPartitionsInternal$2$adapted(RDD.scala:893)
[2026-03-11T11:21:46.864+0000] {subprocess.py:93} INFO - 	at org.apache.spark.rdd.MapPartitionsRDD.compute(MapPartitionsRDD.scala:52)
[2026-03-11T11:21:46.864+0000] {subprocess.py:93} INFO - 	at org.apache.spark.rdd.RDD.computeOrReadCheckpoint(RDD.scala:367)
[2026-03-11T11:21:46.865+0000] {subprocess.py:93} INFO - 	at org.apache.spark.rdd.RDD.iterator(RDD.scala:331)
[2026-03-11T11:21:46.866+0000] {subprocess.py:93} INFO - 	at org.apache.spark.scheduler.ResultTask.runTask(ResultTask.scala:93)
[2026-03-11T11:21:46.867+0000] {subprocess.py:93} INFO - 	at org.apache.spark.TaskContext.runTaskWithListeners(TaskContext.scala:166)
[2026-03-11T11:21:46.868+0000] {subprocess.py:93} INFO - 	at org.apache.spark.scheduler.Task.run(Task.scala:141)
[2026-03-11T11:21:46.868+0000] {subprocess.py:93} INFO - 	at org.apache.spark.executor.Executor$TaskRunner.$anonfun$run$4(Executor.scala:620)
[2026-03-11T11:21:46.869+0000] {subprocess.py:93} INFO - 	at org.apache.spark.util.SparkErrorUtils.tryWithSafeFinally(SparkErrorUtils.scala:64)
[2026-03-11T11:21:46.870+0000] {subprocess.py:93} INFO - 	at org.apache.spark.util.SparkErrorUtils.tryWithSafeFinally$(SparkErrorUtils.scala:61)
[2026-03-11T11:21:46.871+0000] {subprocess.py:93} INFO - 	at org.apache.spark.util.Utils$.tryWithSafeFinally(Utils.scala:94)
[2026-03-11T11:21:46.875+0000] {subprocess.py:93} INFO - 	at org.apache.spark.executor.Executor$TaskRunner.run(Executor.scala:623)
[2026-03-11T11:21:46.875+0000] {subprocess.py:93} INFO - 	at java.base/java.util.concurrent.ThreadPoolExecutor.runWorker(ThreadPoolExecutor.java:1136)
[2026-03-11T11:21:46.876+0000] {subprocess.py:93} INFO - 	at java.base/java.util.concurrent.ThreadPoolExecutor$Worker.run(ThreadPoolExecutor.java:635)
[2026-03-11T11:21:46.877+0000] {subprocess.py:93} INFO - 	at java.base/java.lang.Thread.run(Thread.java:840)
[2026-03-11T11:21:46.878+0000] {subprocess.py:93} INFO - 
[2026-03-11T11:21:46.879+0000] {subprocess.py:93} INFO - Driver stacktrace:)
[2026-03-11T11:21:46.882+0000] {subprocess.py:93} INFO - 26/03/11 11:21:46 WARN TaskSetManager: Lost task 6.0 in stage 13.0 (TID 51) (8d060d40942f executor driver): TaskKilled (Stage cancelled: Job aborted due to stage failure: Task 0 in stage 13.0 failed 1 times, most recent failure: Lost task 0.0 in stage 13.0 (TID 45) (8d060d40942f executor driver): java.io.IOException: Mkdirs failed to create file:/opt/airflow/data_lake/processed/finance_processed.parquet_tmp_1773228104/_temporary/0/_temporary/attempt_202603111121464732396905231473162_0013_m_000000_45 (exists=false, cwd=file:/tmp/airflowtmp8_mlha80)
[2026-03-11T11:21:46.883+0000] {subprocess.py:93} INFO - 	at org.apache.hadoop.fs.ChecksumFileSystem.create(ChecksumFileSystem.java:515)
[2026-03-11T11:21:46.883+0000] {subprocess.py:93} INFO - 	at org.apache.hadoop.fs.ChecksumFileSystem.create(ChecksumFileSystem.java:500)
[2026-03-11T11:21:46.884+0000] {subprocess.py:93} INFO - 	at org.apache.hadoop.fs.FileSystem.create(FileSystem.java:1195)
[2026-03-11T11:21:46.885+0000] {subprocess.py:93} INFO - 	at org.apache.hadoop.fs.FileSystem.create(FileSystem.java:1175)
[2026-03-11T11:21:46.885+0000] {subprocess.py:93} INFO - 	at org.apache.parquet.hadoop.util.HadoopOutputFile.create(HadoopOutputFile.java:74)
[2026-03-11T11:21:46.886+0000] {subprocess.py:93} INFO - 	at org.apache.parquet.hadoop.ParquetFileWriter.<init>(ParquetFileWriter.java:347)
[2026-03-11T11:21:46.886+0000] {subprocess.py:93} INFO - 	at org.apache.parquet.hadoop.ParquetFileWriter.<init>(ParquetFileWriter.java:314)
[2026-03-11T11:21:46.887+0000] {subprocess.py:93} INFO - 	at org.apache.parquet.hadoop.ParquetOutputFormat.getRecordWriter(ParquetOutputFormat.java:484)
[2026-03-11T11:21:46.888+0000] {subprocess.py:93} INFO - 	at org.apache.parquet.hadoop.ParquetOutputFormat.getRecordWriter(ParquetOutputFormat.java:422)
[2026-03-11T11:21:46.888+0000] {subprocess.py:93} INFO - 	at org.apache.parquet.hadoop.ParquetOutputFormat.getRecordWriter(ParquetOutputFormat.java:411)
[2026-03-11T11:21:46.889+0000] {subprocess.py:93} INFO - 	at org.apache.spark.sql.execution.datasources.parquet.ParquetOutputWriter.<init>(ParquetOutputWriter.scala:36)
[2026-03-11T11:21:46.890+0000] {subprocess.py:93} INFO - 	at org.apache.spark.sql.execution.datasources.parquet.ParquetUtils$$anon$1.newInstance(ParquetUtils.scala:490)
[2026-03-11T11:21:46.891+0000] {subprocess.py:93} INFO - 	at org.apache.spark.sql.execution.datasources.SingleDirectoryDataWriter.newOutputWriter(FileFormatDataWriter.scala:161)
[2026-03-11T11:21:46.892+0000] {subprocess.py:93} INFO - 	at org.apache.spark.sql.execution.datasources.SingleDirectoryDataWriter.<init>(FileFormatDataWriter.scala:146)
[2026-03-11T11:21:46.893+0000] {subprocess.py:93} INFO - 	at org.apache.spark.sql.execution.datasources.FileFormatWriter$.executeTask(FileFormatWriter.scala:389)
[2026-03-11T11:21:46.894+0000] {subprocess.py:93} INFO - 	at org.apache.spark.sql.execution.datasources.WriteFilesExec.$anonfun$doExecuteWrite$1(WriteFiles.scala:100)
[2026-03-11T11:21:46.895+0000] {subprocess.py:93} INFO - 	at org.apache.spark.rdd.RDD.$anonfun$mapPartitionsInternal$2(RDD.scala:893)
[2026-03-11T11:21:46.895+0000] {subprocess.py:93} INFO - 	at org.apache.spark.rdd.RDD.$anonfun$mapPartitionsInternal$2$adapted(RDD.scala:893)
[2026-03-11T11:21:46.896+0000] {subprocess.py:93} INFO - 	at org.apache.spark.rdd.MapPartitionsRDD.compute(MapPartitionsRDD.scala:52)
[2026-03-11T11:21:46.897+0000] {subprocess.py:93} INFO - 	at org.apache.spark.rdd.RDD.computeOrReadCheckpoint(RDD.scala:367)
[2026-03-11T11:21:46.898+0000] {subprocess.py:93} INFO - 	at org.apache.spark.rdd.RDD.iterator(RDD.scala:331)
[2026-03-11T11:21:46.899+0000] {subprocess.py:93} INFO - 	at org.apache.spark.scheduler.ResultTask.runTask(ResultTask.scala:93)
[2026-03-11T11:21:46.900+0000] {subprocess.py:93} INFO - 	at org.apache.spark.TaskContext.runTaskWithListeners(TaskContext.scala:166)
[2026-03-11T11:21:46.901+0000] {subprocess.py:93} INFO - 	at org.apache.spark.scheduler.Task.run(Task.scala:141)
[2026-03-11T11:21:46.903+0000] {subprocess.py:93} INFO - 	at org.apache.spark.executor.Executor$TaskRunner.$anonfun$run$4(Executor.scala:620)
[2026-03-11T11:21:46.904+0000] {subprocess.py:93} INFO - 	at org.apache.spark.util.SparkErrorUtils.tryWithSafeFinally(SparkErrorUtils.scala:64)
[2026-03-11T11:21:46.904+0000] {subprocess.py:93} INFO - 	at org.apache.spark.util.SparkErrorUtils.tryWithSafeFinally$(SparkErrorUtils.scala:61)
[2026-03-11T11:21:46.906+0000] {subprocess.py:93} INFO - 	at org.apache.spark.util.Utils$.tryWithSafeFinally(Utils.scala:94)
[2026-03-11T11:21:46.907+0000] {subprocess.py:93} INFO - 	at org.apache.spark.executor.Executor$TaskRunner.run(Executor.scala:623)
[2026-03-11T11:21:46.907+0000] {subprocess.py:93} INFO - 	at java.base/java.util.concurrent.ThreadPoolExecutor.runWorker(ThreadPoolExecutor.java:1136)
[2026-03-11T11:21:46.908+0000] {subprocess.py:93} INFO - 	at java.base/java.util.concurrent.ThreadPoolExecutor$Worker.run(ThreadPoolExecutor.java:635)
[2026-03-11T11:21:46.910+0000] {subprocess.py:93} INFO - 	at java.base/java.lang.Thread.run(Thread.java:840)
[2026-03-11T11:21:46.911+0000] {subprocess.py:93} INFO - 
[2026-03-11T11:21:46.912+0000] {subprocess.py:93} INFO - Driver stacktrace:)
[2026-03-11T11:21:46.913+0000] {subprocess.py:93} INFO - 26/03/11 11:21:46 WARN TaskSetManager: Lost task 3.0 in stage 13.0 (TID 48) (8d060d40942f executor driver): TaskKilled (Stage cancelled: Job aborted due to stage failure: Task 0 in stage 13.0 failed 1 times, most recent failure: Lost task 0.0 in stage 13.0 (TID 45) (8d060d40942f executor driver): java.io.IOException: Mkdirs failed to create file:/opt/airflow/data_lake/processed/finance_processed.parquet_tmp_1773228104/_temporary/0/_temporary/attempt_202603111121464732396905231473162_0013_m_000000_45 (exists=false, cwd=file:/tmp/airflowtmp8_mlha80)
[2026-03-11T11:21:46.915+0000] {subprocess.py:93} INFO - 	at org.apache.hadoop.fs.ChecksumFileSystem.create(ChecksumFileSystem.java:515)
[2026-03-11T11:21:46.916+0000] {subprocess.py:93} INFO - 	at org.apache.hadoop.fs.ChecksumFileSystem.create(ChecksumFileSystem.java:500)
[2026-03-11T11:21:46.917+0000] {subprocess.py:93} INFO - 	at org.apache.hadoop.fs.FileSystem.create(FileSystem.java:1195)
[2026-03-11T11:21:46.918+0000] {subprocess.py:93} INFO - 	at org.apache.hadoop.fs.FileSystem.create(FileSystem.java:1175)
[2026-03-11T11:21:46.921+0000] {subprocess.py:93} INFO - 	at org.apache.parquet.hadoop.util.HadoopOutputFile.create(HadoopOutputFile.java:74)
[2026-03-11T11:21:46.922+0000] {subprocess.py:93} INFO - 	at org.apache.parquet.hadoop.ParquetFileWriter.<init>(ParquetFileWriter.java:347)
[2026-03-11T11:21:46.923+0000] {subprocess.py:93} INFO - 	at org.apache.parquet.hadoop.ParquetFileWriter.<init>(ParquetFileWriter.java:314)
[2026-03-11T11:21:46.924+0000] {subprocess.py:93} INFO - 	at org.apache.parquet.hadoop.ParquetOutputFormat.getRecordWriter(ParquetOutputFormat.java:484)
[2026-03-11T11:21:46.924+0000] {subprocess.py:93} INFO - 	at org.apache.parquet.hadoop.ParquetOutputFormat.getRecordWriter(ParquetOutputFormat.java:422)
[2026-03-11T11:21:46.925+0000] {subprocess.py:93} INFO - 	at org.apache.parquet.hadoop.ParquetOutputFormat.getRecordWriter(ParquetOutputFormat.java:411)
[2026-03-11T11:21:46.925+0000] {subprocess.py:93} INFO - 	at org.apache.spark.sql.execution.datasources.parquet.ParquetOutputWriter.<init>(ParquetOutputWriter.scala:36)
[2026-03-11T11:21:46.926+0000] {subprocess.py:93} INFO - 	at org.apache.spark.sql.execution.datasources.parquet.ParquetUtils$$anon$1.newInstance(ParquetUtils.scala:490)
[2026-03-11T11:21:46.927+0000] {subprocess.py:93} INFO - 	at org.apache.spark.sql.execution.datasources.SingleDirectoryDataWriter.newOutputWriter(FileFormatDataWriter.scala:161)
[2026-03-11T11:21:46.937+0000] {subprocess.py:93} INFO - 	at org.apache.spark.sql.execution.datasources.SingleDirectoryDataWriter.<init>(FileFormatDataWriter.scala:146)
[2026-03-11T11:21:46.938+0000] {subprocess.py:93} INFO - 	at org.apache.spark.sql.execution.datasources.FileFormatWriter$.executeTask(FileFormatWriter.scala:389)
[2026-03-11T11:21:46.939+0000] {subprocess.py:93} INFO - 	at org.apache.spark.sql.execution.datasources.WriteFilesExec.$anonfun$doExecuteWrite$1(WriteFiles.scala:100)
[2026-03-11T11:21:46.940+0000] {subprocess.py:93} INFO - 	at org.apache.spark.rdd.RDD.$anonfun$mapPartitionsInternal$2(RDD.scala:893)
[2026-03-11T11:21:46.940+0000] {subprocess.py:93} INFO - 	at org.apache.spark.rdd.RDD.$anonfun$mapPartitionsInternal$2$adapted(RDD.scala:893)
[2026-03-11T11:21:46.941+0000] {subprocess.py:93} INFO - 	at org.apache.spark.rdd.MapPartitionsRDD.compute(MapPartitionsRDD.scala:52)
[2026-03-11T11:21:46.942+0000] {subprocess.py:93} INFO - 	at org.apache.spark.rdd.RDD.computeOrReadCheckpoint(RDD.scala:367)
[2026-03-11T11:21:46.943+0000] {subprocess.py:93} INFO - 	at org.apache.spark.rdd.RDD.iterator(RDD.scala:331)
[2026-03-11T11:21:46.944+0000] {subprocess.py:93} INFO - 	at org.apache.spark.scheduler.ResultTask.runTask(ResultTask.scala:93)
[2026-03-11T11:21:46.948+0000] {subprocess.py:93} INFO - 	at org.apache.spark.TaskContext.runTaskWithListeners(TaskContext.scala:166)
[2026-03-11T11:21:46.949+0000] {subprocess.py:93} INFO - 	at org.apache.spark.scheduler.Task.run(Task.scala:141)
[2026-03-11T11:21:46.950+0000] {subprocess.py:93} INFO - 	at org.apache.spark.executor.Executor$TaskRunner.$anonfun$run$4(Executor.scala:620)
[2026-03-11T11:21:46.950+0000] {subprocess.py:93} INFO - 	at org.apache.spark.util.SparkErrorUtils.tryWithSafeFinally(SparkErrorUtils.scala:64)
[2026-03-11T11:21:46.953+0000] {subprocess.py:93} INFO - 	at org.apache.spark.util.SparkErrorUtils.tryWithSafeFinally$(SparkErrorUtils.scala:61)
[2026-03-11T11:21:46.956+0000] {subprocess.py:93} INFO - 	at org.apache.spark.util.Utils$.tryWithSafeFinally(Utils.scala:94)
[2026-03-11T11:21:46.957+0000] {subprocess.py:93} INFO - 	at org.apache.spark.executor.Executor$TaskRunner.run(Executor.scala:623)
[2026-03-11T11:21:46.958+0000] {subprocess.py:93} INFO - 	at java.base/java.util.concurrent.ThreadPoolExecutor.runWorker(ThreadPoolExecutor.java:1136)
[2026-03-11T11:21:46.959+0000] {subprocess.py:93} INFO - 	at java.base/java.util.concurrent.ThreadPoolExecutor$Worker.run(ThreadPoolExecutor.java:635)
[2026-03-11T11:21:46.959+0000] {subprocess.py:93} INFO - 	at java.base/java.lang.Thread.run(Thread.java:840)
[2026-03-11T11:21:46.960+0000] {subprocess.py:93} INFO - 
[2026-03-11T11:21:46.970+0000] {subprocess.py:93} INFO - Driver stacktrace:)
[2026-03-11T11:21:46.972+0000] {subprocess.py:93} INFO - 26/03/11 11:21:46 ERROR FileFormatWriter: Aborting job 487cbb8b-35d1-4882-aba6-507b7021eead.
[2026-03-11T11:21:46.973+0000] {subprocess.py:93} INFO - org.apache.spark.SparkException: Job aborted due to stage failure: Task 0 in stage 13.0 failed 1 times, most recent failure: Lost task 0.0 in stage 13.0 (TID 45) (8d060d40942f executor driver): java.io.IOException: Mkdirs failed to create file:/opt/airflow/data_lake/processed/finance_processed.parquet_tmp_1773228104/_temporary/0/_temporary/attempt_202603111121464732396905231473162_0013_m_000000_45 (exists=false, cwd=file:/tmp/airflowtmp8_mlha80)
[2026-03-11T11:21:46.973+0000] {subprocess.py:93} INFO - 	at org.apache.hadoop.fs.ChecksumFileSystem.create(ChecksumFileSystem.java:515)
[2026-03-11T11:21:46.974+0000] {subprocess.py:93} INFO - 	at org.apache.hadoop.fs.ChecksumFileSystem.create(ChecksumFileSystem.java:500)
[2026-03-11T11:21:46.975+0000] {subprocess.py:93} INFO - 	at org.apache.hadoop.fs.FileSystem.create(FileSystem.java:1195)
[2026-03-11T11:21:46.976+0000] {subprocess.py:93} INFO - 	at org.apache.hadoop.fs.FileSystem.create(FileSystem.java:1175)
[2026-03-11T11:21:46.976+0000] {subprocess.py:93} INFO - 	at org.apache.parquet.hadoop.util.HadoopOutputFile.create(HadoopOutputFile.java:74)
[2026-03-11T11:21:46.977+0000] {subprocess.py:93} INFO - 	at org.apache.parquet.hadoop.ParquetFileWriter.<init>(ParquetFileWriter.java:347)
[2026-03-11T11:21:46.977+0000] {subprocess.py:93} INFO - 	at org.apache.parquet.hadoop.ParquetFileWriter.<init>(ParquetFileWriter.java:314)
[2026-03-11T11:21:46.978+0000] {subprocess.py:93} INFO - 	at org.apache.parquet.hadoop.ParquetOutputFormat.getRecordWriter(ParquetOutputFormat.java:484)
[2026-03-11T11:21:46.979+0000] {subprocess.py:93} INFO - 	at org.apache.parquet.hadoop.ParquetOutputFormat.getRecordWriter(ParquetOutputFormat.java:422)
[2026-03-11T11:21:46.983+0000] {subprocess.py:93} INFO - 	at org.apache.parquet.hadoop.ParquetOutputFormat.getRecordWriter(ParquetOutputFormat.java:411)
[2026-03-11T11:21:46.984+0000] {subprocess.py:93} INFO - 	at org.apache.spark.sql.execution.datasources.parquet.ParquetOutputWriter.<init>(ParquetOutputWriter.scala:36)
[2026-03-11T11:21:46.984+0000] {subprocess.py:93} INFO - 	at org.apache.spark.sql.execution.datasources.parquet.ParquetUtils$$anon$1.newInstance(ParquetUtils.scala:490)
[2026-03-11T11:21:46.988+0000] {subprocess.py:93} INFO - 	at org.apache.spark.sql.execution.datasources.SingleDirectoryDataWriter.newOutputWriter(FileFormatDataWriter.scala:161)
[2026-03-11T11:21:46.990+0000] {subprocess.py:93} INFO - 	at org.apache.spark.sql.execution.datasources.SingleDirectoryDataWriter.<init>(FileFormatDataWriter.scala:146)
[2026-03-11T11:21:46.991+0000] {subprocess.py:93} INFO - 	at org.apache.spark.sql.execution.datasources.FileFormatWriter$.executeTask(FileFormatWriter.scala:389)
[2026-03-11T11:21:46.992+0000] {subprocess.py:93} INFO - 	at org.apache.spark.sql.execution.datasources.WriteFilesExec.$anonfun$doExecuteWrite$1(WriteFiles.scala:100)
[2026-03-11T11:21:46.992+0000] {subprocess.py:93} INFO - 	at org.apache.spark.rdd.RDD.$anonfun$mapPartitionsInternal$2(RDD.scala:893)
[2026-03-11T11:21:46.993+0000] {subprocess.py:93} INFO - 	at org.apache.spark.rdd.RDD.$anonfun$mapPartitionsInternal$2$adapted(RDD.scala:893)
[2026-03-11T11:21:46.994+0000] {subprocess.py:93} INFO - 	at org.apache.spark.rdd.MapPartitionsRDD.compute(MapPartitionsRDD.scala:52)
[2026-03-11T11:21:46.994+0000] {subprocess.py:93} INFO - 	at org.apache.spark.rdd.RDD.computeOrReadCheckpoint(RDD.scala:367)
[2026-03-11T11:21:46.995+0000] {subprocess.py:93} INFO - 	at org.apache.spark.rdd.RDD.iterator(RDD.scala:331)
[2026-03-11T11:21:46.996+0000] {subprocess.py:93} INFO - 	at org.apache.spark.scheduler.ResultTask.runTask(ResultTask.scala:93)
[2026-03-11T11:21:46.996+0000] {subprocess.py:93} INFO - 	at org.apache.spark.TaskContext.runTaskWithListeners(TaskContext.scala:166)
[2026-03-11T11:21:46.997+0000] {subprocess.py:93} INFO - 	at org.apache.spark.scheduler.Task.run(Task.scala:141)
[2026-03-11T11:21:46.997+0000] {subprocess.py:93} INFO - 	at org.apache.spark.executor.Executor$TaskRunner.$anonfun$run$4(Executor.scala:620)
[2026-03-11T11:21:46.999+0000] {subprocess.py:93} INFO - 	at org.apache.spark.util.SparkErrorUtils.tryWithSafeFinally(SparkErrorUtils.scala:64)
[2026-03-11T11:21:47.001+0000] {subprocess.py:93} INFO - 	at org.apache.spark.util.SparkErrorUtils.tryWithSafeFinally$(SparkErrorUtils.scala:61)
[2026-03-11T11:21:47.002+0000] {subprocess.py:93} INFO - 	at org.apache.spark.util.Utils$.tryWithSafeFinally(Utils.scala:94)
[2026-03-11T11:21:47.004+0000] {subprocess.py:93} INFO - 	at org.apache.spark.executor.Executor$TaskRunner.run(Executor.scala:623)
[2026-03-11T11:21:47.007+0000] {subprocess.py:93} INFO - 	at java.base/java.util.concurrent.ThreadPoolExecutor.runWorker(ThreadPoolExecutor.java:1136)
[2026-03-11T11:21:47.008+0000] {subprocess.py:93} INFO - 	at java.base/java.util.concurrent.ThreadPoolExecutor$Worker.run(ThreadPoolExecutor.java:635)
[2026-03-11T11:21:47.008+0000] {subprocess.py:93} INFO - 	at java.base/java.lang.Thread.run(Thread.java:840)
[2026-03-11T11:21:47.009+0000] {subprocess.py:93} INFO - 
[2026-03-11T11:21:47.010+0000] {subprocess.py:93} INFO - Driver stacktrace:
[2026-03-11T11:21:47.011+0000] {subprocess.py:93} INFO - 	at org.apache.spark.scheduler.DAGScheduler.failJobAndIndependentStages(DAGScheduler.scala:2856)
[2026-03-11T11:21:47.012+0000] {subprocess.py:93} INFO - 	at org.apache.spark.scheduler.DAGScheduler.$anonfun$abortStage$2(DAGScheduler.scala:2792)
[2026-03-11T11:21:47.012+0000] {subprocess.py:93} INFO - 	at org.apache.spark.scheduler.DAGScheduler.$anonfun$abortStage$2$adapted(DAGScheduler.scala:2791)
[2026-03-11T11:21:47.013+0000] {subprocess.py:93} INFO - 	at scala.collection.mutable.ResizableArray.foreach(ResizableArray.scala:62)
[2026-03-11T11:21:47.016+0000] {subprocess.py:93} INFO - 	at scala.collection.mutable.ResizableArray.foreach$(ResizableArray.scala:55)
[2026-03-11T11:21:47.016+0000] {subprocess.py:93} INFO - 	at scala.collection.mutable.ArrayBuffer.foreach(ArrayBuffer.scala:49)
[2026-03-11T11:21:47.017+0000] {subprocess.py:93} INFO - 	at org.apache.spark.scheduler.DAGScheduler.abortStage(DAGScheduler.scala:2791)
[2026-03-11T11:21:47.018+0000] {subprocess.py:93} INFO - 	at org.apache.spark.scheduler.DAGScheduler.$anonfun$handleTaskSetFailed$1(DAGScheduler.scala:1247)
[2026-03-11T11:21:47.019+0000] {subprocess.py:93} INFO - 	at org.apache.spark.scheduler.DAGScheduler.$anonfun$handleTaskSetFailed$1$adapted(DAGScheduler.scala:1247)
[2026-03-11T11:21:47.020+0000] {subprocess.py:93} INFO - 	at scala.Option.foreach(Option.scala:407)
[2026-03-11T11:21:47.020+0000] {subprocess.py:93} INFO - 	at org.apache.spark.scheduler.DAGScheduler.handleTaskSetFailed(DAGScheduler.scala:1247)
[2026-03-11T11:21:47.021+0000] {subprocess.py:93} INFO - 	at org.apache.spark.scheduler.DAGSchedulerEventProcessLoop.doOnReceive(DAGScheduler.scala:3060)
[2026-03-11T11:21:47.022+0000] {subprocess.py:93} INFO - 	at org.apache.spark.scheduler.DAGSchedulerEventProcessLoop.onReceive(DAGScheduler.scala:2994)
[2026-03-11T11:21:47.023+0000] {subprocess.py:93} INFO - 	at org.apache.spark.scheduler.DAGSchedulerEventProcessLoop.onReceive(DAGScheduler.scala:2983)
[2026-03-11T11:21:47.026+0000] {subprocess.py:93} INFO - 	at org.apache.spark.util.EventLoop$$anon$1.run(EventLoop.scala:49)
[2026-03-11T11:21:47.026+0000] {subprocess.py:93} INFO - 	at org.apache.spark.scheduler.DAGScheduler.runJob(DAGScheduler.scala:989)
[2026-03-11T11:21:47.027+0000] {subprocess.py:93} INFO - 	at org.apache.spark.SparkContext.runJob(SparkContext.scala:2398)
[2026-03-11T11:21:47.028+0000] {subprocess.py:93} INFO - 	at org.apache.spark.sql.execution.datasources.FileFormatWriter$.$anonfun$executeWrite$4(FileFormatWriter.scala:307)
[2026-03-11T11:21:47.028+0000] {subprocess.py:93} INFO - 	at org.apache.spark.sql.execution.datasources.FileFormatWriter$.writeAndCommit(FileFormatWriter.scala:271)
[2026-03-11T11:21:47.029+0000] {subprocess.py:93} INFO - 	at org.apache.spark.sql.execution.datasources.FileFormatWriter$.executeWrite(FileFormatWriter.scala:304)
[2026-03-11T11:21:47.029+0000] {subprocess.py:93} INFO - 	at org.apache.spark.sql.execution.datasources.FileFormatWriter$.write(FileFormatWriter.scala:190)
[2026-03-11T11:21:47.030+0000] {subprocess.py:93} INFO - 	at org.apache.spark.sql.execution.datasources.InsertIntoHadoopFsRelationCommand.run(InsertIntoHadoopFsRelationCommand.scala:190)
[2026-03-11T11:21:47.030+0000] {subprocess.py:93} INFO - 	at org.apache.spark.sql.execution.command.DataWritingCommandExec.sideEffectResult$lzycompute(commands.scala:113)
[2026-03-11T11:21:47.031+0000] {subprocess.py:93} INFO - 	at org.apache.spark.sql.execution.command.DataWritingCommandExec.sideEffectResult(commands.scala:111)
[2026-03-11T11:21:47.031+0000] {subprocess.py:93} INFO - 	at org.apache.spark.sql.execution.command.DataWritingCommandExec.executeCollect(commands.scala:125)
[2026-03-11T11:21:47.032+0000] {subprocess.py:93} INFO - 	at org.apache.spark.sql.execution.adaptive.AdaptiveSparkPlanExec.$anonfun$executeCollect$1(AdaptiveSparkPlanExec.scala:390)
[2026-03-11T11:21:47.032+0000] {subprocess.py:93} INFO - 	at org.apache.spark.sql.execution.adaptive.AdaptiveSparkPlanExec.withFinalPlanUpdate(AdaptiveSparkPlanExec.scala:418)
[2026-03-11T11:21:47.033+0000] {subprocess.py:93} INFO - 	at org.apache.spark.sql.execution.adaptive.AdaptiveSparkPlanExec.executeCollect(AdaptiveSparkPlanExec.scala:390)
[2026-03-11T11:21:47.034+0000] {subprocess.py:93} INFO - 	at org.apache.spark.sql.execution.QueryExecution$$anonfun$eagerlyExecuteCommands$1.$anonfun$applyOrElse$1(QueryExecution.scala:107)
[2026-03-11T11:21:47.037+0000] {subprocess.py:93} INFO - 	at org.apache.spark.sql.execution.SQLExecution$.$anonfun$withNewExecutionId$6(SQLExecution.scala:125)
[2026-03-11T11:21:47.038+0000] {subprocess.py:93} INFO - 	at org.apache.spark.sql.execution.SQLExecution$.withSQLConfPropagated(SQLExecution.scala:201)
[2026-03-11T11:21:47.040+0000] {subprocess.py:93} INFO - 	at org.apache.spark.sql.execution.SQLExecution$.$anonfun$withNewExecutionId$1(SQLExecution.scala:108)
[2026-03-11T11:21:47.042+0000] {subprocess.py:93} INFO - 	at org.apache.spark.sql.SparkSession.withActive(SparkSession.scala:900)
[2026-03-11T11:21:47.043+0000] {subprocess.py:93} INFO - 	at org.apache.spark.sql.execution.SQLExecution$.withNewExecutionId(SQLExecution.scala:66)
[2026-03-11T11:21:47.045+0000] {subprocess.py:93} INFO - 	at org.apache.spark.sql.execution.QueryExecution$$anonfun$eagerlyExecuteCommands$1.applyOrElse(QueryExecution.scala:107)
[2026-03-11T11:21:47.045+0000] {subprocess.py:93} INFO - 	at org.apache.spark.sql.execution.QueryExecution$$anonfun$eagerlyExecuteCommands$1.applyOrElse(QueryExecution.scala:98)
[2026-03-11T11:21:47.046+0000] {subprocess.py:93} INFO - 	at org.apache.spark.sql.catalyst.trees.TreeNode.$anonfun$transformDownWithPruning$1(TreeNode.scala:461)
[2026-03-11T11:21:47.047+0000] {subprocess.py:93} INFO - 	at org.apache.spark.sql.catalyst.trees.CurrentOrigin$.withOrigin(origin.scala:76)
[2026-03-11T11:21:47.047+0000] {subprocess.py:93} INFO - 	at org.apache.spark.sql.catalyst.trees.TreeNode.transformDownWithPruning(TreeNode.scala:461)
[2026-03-11T11:21:47.048+0000] {subprocess.py:93} INFO - 	at org.apache.spark.sql.catalyst.plans.logical.LogicalPlan.org$apache$spark$sql$catalyst$plans$logical$AnalysisHelper$$super$transformDownWithPruning(LogicalPlan.scala:32)
[2026-03-11T11:21:47.048+0000] {subprocess.py:93} INFO - 	at org.apache.spark.sql.catalyst.plans.logical.AnalysisHelper.transformDownWithPruning(AnalysisHelper.scala:267)
[2026-03-11T11:21:47.049+0000] {subprocess.py:93} INFO - 	at org.apache.spark.sql.catalyst.plans.logical.AnalysisHelper.transformDownWithPruning$(AnalysisHelper.scala:263)
[2026-03-11T11:21:47.049+0000] {subprocess.py:93} INFO - 	at org.apache.spark.sql.catalyst.plans.logical.LogicalPlan.transformDownWithPruning(LogicalPlan.scala:32)
[2026-03-11T11:21:47.050+0000] {subprocess.py:93} INFO - 	at org.apache.spark.sql.catalyst.plans.logical.LogicalPlan.transformDownWithPruning(LogicalPlan.scala:32)
[2026-03-11T11:21:47.050+0000] {subprocess.py:93} INFO - 	at org.apache.spark.sql.catalyst.trees.TreeNode.transformDown(TreeNode.scala:437)
[2026-03-11T11:21:47.051+0000] {subprocess.py:93} INFO - 	at org.apache.spark.sql.execution.QueryExecution.eagerlyExecuteCommands(QueryExecution.scala:98)
[2026-03-11T11:21:47.051+0000] {subprocess.py:93} INFO - 	at org.apache.spark.sql.execution.QueryExecution.commandExecuted$lzycompute(QueryExecution.scala:85)
[2026-03-11T11:21:47.052+0000] {subprocess.py:93} INFO - 	at org.apache.spark.sql.execution.QueryExecution.commandExecuted(QueryExecution.scala:83)
[2026-03-11T11:21:47.052+0000] {subprocess.py:93} INFO - 	at org.apache.spark.sql.execution.QueryExecution.assertCommandExecuted(QueryExecution.scala:142)
[2026-03-11T11:21:47.055+0000] {subprocess.py:93} INFO - 	at org.apache.spark.sql.DataFrameWriter.runCommand(DataFrameWriter.scala:859)
[2026-03-11T11:21:47.057+0000] {subprocess.py:93} INFO - 	at org.apache.spark.sql.DataFrameWriter.saveToV1Source(DataFrameWriter.scala:388)
[2026-03-11T11:21:47.058+0000] {subprocess.py:93} INFO - 	at org.apache.spark.sql.DataFrameWriter.saveInternal(DataFrameWriter.scala:361)
[2026-03-11T11:21:47.059+0000] {subprocess.py:93} INFO - 	at org.apache.spark.sql.DataFrameWriter.save(DataFrameWriter.scala:240)
[2026-03-11T11:21:47.060+0000] {subprocess.py:93} INFO - 	at org.apache.spark.sql.DataFrameWriter.parquet(DataFrameWriter.scala:792)
[2026-03-11T11:21:47.061+0000] {subprocess.py:93} INFO - 	at java.base/jdk.internal.reflect.NativeMethodAccessorImpl.invoke0(Native Method)
[2026-03-11T11:21:47.062+0000] {subprocess.py:93} INFO - 	at java.base/jdk.internal.reflect.NativeMethodAccessorImpl.invoke(NativeMethodAccessorImpl.java:77)
[2026-03-11T11:21:47.063+0000] {subprocess.py:93} INFO - 	at java.base/jdk.internal.reflect.DelegatingMethodAccessorImpl.invoke(DelegatingMethodAccessorImpl.java:43)
[2026-03-11T11:21:47.064+0000] {subprocess.py:93} INFO - 	at java.base/java.lang.reflect.Method.invoke(Method.java:569)
[2026-03-11T11:21:47.064+0000] {subprocess.py:93} INFO - 	at py4j.reflection.MethodInvoker.invoke(MethodInvoker.java:244)
[2026-03-11T11:21:47.065+0000] {subprocess.py:93} INFO - 	at py4j.reflection.ReflectionEngine.invoke(ReflectionEngine.java:374)
[2026-03-11T11:21:47.065+0000] {subprocess.py:93} INFO - 	at py4j.Gateway.invoke(Gateway.java:282)
[2026-03-11T11:21:47.066+0000] {subprocess.py:93} INFO - 	at py4j.commands.AbstractCommand.invokeMethod(AbstractCommand.java:132)
[2026-03-11T11:21:47.066+0000] {subprocess.py:93} INFO - 	at py4j.commands.CallCommand.execute(CallCommand.java:79)
[2026-03-11T11:21:47.067+0000] {subprocess.py:93} INFO - 	at py4j.ClientServerConnection.waitForCommands(ClientServerConnection.java:182)
[2026-03-11T11:21:47.067+0000] {subprocess.py:93} INFO - 	at py4j.ClientServerConnection.run(ClientServerConnection.java:106)
[2026-03-11T11:21:47.068+0000] {subprocess.py:93} INFO - 	at java.base/java.lang.Thread.run(Thread.java:840)
[2026-03-11T11:21:47.068+0000] {subprocess.py:93} INFO - Caused by: java.io.IOException: Mkdirs failed to create file:/opt/airflow/data_lake/processed/finance_processed.parquet_tmp_1773228104/_temporary/0/_temporary/attempt_202603111121464732396905231473162_0013_m_000000_45 (exists=false, cwd=file:/tmp/airflowtmp8_mlha80)
[2026-03-11T11:21:47.069+0000] {subprocess.py:93} INFO - 	at org.apache.hadoop.fs.ChecksumFileSystem.create(ChecksumFileSystem.java:515)
[2026-03-11T11:21:47.070+0000] {subprocess.py:93} INFO - 	at org.apache.hadoop.fs.ChecksumFileSystem.create(ChecksumFileSystem.java:500)
[2026-03-11T11:21:47.072+0000] {subprocess.py:93} INFO - 	at org.apache.hadoop.fs.FileSystem.create(FileSystem.java:1195)
[2026-03-11T11:21:47.073+0000] {subprocess.py:93} INFO - 	at org.apache.hadoop.fs.FileSystem.create(FileSystem.java:1175)
[2026-03-11T11:21:47.073+0000] {subprocess.py:93} INFO - 	at org.apache.parquet.hadoop.util.HadoopOutputFile.create(HadoopOutputFile.java:74)
[2026-03-11T11:21:47.075+0000] {subprocess.py:93} INFO - 	at org.apache.parquet.hadoop.ParquetFileWriter.<init>(ParquetFileWriter.java:347)
[2026-03-11T11:21:47.077+0000] {subprocess.py:93} INFO - 	at org.apache.parquet.hadoop.ParquetFileWriter.<init>(ParquetFileWriter.java:314)
[2026-03-11T11:21:47.082+0000] {subprocess.py:93} INFO - 	at org.apache.parquet.hadoop.ParquetOutputFormat.getRecordWriter(ParquetOutputFormat.java:484)
[2026-03-11T11:21:47.083+0000] {subprocess.py:93} INFO - 	at org.apache.parquet.hadoop.ParquetOutputFormat.getRecordWriter(ParquetOutputFormat.java:422)
[2026-03-11T11:21:47.083+0000] {subprocess.py:93} INFO - 	at org.apache.parquet.hadoop.ParquetOutputFormat.getRecordWriter(ParquetOutputFormat.java:411)
[2026-03-11T11:21:47.084+0000] {subprocess.py:93} INFO - 	at org.apache.spark.sql.execution.datasources.parquet.ParquetOutputWriter.<init>(ParquetOutputWriter.scala:36)
[2026-03-11T11:21:47.085+0000] {subprocess.py:93} INFO - 	at org.apache.spark.sql.execution.datasources.parquet.ParquetUtils$$anon$1.newInstance(ParquetUtils.scala:490)
[2026-03-11T11:21:47.086+0000] {subprocess.py:93} INFO - 	at org.apache.spark.sql.execution.datasources.SingleDirectoryDataWriter.newOutputWriter(FileFormatDataWriter.scala:161)
[2026-03-11T11:21:47.086+0000] {subprocess.py:93} INFO - 	at org.apache.spark.sql.execution.datasources.SingleDirectoryDataWriter.<init>(FileFormatDataWriter.scala:146)
[2026-03-11T11:21:47.087+0000] {subprocess.py:93} INFO - 	at org.apache.spark.sql.execution.datasources.FileFormatWriter$.executeTask(FileFormatWriter.scala:389)
[2026-03-11T11:21:47.088+0000] {subprocess.py:93} INFO - 	at org.apache.spark.sql.execution.datasources.WriteFilesExec.$anonfun$doExecuteWrite$1(WriteFiles.scala:100)
[2026-03-11T11:21:47.088+0000] {subprocess.py:93} INFO - 	at org.apache.spark.rdd.RDD.$anonfun$mapPartitionsInternal$2(RDD.scala:893)
[2026-03-11T11:21:47.089+0000] {subprocess.py:93} INFO - 	at org.apache.spark.rdd.RDD.$anonfun$mapPartitionsInternal$2$adapted(RDD.scala:893)
[2026-03-11T11:21:47.089+0000] {subprocess.py:93} INFO - 	at org.apache.spark.rdd.MapPartitionsRDD.compute(MapPartitionsRDD.scala:52)
[2026-03-11T11:21:47.091+0000] {subprocess.py:93} INFO - 	at org.apache.spark.rdd.RDD.computeOrReadCheckpoint(RDD.scala:367)
[2026-03-11T11:21:47.092+0000] {subprocess.py:93} INFO - 	at org.apache.spark.rdd.RDD.iterator(RDD.scala:331)
[2026-03-11T11:21:47.095+0000] {subprocess.py:93} INFO - 	at org.apache.spark.scheduler.ResultTask.runTask(ResultTask.scala:93)
[2026-03-11T11:21:47.096+0000] {subprocess.py:93} INFO - 	at org.apache.spark.TaskContext.runTaskWithListeners(TaskContext.scala:166)
[2026-03-11T11:21:47.096+0000] {subprocess.py:93} INFO - 	at org.apache.spark.scheduler.Task.run(Task.scala:141)
[2026-03-11T11:21:47.097+0000] {subprocess.py:93} INFO - 	at org.apache.spark.executor.Executor$TaskRunner.$anonfun$run$4(Executor.scala:620)
[2026-03-11T11:21:47.099+0000] {subprocess.py:93} INFO - 	at org.apache.spark.util.SparkErrorUtils.tryWithSafeFinally(SparkErrorUtils.scala:64)
[2026-03-11T11:21:47.100+0000] {subprocess.py:93} INFO - 	at org.apache.spark.util.SparkErrorUtils.tryWithSafeFinally$(SparkErrorUtils.scala:61)
[2026-03-11T11:21:47.100+0000] {subprocess.py:93} INFO - 	at org.apache.spark.util.Utils$.tryWithSafeFinally(Utils.scala:94)
[2026-03-11T11:21:47.101+0000] {subprocess.py:93} INFO - 	at org.apache.spark.executor.Executor$TaskRunner.run(Executor.scala:623)
[2026-03-11T11:21:47.102+0000] {subprocess.py:93} INFO - 	at java.base/java.util.concurrent.ThreadPoolExecutor.runWorker(ThreadPoolExecutor.java:1136)
[2026-03-11T11:21:47.103+0000] {subprocess.py:93} INFO - 	at java.base/java.util.concurrent.ThreadPoolExecutor$Worker.run(ThreadPoolExecutor.java:635)
[2026-03-11T11:21:47.104+0000] {subprocess.py:93} INFO - 	... 1 more
[2026-03-11T11:21:47.104+0000] {subprocess.py:93} INFO - 26/03/11 11:21:46 WARN TaskSetManager: Lost task 4.0 in stage 13.0 (TID 49) (8d060d40942f executor driver): TaskKilled (Stage cancelled: Job aborted due to stage failure: Task 0 in stage 13.0 failed 1 times, most recent failure: Lost task 0.0 in stage 13.0 (TID 45) (8d060d40942f executor driver): java.io.IOException: Mkdirs failed to create file:/opt/airflow/data_lake/processed/finance_processed.parquet_tmp_1773228104/_temporary/0/_temporary/attempt_202603111121464732396905231473162_0013_m_000000_45 (exists=false, cwd=file:/tmp/airflowtmp8_mlha80)
[2026-03-11T11:21:47.105+0000] {subprocess.py:93} INFO - 	at org.apache.hadoop.fs.ChecksumFileSystem.create(ChecksumFileSystem.java:515)
[2026-03-11T11:21:47.105+0000] {subprocess.py:93} INFO - 	at org.apache.hadoop.fs.ChecksumFileSystem.create(ChecksumFileSystem.java:500)
[2026-03-11T11:21:47.105+0000] {subprocess.py:93} INFO - 	at org.apache.hadoop.fs.FileSystem.create(FileSystem.java:1195)
[2026-03-11T11:21:47.106+0000] {subprocess.py:93} INFO - 	at org.apache.hadoop.fs.FileSystem.create(FileSystem.java:1175)
[2026-03-11T11:21:47.107+0000] {subprocess.py:93} INFO - 	at org.apache.parquet.hadoop.util.HadoopOutputFile.create(HadoopOutputFile.java:74)
[2026-03-11T11:21:47.107+0000] {subprocess.py:93} INFO - 	at org.apache.parquet.hadoop.ParquetFileWriter.<init>(ParquetFileWriter.java:347)
[2026-03-11T11:21:47.107+0000] {subprocess.py:93} INFO - 	at org.apache.parquet.hadoop.ParquetFileWriter.<init>(ParquetFileWriter.java:314)
[2026-03-11T11:21:47.108+0000] {subprocess.py:93} INFO - 	at org.apache.parquet.hadoop.ParquetOutputFormat.getRecordWriter(ParquetOutputFormat.java:484)
[2026-03-11T11:21:47.108+0000] {subprocess.py:93} INFO - 	at org.apache.parquet.hadoop.ParquetOutputFormat.getRecordWriter(ParquetOutputFormat.java:422)
[2026-03-11T11:21:47.109+0000] {subprocess.py:93} INFO - 	at org.apache.parquet.hadoop.ParquetOutputFormat.getRecordWriter(ParquetOutputFormat.java:411)
[2026-03-11T11:21:47.110+0000] {subprocess.py:93} INFO - 	at org.apache.spark.sql.execution.datasources.parquet.ParquetOutputWriter.<init>(ParquetOutputWriter.scala:36)
[2026-03-11T11:21:47.110+0000] {subprocess.py:93} INFO - 	at org.apache.spark.sql.execution.datasources.parquet.ParquetUtils$$anon$1.newInstance(ParquetUtils.scala:490)
[2026-03-11T11:21:47.111+0000] {subprocess.py:93} INFO - 	at org.apache.spark.sql.execution.datasources.SingleDirectoryDataWriter.newOutputWriter(FileFormatDataWriter.scala:161)
[2026-03-11T11:21:47.112+0000] {subprocess.py:93} INFO - 	at org.apache.spark.sql.execution.datasources.SingleDirectoryDataWriter.<init>(FileFormatDataWriter.scala:146)
[2026-03-11T11:21:47.114+0000] {subprocess.py:93} INFO - 	at org.apache.spark.sql.execution.datasources.FileFormatWriter$.executeTask(FileFormatWriter.scala:389)
[2026-03-11T11:21:47.120+0000] {subprocess.py:93} INFO - 	at org.apache.spark.sql.execution.datasources.WriteFilesExec.$anonfun$doExecuteWrite$1(WriteFiles.scala:100)
[2026-03-11T11:21:47.121+0000] {subprocess.py:93} INFO - 	at org.apache.spark.rdd.RDD.$anonfun$mapPartitionsInternal$2(RDD.scala:893)
[2026-03-11T11:21:47.123+0000] {subprocess.py:93} INFO - 	at org.apache.spark.rdd.RDD.$anonfun$mapPartitionsInternal$2$adapted(RDD.scala:893)
[2026-03-11T11:21:47.124+0000] {subprocess.py:93} INFO - 	at org.apache.spark.rdd.MapPartitionsRDD.compute(MapPartitionsRDD.scala:52)
[2026-03-11T11:21:47.124+0000] {subprocess.py:93} INFO - 	at org.apache.spark.rdd.RDD.computeOrReadCheckpoint(RDD.scala:367)
[2026-03-11T11:21:47.125+0000] {subprocess.py:93} INFO - 	at org.apache.spark.rdd.RDD.iterator(RDD.scala:331)
[2026-03-11T11:21:47.127+0000] {subprocess.py:93} INFO - 	at org.apache.spark.scheduler.ResultTask.runTask(ResultTask.scala:93)
[2026-03-11T11:21:47.127+0000] {subprocess.py:93} INFO - 	at org.apache.spark.TaskContext.runTaskWithListeners(TaskContext.scala:166)
[2026-03-11T11:21:47.128+0000] {subprocess.py:93} INFO - 	at org.apache.spark.scheduler.Task.run(Task.scala:141)
[2026-03-11T11:21:47.130+0000] {subprocess.py:93} INFO - 	at org.apache.spark.executor.Executor$TaskRunner.$anonfun$run$4(Executor.scala:620)
[2026-03-11T11:21:47.130+0000] {subprocess.py:93} INFO - 	at org.apache.spark.util.SparkErrorUtils.tryWithSafeFinally(SparkErrorUtils.scala:64)
[2026-03-11T11:21:47.133+0000] {subprocess.py:93} INFO - 	at org.apache.spark.util.SparkErrorUtils.tryWithSafeFinally$(SparkErrorUtils.scala:61)
[2026-03-11T11:21:47.134+0000] {subprocess.py:93} INFO - 	at org.apache.spark.util.Utils$.tryWithSafeFinally(Utils.scala:94)
[2026-03-11T11:21:47.136+0000] {subprocess.py:93} INFO - 	at org.apache.spark.executor.Executor$TaskRunner.run(Executor.scala:623)
[2026-03-11T11:21:47.137+0000] {subprocess.py:93} INFO - 	at java.base/java.util.concurrent.ThreadPoolExecutor.runWorker(ThreadPoolExecutor.java:1136)
[2026-03-11T11:21:47.138+0000] {subprocess.py:93} INFO - 	at java.base/java.util.concurrent.ThreadPoolExecutor$Worker.run(ThreadPoolExecutor.java:635)
[2026-03-11T11:21:47.142+0000] {subprocess.py:93} INFO - 	at java.base/java.lang.Thread.run(Thread.java:840)
[2026-03-11T11:21:47.143+0000] {subprocess.py:93} INFO - 
[2026-03-11T11:21:47.144+0000] {subprocess.py:93} INFO - Driver stacktrace:)
[2026-03-11T11:21:47.810+0000] {subprocess.py:93} INFO - Traceback (most recent call last):
[2026-03-11T11:21:47.810+0000] {subprocess.py:93} INFO -   File "/opt/airflow/spark_jobs/transform_data.py", line 121, in <module>
[2026-03-11T11:21:47.811+0000] {subprocess.py:93} INFO -     transform()
[2026-03-11T11:21:47.812+0000] {subprocess.py:93} INFO -   File "/opt/airflow/spark_jobs/transform_data.py", line 96, in transform
[2026-03-11T11:21:47.815+0000] {subprocess.py:93} INFO -     df_final.write.mode("overwrite").parquet(temp_folder)
[2026-03-11T11:21:47.816+0000] {subprocess.py:93} INFO -   File "/home/airflow/.local/lib/python3.12/site-packages/pyspark/sql/readwriter.py", line 1721, in parquet
[2026-03-11T11:21:47.816+0000] {subprocess.py:93} INFO -     self._jwrite.parquet(path)
[2026-03-11T11:21:47.817+0000] {subprocess.py:93} INFO -   File "/home/airflow/.local/lib/python3.12/site-packages/py4j/java_gateway.py", line 1322, in __call__
[2026-03-11T11:21:47.817+0000] {subprocess.py:93} INFO -     return_value = get_return_value(
[2026-03-11T11:21:47.817+0000] {subprocess.py:93} INFO -                    ^^^^^^^^^^^^^^^^^
[2026-03-11T11:21:47.817+0000] {subprocess.py:93} INFO -   File "/home/airflow/.local/lib/python3.12/site-packages/pyspark/errors/exceptions/captured.py", line 179, in deco
[2026-03-11T11:21:47.818+0000] {subprocess.py:93} INFO -     return f(*a, **kw)
[2026-03-11T11:21:47.818+0000] {subprocess.py:93} INFO -            ^^^^^^^^^^^
[2026-03-11T11:21:47.818+0000] {subprocess.py:93} INFO -   File "/home/airflow/.local/lib/python3.12/site-packages/py4j/protocol.py", line 326, in get_return_value
[2026-03-11T11:21:47.819+0000] {subprocess.py:93} INFO -     raise Py4JJavaError(
[2026-03-11T11:21:47.862+0000] {subprocess.py:93} INFO - py4j.protocol.Py4JJavaError: An error occurred while calling o65.parquet.
[2026-03-11T11:21:47.864+0000] {subprocess.py:93} INFO - : org.apache.spark.SparkException: Job aborted due to stage failure: Task 0 in stage 13.0 failed 1 times, most recent failure: Lost task 0.0 in stage 13.0 (TID 45) (8d060d40942f executor driver): java.io.IOException: Mkdirs failed to create file:/opt/airflow/data_lake/processed/finance_processed.parquet_tmp_1773228104/_temporary/0/_temporary/attempt_202603111121464732396905231473162_0013_m_000000_45 (exists=false, cwd=file:/tmp/airflowtmp8_mlha80)
[2026-03-11T11:21:47.865+0000] {subprocess.py:93} INFO - 	at org.apache.hadoop.fs.ChecksumFileSystem.create(ChecksumFileSystem.java:515)
[2026-03-11T11:21:47.866+0000] {subprocess.py:93} INFO - 	at org.apache.hadoop.fs.ChecksumFileSystem.create(ChecksumFileSystem.java:500)
[2026-03-11T11:21:47.866+0000] {subprocess.py:93} INFO - 	at org.apache.hadoop.fs.FileSystem.create(FileSystem.java:1195)
[2026-03-11T11:21:47.867+0000] {subprocess.py:93} INFO - 	at org.apache.hadoop.fs.FileSystem.create(FileSystem.java:1175)
[2026-03-11T11:21:47.867+0000] {subprocess.py:93} INFO - 	at org.apache.parquet.hadoop.util.HadoopOutputFile.create(HadoopOutputFile.java:74)
[2026-03-11T11:21:47.868+0000] {subprocess.py:93} INFO - 	at org.apache.parquet.hadoop.ParquetFileWriter.<init>(ParquetFileWriter.java:347)
[2026-03-11T11:21:47.868+0000] {subprocess.py:93} INFO - 	at org.apache.parquet.hadoop.ParquetFileWriter.<init>(ParquetFileWriter.java:314)
[2026-03-11T11:21:47.869+0000] {subprocess.py:93} INFO - 	at org.apache.parquet.hadoop.ParquetOutputFormat.getRecordWriter(ParquetOutputFormat.java:484)
[2026-03-11T11:21:47.869+0000] {subprocess.py:93} INFO - 	at org.apache.parquet.hadoop.ParquetOutputFormat.getRecordWriter(ParquetOutputFormat.java:422)
[2026-03-11T11:21:47.870+0000] {subprocess.py:93} INFO - 	at org.apache.parquet.hadoop.ParquetOutputFormat.getRecordWriter(ParquetOutputFormat.java:411)
[2026-03-11T11:21:47.870+0000] {subprocess.py:93} INFO - 	at org.apache.spark.sql.execution.datasources.parquet.ParquetOutputWriter.<init>(ParquetOutputWriter.scala:36)
[2026-03-11T11:21:47.871+0000] {subprocess.py:93} INFO - 	at org.apache.spark.sql.execution.datasources.parquet.ParquetUtils$$anon$1.newInstance(ParquetUtils.scala:490)
[2026-03-11T11:21:47.871+0000] {subprocess.py:93} INFO - 	at org.apache.spark.sql.execution.datasources.SingleDirectoryDataWriter.newOutputWriter(FileFormatDataWriter.scala:161)
[2026-03-11T11:21:47.872+0000] {subprocess.py:93} INFO - 	at org.apache.spark.sql.execution.datasources.SingleDirectoryDataWriter.<init>(FileFormatDataWriter.scala:146)
[2026-03-11T11:21:47.873+0000] {subprocess.py:93} INFO - 	at org.apache.spark.sql.execution.datasources.FileFormatWriter$.executeTask(FileFormatWriter.scala:389)
[2026-03-11T11:21:47.874+0000] {subprocess.py:93} INFO - 	at org.apache.spark.sql.execution.datasources.WriteFilesExec.$anonfun$doExecuteWrite$1(WriteFiles.scala:100)
[2026-03-11T11:21:47.874+0000] {subprocess.py:93} INFO - 	at org.apache.spark.rdd.RDD.$anonfun$mapPartitionsInternal$2(RDD.scala:893)
[2026-03-11T11:21:47.875+0000] {subprocess.py:93} INFO - 	at org.apache.spark.rdd.RDD.$anonfun$mapPartitionsInternal$2$adapted(RDD.scala:893)
[2026-03-11T11:21:47.875+0000] {subprocess.py:93} INFO - 	at org.apache.spark.rdd.MapPartitionsRDD.compute(MapPartitionsRDD.scala:52)
[2026-03-11T11:21:47.875+0000] {subprocess.py:93} INFO - 	at org.apache.spark.rdd.RDD.computeOrReadCheckpoint(RDD.scala:367)
[2026-03-11T11:21:47.876+0000] {subprocess.py:93} INFO - 	at org.apache.spark.rdd.RDD.iterator(RDD.scala:331)
[2026-03-11T11:21:47.876+0000] {subprocess.py:93} INFO - 	at org.apache.spark.scheduler.ResultTask.runTask(ResultTask.scala:93)
[2026-03-11T11:21:47.876+0000] {subprocess.py:93} INFO - 	at org.apache.spark.TaskContext.runTaskWithListeners(TaskContext.scala:166)
[2026-03-11T11:21:47.877+0000] {subprocess.py:93} INFO - 	at org.apache.spark.scheduler.Task.run(Task.scala:141)
[2026-03-11T11:21:47.877+0000] {subprocess.py:93} INFO - 	at org.apache.spark.executor.Executor$TaskRunner.$anonfun$run$4(Executor.scala:620)
[2026-03-11T11:21:47.877+0000] {subprocess.py:93} INFO - 	at org.apache.spark.util.SparkErrorUtils.tryWithSafeFinally(SparkErrorUtils.scala:64)
[2026-03-11T11:21:47.878+0000] {subprocess.py:93} INFO - 	at org.apache.spark.util.SparkErrorUtils.tryWithSafeFinally$(SparkErrorUtils.scala:61)
[2026-03-11T11:21:47.878+0000] {subprocess.py:93} INFO - 	at org.apache.spark.util.Utils$.tryWithSafeFinally(Utils.scala:94)
[2026-03-11T11:21:47.879+0000] {subprocess.py:93} INFO - 	at org.apache.spark.executor.Executor$TaskRunner.run(Executor.scala:623)
[2026-03-11T11:21:47.880+0000] {subprocess.py:93} INFO - 	at java.base/java.util.concurrent.ThreadPoolExecutor.runWorker(ThreadPoolExecutor.java:1136)
[2026-03-11T11:21:47.881+0000] {subprocess.py:93} INFO - 	at java.base/java.util.concurrent.ThreadPoolExecutor$Worker.run(ThreadPoolExecutor.java:635)
[2026-03-11T11:21:47.881+0000] {subprocess.py:93} INFO - 	at java.base/java.lang.Thread.run(Thread.java:840)
[2026-03-11T11:21:47.882+0000] {subprocess.py:93} INFO - 
[2026-03-11T11:21:47.882+0000] {subprocess.py:93} INFO - Driver stacktrace:
[2026-03-11T11:21:47.882+0000] {subprocess.py:93} INFO - 	at org.apache.spark.scheduler.DAGScheduler.failJobAndIndependentStages(DAGScheduler.scala:2856)
[2026-03-11T11:21:47.883+0000] {subprocess.py:93} INFO - 	at org.apache.spark.scheduler.DAGScheduler.$anonfun$abortStage$2(DAGScheduler.scala:2792)
[2026-03-11T11:21:47.883+0000] {subprocess.py:93} INFO - 	at org.apache.spark.scheduler.DAGScheduler.$anonfun$abortStage$2$adapted(DAGScheduler.scala:2791)
[2026-03-11T11:21:47.883+0000] {subprocess.py:93} INFO - 	at scala.collection.mutable.ResizableArray.foreach(ResizableArray.scala:62)
[2026-03-11T11:21:47.884+0000] {subprocess.py:93} INFO - 	at scala.collection.mutable.ResizableArray.foreach$(ResizableArray.scala:55)
[2026-03-11T11:21:47.884+0000] {subprocess.py:93} INFO - 	at scala.collection.mutable.ArrayBuffer.foreach(ArrayBuffer.scala:49)
[2026-03-11T11:21:47.884+0000] {subprocess.py:93} INFO - 	at org.apache.spark.scheduler.DAGScheduler.abortStage(DAGScheduler.scala:2791)
[2026-03-11T11:21:47.885+0000] {subprocess.py:93} INFO - 	at org.apache.spark.scheduler.DAGScheduler.$anonfun$handleTaskSetFailed$1(DAGScheduler.scala:1247)
[2026-03-11T11:21:47.885+0000] {subprocess.py:93} INFO - 	at org.apache.spark.scheduler.DAGScheduler.$anonfun$handleTaskSetFailed$1$adapted(DAGScheduler.scala:1247)
[2026-03-11T11:21:47.886+0000] {subprocess.py:93} INFO - 	at scala.Option.foreach(Option.scala:407)
[2026-03-11T11:21:47.886+0000] {subprocess.py:93} INFO - 	at org.apache.spark.scheduler.DAGScheduler.handleTaskSetFailed(DAGScheduler.scala:1247)
[2026-03-11T11:21:47.887+0000] {subprocess.py:93} INFO - 	at org.apache.spark.scheduler.DAGSchedulerEventProcessLoop.doOnReceive(DAGScheduler.scala:3060)
[2026-03-11T11:21:47.887+0000] {subprocess.py:93} INFO - 	at org.apache.spark.scheduler.DAGSchedulerEventProcessLoop.onReceive(DAGScheduler.scala:2994)
[2026-03-11T11:21:47.888+0000] {subprocess.py:93} INFO - 	at org.apache.spark.scheduler.DAGSchedulerEventProcessLoop.onReceive(DAGScheduler.scala:2983)
[2026-03-11T11:21:47.888+0000] {subprocess.py:93} INFO - 	at org.apache.spark.util.EventLoop$$anon$1.run(EventLoop.scala:49)
[2026-03-11T11:21:47.889+0000] {subprocess.py:93} INFO - 	at org.apache.spark.scheduler.DAGScheduler.runJob(DAGScheduler.scala:989)
[2026-03-11T11:21:47.889+0000] {subprocess.py:93} INFO - 	at org.apache.spark.SparkContext.runJob(SparkContext.scala:2398)
[2026-03-11T11:21:47.890+0000] {subprocess.py:93} INFO - 	at org.apache.spark.sql.execution.datasources.FileFormatWriter$.$anonfun$executeWrite$4(FileFormatWriter.scala:307)
[2026-03-11T11:21:47.891+0000] {subprocess.py:93} INFO - 	at org.apache.spark.sql.execution.datasources.FileFormatWriter$.writeAndCommit(FileFormatWriter.scala:271)
[2026-03-11T11:21:47.891+0000] {subprocess.py:93} INFO - 	at org.apache.spark.sql.execution.datasources.FileFormatWriter$.executeWrite(FileFormatWriter.scala:304)
[2026-03-11T11:21:47.891+0000] {subprocess.py:93} INFO - 	at org.apache.spark.sql.execution.datasources.FileFormatWriter$.write(FileFormatWriter.scala:190)
[2026-03-11T11:21:47.892+0000] {subprocess.py:93} INFO - 	at org.apache.spark.sql.execution.datasources.InsertIntoHadoopFsRelationCommand.run(InsertIntoHadoopFsRelationCommand.scala:190)
[2026-03-11T11:21:47.893+0000] {subprocess.py:93} INFO - 	at org.apache.spark.sql.execution.command.DataWritingCommandExec.sideEffectResult$lzycompute(commands.scala:113)
[2026-03-11T11:21:47.893+0000] {subprocess.py:93} INFO - 	at org.apache.spark.sql.execution.command.DataWritingCommandExec.sideEffectResult(commands.scala:111)
[2026-03-11T11:21:47.894+0000] {subprocess.py:93} INFO - 	at org.apache.spark.sql.execution.command.DataWritingCommandExec.executeCollect(commands.scala:125)
[2026-03-11T11:21:47.894+0000] {subprocess.py:93} INFO - 	at org.apache.spark.sql.execution.adaptive.AdaptiveSparkPlanExec.$anonfun$executeCollect$1(AdaptiveSparkPlanExec.scala:390)
[2026-03-11T11:21:47.894+0000] {subprocess.py:93} INFO - 	at org.apache.spark.sql.execution.adaptive.AdaptiveSparkPlanExec.withFinalPlanUpdate(AdaptiveSparkPlanExec.scala:418)
[2026-03-11T11:21:47.897+0000] {subprocess.py:93} INFO - 	at org.apache.spark.sql.execution.adaptive.AdaptiveSparkPlanExec.executeCollect(AdaptiveSparkPlanExec.scala:390)
[2026-03-11T11:21:47.898+0000] {subprocess.py:93} INFO - 	at org.apache.spark.sql.execution.QueryExecution$$anonfun$eagerlyExecuteCommands$1.$anonfun$applyOrElse$1(QueryExecution.scala:107)
[2026-03-11T11:21:47.898+0000] {subprocess.py:93} INFO - 	at org.apache.spark.sql.execution.SQLExecution$.$anonfun$withNewExecutionId$6(SQLExecution.scala:125)
[2026-03-11T11:21:47.899+0000] {subprocess.py:93} INFO - 	at org.apache.spark.sql.execution.SQLExecution$.withSQLConfPropagated(SQLExecution.scala:201)
[2026-03-11T11:21:47.899+0000] {subprocess.py:93} INFO - 	at org.apache.spark.sql.execution.SQLExecution$.$anonfun$withNewExecutionId$1(SQLExecution.scala:108)
[2026-03-11T11:21:47.899+0000] {subprocess.py:93} INFO - 	at org.apache.spark.sql.SparkSession.withActive(SparkSession.scala:900)
[2026-03-11T11:21:47.900+0000] {subprocess.py:93} INFO - 	at org.apache.spark.sql.execution.SQLExecution$.withNewExecutionId(SQLExecution.scala:66)
[2026-03-11T11:21:47.900+0000] {subprocess.py:93} INFO - 	at org.apache.spark.sql.execution.QueryExecution$$anonfun$eagerlyExecuteCommands$1.applyOrElse(QueryExecution.scala:107)
[2026-03-11T11:21:47.900+0000] {subprocess.py:93} INFO - 	at org.apache.spark.sql.execution.QueryExecution$$anonfun$eagerlyExecuteCommands$1.applyOrElse(QueryExecution.scala:98)
[2026-03-11T11:21:47.900+0000] {subprocess.py:93} INFO - 	at org.apache.spark.sql.catalyst.trees.TreeNode.$anonfun$transformDownWithPruning$1(TreeNode.scala:461)
[2026-03-11T11:21:47.901+0000] {subprocess.py:93} INFO - 	at org.apache.spark.sql.catalyst.trees.CurrentOrigin$.withOrigin(origin.scala:76)
[2026-03-11T11:21:47.901+0000] {subprocess.py:93} INFO - 	at org.apache.spark.sql.catalyst.trees.TreeNode.transformDownWithPruning(TreeNode.scala:461)
[2026-03-11T11:21:47.901+0000] {subprocess.py:93} INFO - 	at org.apache.spark.sql.catalyst.plans.logical.LogicalPlan.org$apache$spark$sql$catalyst$plans$logical$AnalysisHelper$$super$transformDownWithPruning(LogicalPlan.scala:32)
[2026-03-11T11:21:47.901+0000] {subprocess.py:93} INFO - 	at org.apache.spark.sql.catalyst.plans.logical.AnalysisHelper.transformDownWithPruning(AnalysisHelper.scala:267)
[2026-03-11T11:21:47.902+0000] {subprocess.py:93} INFO - 	at org.apache.spark.sql.catalyst.plans.logical.AnalysisHelper.transformDownWithPruning$(AnalysisHelper.scala:263)
[2026-03-11T11:21:47.902+0000] {subprocess.py:93} INFO - 	at org.apache.spark.sql.catalyst.plans.logical.LogicalPlan.transformDownWithPruning(LogicalPlan.scala:32)
[2026-03-11T11:21:47.902+0000] {subprocess.py:93} INFO - 	at org.apache.spark.sql.catalyst.plans.logical.LogicalPlan.transformDownWithPruning(LogicalPlan.scala:32)
[2026-03-11T11:21:47.903+0000] {subprocess.py:93} INFO - 	at org.apache.spark.sql.catalyst.trees.TreeNode.transformDown(TreeNode.scala:437)
[2026-03-11T11:21:47.903+0000] {subprocess.py:93} INFO - 	at org.apache.spark.sql.execution.QueryExecution.eagerlyExecuteCommands(QueryExecution.scala:98)
[2026-03-11T11:21:47.903+0000] {subprocess.py:93} INFO - 	at org.apache.spark.sql.execution.QueryExecution.commandExecuted$lzycompute(QueryExecution.scala:85)
[2026-03-11T11:21:47.904+0000] {subprocess.py:93} INFO - 	at org.apache.spark.sql.execution.QueryExecution.commandExecuted(QueryExecution.scala:83)
[2026-03-11T11:21:47.904+0000] {subprocess.py:93} INFO - 	at org.apache.spark.sql.execution.QueryExecution.assertCommandExecuted(QueryExecution.scala:142)
[2026-03-11T11:21:47.905+0000] {subprocess.py:93} INFO - 	at org.apache.spark.sql.DataFrameWriter.runCommand(DataFrameWriter.scala:859)
[2026-03-11T11:21:47.905+0000] {subprocess.py:93} INFO - 	at org.apache.spark.sql.DataFrameWriter.saveToV1Source(DataFrameWriter.scala:388)
[2026-03-11T11:21:47.906+0000] {subprocess.py:93} INFO - 	at org.apache.spark.sql.DataFrameWriter.saveInternal(DataFrameWriter.scala:361)
[2026-03-11T11:21:47.906+0000] {subprocess.py:93} INFO - 	at org.apache.spark.sql.DataFrameWriter.save(DataFrameWriter.scala:240)
[2026-03-11T11:21:47.907+0000] {subprocess.py:93} INFO - 	at org.apache.spark.sql.DataFrameWriter.parquet(DataFrameWriter.scala:792)
[2026-03-11T11:21:47.907+0000] {subprocess.py:93} INFO - 	at java.base/jdk.internal.reflect.NativeMethodAccessorImpl.invoke0(Native Method)
[2026-03-11T11:21:47.908+0000] {subprocess.py:93} INFO - 	at java.base/jdk.internal.reflect.NativeMethodAccessorImpl.invoke(NativeMethodAccessorImpl.java:77)
[2026-03-11T11:21:47.908+0000] {subprocess.py:93} INFO - 	at java.base/jdk.internal.reflect.DelegatingMethodAccessorImpl.invoke(DelegatingMethodAccessorImpl.java:43)
[2026-03-11T11:21:47.909+0000] {subprocess.py:93} INFO - 	at java.base/java.lang.reflect.Method.invoke(Method.java:569)
[2026-03-11T11:21:47.909+0000] {subprocess.py:93} INFO - 	at py4j.reflection.MethodInvoker.invoke(MethodInvoker.java:244)
[2026-03-11T11:21:47.910+0000] {subprocess.py:93} INFO - 	at py4j.reflection.ReflectionEngine.invoke(ReflectionEngine.java:374)
[2026-03-11T11:21:47.911+0000] {subprocess.py:93} INFO - 	at py4j.Gateway.invoke(Gateway.java:282)
[2026-03-11T11:21:47.911+0000] {subprocess.py:93} INFO - 	at py4j.commands.AbstractCommand.invokeMethod(AbstractCommand.java:132)
[2026-03-11T11:21:47.913+0000] {subprocess.py:93} INFO - 	at py4j.commands.CallCommand.execute(CallCommand.java:79)
[2026-03-11T11:21:47.914+0000] {subprocess.py:93} INFO - 	at py4j.ClientServerConnection.waitForCommands(ClientServerConnection.java:182)
[2026-03-11T11:21:47.915+0000] {subprocess.py:93} INFO - 	at py4j.ClientServerConnection.run(ClientServerConnection.java:106)
[2026-03-11T11:21:47.915+0000] {subprocess.py:93} INFO - 	at java.base/java.lang.Thread.run(Thread.java:840)
[2026-03-11T11:21:47.915+0000] {subprocess.py:93} INFO - Caused by: java.io.IOException: Mkdirs failed to create file:/opt/airflow/data_lake/processed/finance_processed.parquet_tmp_1773228104/_temporary/0/_temporary/attempt_202603111121464732396905231473162_0013_m_000000_45 (exists=false, cwd=file:/tmp/airflowtmp8_mlha80)
[2026-03-11T11:21:47.916+0000] {subprocess.py:93} INFO - 	at org.apache.hadoop.fs.ChecksumFileSystem.create(ChecksumFileSystem.java:515)
[2026-03-11T11:21:47.916+0000] {subprocess.py:93} INFO - 	at org.apache.hadoop.fs.ChecksumFileSystem.create(ChecksumFileSystem.java:500)
[2026-03-11T11:21:47.917+0000] {subprocess.py:93} INFO - 	at org.apache.hadoop.fs.FileSystem.create(FileSystem.java:1195)
[2026-03-11T11:21:47.917+0000] {subprocess.py:93} INFO - 	at org.apache.hadoop.fs.FileSystem.create(FileSystem.java:1175)
[2026-03-11T11:21:47.917+0000] {subprocess.py:93} INFO - 	at org.apache.parquet.hadoop.util.HadoopOutputFile.create(HadoopOutputFile.java:74)
[2026-03-11T11:21:47.918+0000] {subprocess.py:93} INFO - 	at org.apache.parquet.hadoop.ParquetFileWriter.<init>(ParquetFileWriter.java:347)
[2026-03-11T11:21:47.918+0000] {subprocess.py:93} INFO - 	at org.apache.parquet.hadoop.ParquetFileWriter.<init>(ParquetFileWriter.java:314)
[2026-03-11T11:21:47.919+0000] {subprocess.py:93} INFO - 	at org.apache.parquet.hadoop.ParquetOutputFormat.getRecordWriter(ParquetOutputFormat.java:484)
[2026-03-11T11:21:47.919+0000] {subprocess.py:93} INFO - 	at org.apache.parquet.hadoop.ParquetOutputFormat.getRecordWriter(ParquetOutputFormat.java:422)
[2026-03-11T11:21:47.920+0000] {subprocess.py:93} INFO - 	at org.apache.parquet.hadoop.ParquetOutputFormat.getRecordWriter(ParquetOutputFormat.java:411)
[2026-03-11T11:21:47.920+0000] {subprocess.py:93} INFO - 	at org.apache.spark.sql.execution.datasources.parquet.ParquetOutputWriter.<init>(ParquetOutputWriter.scala:36)
[2026-03-11T11:21:47.921+0000] {subprocess.py:93} INFO - 	at org.apache.spark.sql.execution.datasources.parquet.ParquetUtils$$anon$1.newInstance(ParquetUtils.scala:490)
[2026-03-11T11:21:47.921+0000] {subprocess.py:93} INFO - 	at org.apache.spark.sql.execution.datasources.SingleDirectoryDataWriter.newOutputWriter(FileFormatDataWriter.scala:161)
[2026-03-11T11:21:47.921+0000] {subprocess.py:93} INFO - 	at org.apache.spark.sql.execution.datasources.SingleDirectoryDataWriter.<init>(FileFormatDataWriter.scala:146)
[2026-03-11T11:21:47.921+0000] {subprocess.py:93} INFO - 	at org.apache.spark.sql.execution.datasources.FileFormatWriter$.executeTask(FileFormatWriter.scala:389)
[2026-03-11T11:21:47.922+0000] {subprocess.py:93} INFO - 	at org.apache.spark.sql.execution.datasources.WriteFilesExec.$anonfun$doExecuteWrite$1(WriteFiles.scala:100)
[2026-03-11T11:21:47.922+0000] {subprocess.py:93} INFO - 	at org.apache.spark.rdd.RDD.$anonfun$mapPartitionsInternal$2(RDD.scala:893)
[2026-03-11T11:21:47.922+0000] {subprocess.py:93} INFO - 	at org.apache.spark.rdd.RDD.$anonfun$mapPartitionsInternal$2$adapted(RDD.scala:893)
[2026-03-11T11:21:47.923+0000] {subprocess.py:93} INFO - 	at org.apache.spark.rdd.MapPartitionsRDD.compute(MapPartitionsRDD.scala:52)
[2026-03-11T11:21:47.923+0000] {subprocess.py:93} INFO - 	at org.apache.spark.rdd.RDD.computeOrReadCheckpoint(RDD.scala:367)
[2026-03-11T11:21:47.923+0000] {subprocess.py:93} INFO - 	at org.apache.spark.rdd.RDD.iterator(RDD.scala:331)
[2026-03-11T11:21:47.923+0000] {subprocess.py:93} INFO - 	at org.apache.spark.scheduler.ResultTask.runTask(ResultTask.scala:93)
[2026-03-11T11:21:47.924+0000] {subprocess.py:93} INFO - 	at org.apache.spark.TaskContext.runTaskWithListeners(TaskContext.scala:166)
[2026-03-11T11:21:47.924+0000] {subprocess.py:93} INFO - 	at org.apache.spark.scheduler.Task.run(Task.scala:141)
[2026-03-11T11:21:47.925+0000] {subprocess.py:93} INFO - 	at org.apache.spark.executor.Executor$TaskRunner.$anonfun$run$4(Executor.scala:620)
[2026-03-11T11:21:47.925+0000] {subprocess.py:93} INFO - 	at org.apache.spark.util.SparkErrorUtils.tryWithSafeFinally(SparkErrorUtils.scala:64)
[2026-03-11T11:21:47.925+0000] {subprocess.py:93} INFO - 	at org.apache.spark.util.SparkErrorUtils.tryWithSafeFinally$(SparkErrorUtils.scala:61)
[2026-03-11T11:21:47.926+0000] {subprocess.py:93} INFO - 	at org.apache.spark.util.Utils$.tryWithSafeFinally(Utils.scala:94)
[2026-03-11T11:21:47.926+0000] {subprocess.py:93} INFO - 	at org.apache.spark.executor.Executor$TaskRunner.run(Executor.scala:623)
[2026-03-11T11:21:47.927+0000] {subprocess.py:93} INFO - 	at java.base/java.util.concurrent.ThreadPoolExecutor.runWorker(ThreadPoolExecutor.java:1136)
[2026-03-11T11:21:47.927+0000] {subprocess.py:93} INFO - 	at java.base/java.util.concurrent.ThreadPoolExecutor$Worker.run(ThreadPoolExecutor.java:635)
[2026-03-11T11:21:47.928+0000] {subprocess.py:93} INFO - 	... 1 more
[2026-03-11T11:21:47.928+0000] {subprocess.py:93} INFO - 
[2026-03-11T11:21:47.930+0000] {subprocess.py:93} INFO - 2026-03-11 11:21:47,863 | INFO | Closing down clientserver connection
[2026-03-11T11:21:48.612+0000] {subprocess.py:97} INFO - Command exited with return code 1
[2026-03-11T11:21:48.613+0000] {taskinstance.py:441} INFO - ::group::Post task execution logs
[2026-03-11T11:21:48.636+0000] {taskinstance.py:2890} ERROR - Task failed with exception
Traceback (most recent call last):
  File "/home/airflow/.local/lib/python3.12/site-packages/airflow/models/taskinstance.py", line 465, in _execute_task
    result = _execute_callable(context=context, **execute_callable_kwargs)
             ^^^^^^^^^^^^^^^^^^^^^^^^^^^^^^^^^^^^^^^^^^^^^^^^^^^^^^^^^^^^^
  File "/home/airflow/.local/lib/python3.12/site-packages/airflow/models/taskinstance.py", line 432, in _execute_callable
    return execute_callable(context=context, **execute_callable_kwargs)
           ^^^^^^^^^^^^^^^^^^^^^^^^^^^^^^^^^^^^^^^^^^^^^^^^^^^^^^^^^^^^
  File "/home/airflow/.local/lib/python3.12/site-packages/airflow/models/baseoperator.py", line 400, in wrapper
    return func(self, *args, **kwargs)
           ^^^^^^^^^^^^^^^^^^^^^^^^^^^
  File "/home/airflow/.local/lib/python3.12/site-packages/airflow/operators/bash.py", line 243, in execute
    raise AirflowException(
airflow.exceptions.AirflowException: Bash command failed. The command returned a non-zero exit code 1.
[2026-03-11T11:21:48.643+0000] {taskinstance.py:1205} INFO - Marking task as FAILED. dag_id=daily_etl_pipeline, task_id=transform_data, execution_date=20260311T112018, start_date=20260311T112115, end_date=20260311T112148
[2026-03-11T11:21:48.668+0000] {standard_task_runner.py:110} ERROR - Failed to execute job 63 for task transform_data (Bash command failed. The command returned a non-zero exit code 1.; 695)
[2026-03-11T11:21:48.720+0000] {local_task_job_runner.py:240} INFO - Task exited with return code 1
[2026-03-11T11:21:48.761+0000] {taskinstance.py:3482} INFO - 0 downstream tasks scheduled from follow-on schedule check
[2026-03-11T11:21:48.767+0000] {local_task_job_runner.py:222} INFO - ::endgroup::
