[2026-03-11T08:28:00.525+0000] {local_task_job_runner.py:120} INFO - ::group::Pre task execution logs
[2026-03-11T08:28:00.586+0000] {taskinstance.py:2073} INFO - Dependencies all met for dep_context=non-requeueable deps ti=<TaskInstance: daily_etl_pipeline.ingest_data manual__2026-03-11T08:27:57.751155+00:00 [queued]>
[2026-03-11T08:28:00.602+0000] {taskinstance.py:2073} INFO - Dependencies all met for dep_context=requeueable deps ti=<TaskInstance: daily_etl_pipeline.ingest_data manual__2026-03-11T08:27:57.751155+00:00 [queued]>
[2026-03-11T08:28:00.603+0000] {taskinstance.py:2303} INFO - Starting attempt 1 of 1
[2026-03-11T08:28:00.627+0000] {taskinstance.py:2327} INFO - Executing <Task(BashOperator): ingest_data> on 2026-03-11 08:27:57.751155+00:00
[2026-03-11T08:28:00.645+0000] {logging_mixin.py:188} WARNING - /home/airflow/.local/lib/python3.12/site-packages/airflow/task/task_runner/standard_task_runner.py:61 DeprecationWarning: This process (pid=167) is multi-threaded, use of fork() may lead to deadlocks in the child.
[2026-03-11T08:28:00.640+0000] {standard_task_runner.py:90} INFO - Running: ['airflow', 'tasks', 'run', 'daily_etl_pipeline', 'ingest_data', 'manual__2026-03-11T08:27:57.751155+00:00', '--job-id', '21', '--raw', '--subdir', 'DAGS_FOLDER/finance_etl_dag.py', '--cfg-path', '/tmp/tmp6g3tg8qo']
[2026-03-11T08:28:00.646+0000] {standard_task_runner.py:91} INFO - Job 21: Subtask ingest_data
[2026-03-11T08:28:00.646+0000] {standard_task_runner.py:63} INFO - Started process 168 to run task
[2026-03-11T08:28:00.696+0000] {logging_mixin.py:188} WARNING - /home/airflow/.local/lib/python3.12/site-packages/airflow/settings.py:195 DeprecationWarning: The sql_alchemy_conn option in [core] has been moved to the sql_alchemy_conn option in [database] - the old setting has been used, but please update your config.
[2026-03-11T08:28:00.869+0000] {task_command.py:426} INFO - Running <TaskInstance: daily_etl_pipeline.ingest_data manual__2026-03-11T08:27:57.751155+00:00 [running]> on host 1a9ed0cd75e4
[2026-03-11T08:28:01.393+0000] {taskinstance.py:2644} INFO - Exporting env vars: AIRFLOW_CTX_DAG_OWNER='airflow' AIRFLOW_CTX_DAG_ID='daily_etl_pipeline' AIRFLOW_CTX_TASK_ID='ingest_data' AIRFLOW_CTX_EXECUTION_DATE='2026-03-11T08:27:57.751155+00:00' AIRFLOW_CTX_TRY_NUMBER='1' AIRFLOW_CTX_DAG_RUN_ID='manual__2026-03-11T08:27:57.751155+00:00'
[2026-03-11T08:28:01.394+0000] {taskinstance.py:430} INFO - ::endgroup::
[2026-03-11T08:28:01.478+0000] {subprocess.py:63} INFO - Tmp dir root location: /tmp
[2026-03-11T08:28:01.482+0000] {subprocess.py:75} INFO - Running command: ['/usr/bin/bash', '-c', ' python /opt/airflow/spark_jobs/ingest_data.py']
[2026-03-11T08:28:01.499+0000] {subprocess.py:86} INFO - Output:
[2026-03-11T08:28:03.132+0000] {subprocess.py:93} INFO - 2026-03-11 08:28:03,132 | INFO | Starting ingestion...
[2026-03-11T08:28:08.908+0000] {subprocess.py:93} INFO - Setting default log level to "WARN".
[2026-03-11T08:28:08.909+0000] {subprocess.py:93} INFO - To adjust logging level use sc.setLogLevel(newLevel). For SparkR, use setLogLevel(newLevel).
[2026-03-11T08:28:09.527+0000] {subprocess.py:93} INFO - 26/03/11 08:28:09 WARN NativeCodeLoader: Unable to load native-hadoop library for your platform... using builtin-java classes where applicable
[2026-03-11T08:28:12.984+0000] {subprocess.py:93} INFO - 2026-03-11 08:28:12,983 | INFO | Reading CSV from /home/waleed/my-etl-pipeline/finance-data-pipeline/data_lake/raw/transaction_data.csv...
[2026-03-11T08:28:14.974+0000] {subprocess.py:93} INFO - Traceback (most recent call last):
[2026-03-11T08:28:14.975+0000] {subprocess.py:93} INFO -   File "/opt/airflow/spark_jobs/ingest_data.py", line 55, in <module>
[2026-03-11T08:28:14.976+0000] {subprocess.py:93} INFO -     ingest()
[2026-03-11T08:28:14.976+0000] {subprocess.py:93} INFO -   File "/opt/airflow/spark_jobs/ingest_data.py", line 34, in ingest
[2026-03-11T08:28:14.977+0000] {subprocess.py:93} INFO -     df = spark.read.csv(
[2026-03-11T08:28:14.978+0000] {subprocess.py:93} INFO -          ^^^^^^^^^^^^^^^
[2026-03-11T08:28:14.978+0000] {subprocess.py:93} INFO -   File "/home/airflow/.local/lib/python3.12/site-packages/pyspark/sql/readwriter.py", line 740, in csv
[2026-03-11T08:28:14.979+0000] {subprocess.py:93} INFO -     return self._df(self._jreader.csv(self._spark._sc._jvm.PythonUtils.toSeq(path)))
[2026-03-11T08:28:14.979+0000] {subprocess.py:93} INFO -                     ^^^^^^^^^^^^^^^^^^^^^^^^^^^^^^^^^^^^^^^^^^^^^^^^^^^^^^^^^^^^^^^
[2026-03-11T08:28:14.980+0000] {subprocess.py:93} INFO -   File "/home/airflow/.local/lib/python3.12/site-packages/py4j/java_gateway.py", line 1322, in __call__
[2026-03-11T08:28:14.980+0000] {subprocess.py:93} INFO -     return_value = get_return_value(
[2026-03-11T08:28:14.981+0000] {subprocess.py:93} INFO -                    ^^^^^^^^^^^^^^^^^
[2026-03-11T08:28:14.982+0000] {subprocess.py:93} INFO -   File "/home/airflow/.local/lib/python3.12/site-packages/pyspark/errors/exceptions/captured.py", line 185, in deco
[2026-03-11T08:28:14.982+0000] {subprocess.py:93} INFO -     raise converted from None
[2026-03-11T08:28:14.996+0000] {subprocess.py:93} INFO - pyspark.errors.exceptions.captured.AnalysisException: [PATH_NOT_FOUND] Path does not exist: file:/home/waleed/my-etl-pipeline/finance-data-pipeline/data_lake/raw/transaction_data.csv.
[2026-03-11T08:28:14.997+0000] {subprocess.py:93} INFO - 2026-03-11 08:28:14,997 | INFO | Closing down clientserver connection
[2026-03-11T08:28:15.826+0000] {subprocess.py:97} INFO - Command exited with return code 1
[2026-03-11T08:28:15.828+0000] {taskinstance.py:441} INFO - ::group::Post task execution logs
[2026-03-11T08:28:15.859+0000] {taskinstance.py:2890} ERROR - Task failed with exception
Traceback (most recent call last):
  File "/home/airflow/.local/lib/python3.12/site-packages/airflow/models/taskinstance.py", line 465, in _execute_task
    result = _execute_callable(context=context, **execute_callable_kwargs)
             ^^^^^^^^^^^^^^^^^^^^^^^^^^^^^^^^^^^^^^^^^^^^^^^^^^^^^^^^^^^^^
  File "/home/airflow/.local/lib/python3.12/site-packages/airflow/models/taskinstance.py", line 432, in _execute_callable
    return execute_callable(context=context, **execute_callable_kwargs)
           ^^^^^^^^^^^^^^^^^^^^^^^^^^^^^^^^^^^^^^^^^^^^^^^^^^^^^^^^^^^^
  File "/home/airflow/.local/lib/python3.12/site-packages/airflow/models/baseoperator.py", line 400, in wrapper
    return func(self, *args, **kwargs)
           ^^^^^^^^^^^^^^^^^^^^^^^^^^^
  File "/home/airflow/.local/lib/python3.12/site-packages/airflow/operators/bash.py", line 243, in execute
    raise AirflowException(
airflow.exceptions.AirflowException: Bash command failed. The command returned a non-zero exit code 1.
[2026-03-11T08:28:15.870+0000] {taskinstance.py:1205} INFO - Marking task as FAILED. dag_id=daily_etl_pipeline, task_id=ingest_data, execution_date=20260311T082757, start_date=20260311T082800, end_date=20260311T082815
[2026-03-11T08:28:15.903+0000] {standard_task_runner.py:110} ERROR - Failed to execute job 21 for task ingest_data (Bash command failed. The command returned a non-zero exit code 1.; 168)
[2026-03-11T08:28:15.956+0000] {local_task_job_runner.py:240} INFO - Task exited with return code 1
[2026-03-11T08:28:16.018+0000] {taskinstance.py:3482} INFO - 0 downstream tasks scheduled from follow-on schedule check
[2026-03-11T08:28:16.027+0000] {local_task_job_runner.py:222} INFO - ::endgroup::
