[2026-03-12T07:58:32.561+0000] {local_task_job_runner.py:120} INFO - ::group::Pre task execution logs
[2026-03-12T07:58:32.638+0000] {taskinstance.py:2073} INFO - Dependencies all met for dep_context=non-requeueable deps ti=<TaskInstance: daily_etl_pipeline.transform_data manual__2026-03-12T07:57:48.581967+00:00 [queued]>
[2026-03-12T07:58:32.662+0000] {taskinstance.py:2073} INFO - Dependencies all met for dep_context=requeueable deps ti=<TaskInstance: daily_etl_pipeline.transform_data manual__2026-03-12T07:57:48.581967+00:00 [queued]>
[2026-03-12T07:58:32.663+0000] {taskinstance.py:2303} INFO - Starting attempt 1 of 1
[2026-03-12T07:58:32.685+0000] {taskinstance.py:2327} INFO - Executing <Task(BashOperator): transform_data> on 2026-03-12 07:57:48.581967+00:00
[2026-03-12T07:58:32.700+0000] {logging_mixin.py:188} WARNING - /home/airflow/.local/lib/python3.12/site-packages/airflow/task/task_runner/standard_task_runner.py:61 DeprecationWarning: This process (pid=1992) is multi-threaded, use of fork() may lead to deadlocks in the child.
[2026-03-12T07:58:32.702+0000] {standard_task_runner.py:63} INFO - Started process 1993 to run task
[2026-03-12T07:58:32.700+0000] {standard_task_runner.py:90} INFO - Running: ['airflow', 'tasks', 'run', 'daily_etl_pipeline', 'transform_data', 'manual__2026-03-12T07:57:48.581967+00:00', '--job-id', '115', '--raw', '--subdir', 'DAGS_FOLDER/finance_etl_dag.py', '--cfg-path', '/tmp/tmp98gvhv4_']
[2026-03-12T07:58:32.704+0000] {standard_task_runner.py:91} INFO - Job 115: Subtask transform_data
[2026-03-12T07:58:32.736+0000] {logging_mixin.py:188} WARNING - /home/airflow/.local/lib/python3.12/site-packages/airflow/settings.py:195 DeprecationWarning: The sql_alchemy_conn option in [core] has been moved to the sql_alchemy_conn option in [database] - the old setting has been used, but please update your config.
[2026-03-12T07:58:32.809+0000] {task_command.py:426} INFO - Running <TaskInstance: daily_etl_pipeline.transform_data manual__2026-03-12T07:57:48.581967+00:00 [running]> on host 8d060d40942f
[2026-03-12T07:58:32.979+0000] {taskinstance.py:2644} INFO - Exporting env vars: AIRFLOW_CTX_DAG_OWNER='airflow' AIRFLOW_CTX_DAG_ID='daily_etl_pipeline' AIRFLOW_CTX_TASK_ID='transform_data' AIRFLOW_CTX_EXECUTION_DATE='2026-03-12T07:57:48.581967+00:00' AIRFLOW_CTX_TRY_NUMBER='1' AIRFLOW_CTX_DAG_RUN_ID='manual__2026-03-12T07:57:48.581967+00:00'
[2026-03-12T07:58:32.980+0000] {taskinstance.py:430} INFO - ::endgroup::
[2026-03-12T07:58:33.005+0000] {subprocess.py:63} INFO - Tmp dir root location: /tmp
[2026-03-12T07:58:33.007+0000] {subprocess.py:75} INFO - Running command: ['/usr/bin/bash', '-c', 'python /opt/airflow/spark_jobs/transform_data.py']
[2026-03-12T07:58:33.024+0000] {subprocess.py:86} INFO - Output:
[2026-03-12T07:58:34.213+0000] {subprocess.py:93} INFO - 2026-03-12 07:58:34,212 | INFO | Starting transformation...
[2026-03-12T07:58:38.435+0000] {subprocess.py:93} INFO - Setting default log level to "WARN".
[2026-03-12T07:58:38.444+0000] {subprocess.py:93} INFO - To adjust logging level use sc.setLogLevel(newLevel). For SparkR, use setLogLevel(newLevel).
[2026-03-12T07:58:38.851+0000] {subprocess.py:93} INFO - 26/03/12 07:58:38 WARN NativeCodeLoader: Unable to load native-hadoop library for your platform... using builtin-java classes where applicable
[2026-03-12T07:58:42.002+0000] {subprocess.py:93} INFO - 2026-03-12 07:58:42,002 | INFO | Reading raw parquet from /opt/airflow/data_lake/raw/transaction_data.parquet...
[2026-03-12T07:58:52.840+0000] {subprocess.py:93} INFO - [Stage 0:>                                                          (0 + 1) / 1]                                                                                [Stage 1:>                                                          (0 + 8) / 8]                                                                                2026-03-12 07:58:52,840 | INFO | Total raw records: 1000000
[2026-03-12T07:58:52.842+0000] {subprocess.py:93} INFO - 2026-03-12 07:58:52,840 | INFO | Cleaning and standardizing data...
[2026-03-12T07:58:53.163+0000] {subprocess.py:93} INFO - 2026-03-12 07:58:53,163 | INFO | Existing processed parquet found. Deduplicating new records...
[2026-03-12T07:58:54.039+0000] {subprocess.py:93} INFO - 2026-03-12 07:58:54,038 | INFO | Existing processed count: 1000000
[2026-03-12T07:58:58.521+0000] {subprocess.py:93} INFO - [Stage 8:>                                                          (0 + 8) / 8]                                                                                2026-03-12 07:58:58,521 | INFO | New unique records to append: 0
[2026-03-12T07:59:00.869+0000] {subprocess.py:93} INFO - 2026-03-12 07:59:00,867 | INFO | No new records. Keeping existing processed parquet.
[2026-03-12T07:59:00.870+0000] {subprocess.py:93} INFO - 2026-03-12 07:59:00,868 | INFO | Writing processed data to temp folder /opt/airflow/data_lake/processed/finance_processed.parquet_tmp_1773302340...
[2026-03-12T07:59:02.373+0000] {subprocess.py:93} INFO - [Stage 16:>                                                         (0 + 8) / 8]26/03/12 07:59:02 WARN MemoryManager: Total allocation exceeds 95.00% (1,020,054,720 bytes) of heap memory
[2026-03-12T07:59:02.375+0000] {subprocess.py:93} INFO - Scaling row group sizes to 95.00% for 8 writers
[2026-03-12T07:59:06.955+0000] {subprocess.py:93} INFO - [Stage 16:=======>                                                  (1 + 7) / 8][Stage 16:=====================>                                    (3 + 5) / 8]                                                                                2026-03-12 07:59:06,952 | INFO | Deleting old processed parquet at /opt/airflow/data_lake/processed/finance_processed.parquet...
[2026-03-12T07:59:06.972+0000] {subprocess.py:93} INFO - 2026-03-12 07:59:06,972 | INFO | Processed data saved to /opt/airflow/data_lake/processed/finance_processed.parquet
[2026-03-12T07:59:07.554+0000] {subprocess.py:93} INFO - 2026-03-12 07:59:07,553 | INFO | Final processed records count: 1000000
[2026-03-12T07:59:08.329+0000] {subprocess.py:93} INFO - 2026-03-12 07:59:08,323 | INFO | Transformation completed successfully.
[2026-03-12T07:59:08.331+0000] {subprocess.py:93} INFO - 2026-03-12 07:59:08,327 | INFO | Closing down clientserver connection
[2026-03-12T07:59:09.255+0000] {subprocess.py:97} INFO - Command exited with return code 0
[2026-03-12T07:59:09.259+0000] {taskinstance.py:441} INFO - ::group::Post task execution logs
[2026-03-12T07:59:09.368+0000] {taskinstance.py:1205} INFO - Marking task as SUCCESS. dag_id=daily_etl_pipeline, task_id=transform_data, execution_date=20260312T075748, start_date=20260312T075832, end_date=20260312T075909
[2026-03-12T07:59:09.502+0000] {local_task_job_runner.py:240} INFO - Task exited with return code 0
[2026-03-12T07:59:09.665+0000] {taskinstance.py:3482} INFO - 1 downstream tasks scheduled from follow-on schedule check
[2026-03-12T07:59:09.683+0000] {local_task_job_runner.py:222} INFO - ::endgroup::
