[2026-03-10T10:55:26.405+0000] {local_task_job_runner.py:120} INFO - ::group::Pre task execution logs
[2026-03-10T10:55:26.548+0000] {taskinstance.py:2073} INFO - Dependencies all met for dep_context=non-requeueable deps ti=<TaskInstance: daily_etl_pipeline.ingest_data manual__2026-03-10T10:55:24.120969+00:00 [queued]>
[2026-03-10T10:55:26.586+0000] {taskinstance.py:2073} INFO - Dependencies all met for dep_context=requeueable deps ti=<TaskInstance: daily_etl_pipeline.ingest_data manual__2026-03-10T10:55:24.120969+00:00 [queued]>
[2026-03-10T10:55:26.586+0000] {taskinstance.py:2303} INFO - Starting attempt 1 of 1
[2026-03-10T10:55:26.648+0000] {taskinstance.py:2327} INFO - Executing <Task(BashOperator): ingest_data> on 2026-03-10 10:55:24.120969+00:00
[2026-03-10T10:55:26.695+0000] {logging_mixin.py:188} WARNING - /home/airflow/.local/lib/python3.12/site-packages/airflow/task/task_runner/standard_task_runner.py:61 DeprecationWarning: This process (pid=190) is multi-threaded, use of fork() may lead to deadlocks in the child.
[2026-03-10T10:55:26.713+0000] {standard_task_runner.py:63} INFO - Started process 191 to run task
[2026-03-10T10:55:26.699+0000] {standard_task_runner.py:90} INFO - Running: ['airflow', 'tasks', 'run', 'daily_etl_pipeline', 'ingest_data', 'manual__2026-03-10T10:55:24.120969+00:00', '--job-id', '9', '--raw', '--subdir', 'DAGS_FOLDER/finance_etl_dag.py', '--cfg-path', '/tmp/tmp5qrj53mq']
[2026-03-10T10:55:26.717+0000] {standard_task_runner.py:91} INFO - Job 9: Subtask ingest_data
[2026-03-10T10:55:26.886+0000] {logging_mixin.py:188} WARNING - /home/airflow/.local/lib/python3.12/site-packages/airflow/settings.py:195 DeprecationWarning: The sql_alchemy_conn option in [core] has been moved to the sql_alchemy_conn option in [database] - the old setting has been used, but please update your config.
[2026-03-10T10:55:27.128+0000] {task_command.py:426} INFO - Running <TaskInstance: daily_etl_pipeline.ingest_data manual__2026-03-10T10:55:24.120969+00:00 [running]> on host 580eecf0ba55
[2026-03-10T10:55:27.673+0000] {taskinstance.py:2644} INFO - Exporting env vars: AIRFLOW_CTX_DAG_OWNER='airflow' AIRFLOW_CTX_DAG_ID='daily_etl_pipeline' AIRFLOW_CTX_TASK_ID='ingest_data' AIRFLOW_CTX_EXECUTION_DATE='2026-03-10T10:55:24.120969+00:00' AIRFLOW_CTX_TRY_NUMBER='1' AIRFLOW_CTX_DAG_RUN_ID='manual__2026-03-10T10:55:24.120969+00:00'
[2026-03-10T10:55:27.674+0000] {taskinstance.py:430} INFO - ::endgroup::
[2026-03-10T10:55:27.826+0000] {subprocess.py:63} INFO - Tmp dir root location: /tmp
[2026-03-10T10:55:27.828+0000] {subprocess.py:75} INFO - Running command: ['/usr/bin/bash', '-c', ' python /opt/airflow/spark_jobs/ingest_data.py']
[2026-03-10T10:55:27.855+0000] {subprocess.py:86} INFO - Output:
[2026-03-10T10:55:28.366+0000] {subprocess.py:93} INFO - Traceback (most recent call last):
[2026-03-10T10:55:28.367+0000] {subprocess.py:93} INFO -   File "/opt/airflow/spark_jobs/ingest_data.py", line 3, in <module>
[2026-03-10T10:55:28.368+0000] {subprocess.py:93} INFO -     from pyspark.sql import SparkSession
[2026-03-10T10:55:28.368+0000] {subprocess.py:93} INFO - ModuleNotFoundError: No module named 'pyspark'
[2026-03-10T10:55:28.378+0000] {subprocess.py:97} INFO - Command exited with return code 1
[2026-03-10T10:55:28.379+0000] {taskinstance.py:441} INFO - ::group::Post task execution logs
[2026-03-10T10:55:28.413+0000] {taskinstance.py:2890} ERROR - Task failed with exception
Traceback (most recent call last):
  File "/home/airflow/.local/lib/python3.12/site-packages/airflow/models/taskinstance.py", line 465, in _execute_task
    result = _execute_callable(context=context, **execute_callable_kwargs)
             ^^^^^^^^^^^^^^^^^^^^^^^^^^^^^^^^^^^^^^^^^^^^^^^^^^^^^^^^^^^^^
  File "/home/airflow/.local/lib/python3.12/site-packages/airflow/models/taskinstance.py", line 432, in _execute_callable
    return execute_callable(context=context, **execute_callable_kwargs)
           ^^^^^^^^^^^^^^^^^^^^^^^^^^^^^^^^^^^^^^^^^^^^^^^^^^^^^^^^^^^^
  File "/home/airflow/.local/lib/python3.12/site-packages/airflow/models/baseoperator.py", line 400, in wrapper
    return func(self, *args, **kwargs)
           ^^^^^^^^^^^^^^^^^^^^^^^^^^^
  File "/home/airflow/.local/lib/python3.12/site-packages/airflow/operators/bash.py", line 243, in execute
    raise AirflowException(
airflow.exceptions.AirflowException: Bash command failed. The command returned a non-zero exit code 1.
[2026-03-10T10:55:28.424+0000] {taskinstance.py:1205} INFO - Marking task as FAILED. dag_id=daily_etl_pipeline, task_id=ingest_data, execution_date=20260310T105524, start_date=20260310T105526, end_date=20260310T105528
[2026-03-10T10:55:28.458+0000] {standard_task_runner.py:110} ERROR - Failed to execute job 9 for task ingest_data (Bash command failed. The command returned a non-zero exit code 1.; 191)
[2026-03-10T10:55:28.481+0000] {local_task_job_runner.py:240} INFO - Task exited with return code 1
[2026-03-10T10:55:28.547+0000] {taskinstance.py:3482} INFO - 0 downstream tasks scheduled from follow-on schedule check
[2026-03-10T10:55:28.559+0000] {local_task_job_runner.py:222} INFO - ::endgroup::
