[2026-03-11T15:25:55.622+0000] {local_task_job_runner.py:120} INFO - ::group::Pre task execution logs
[2026-03-11T15:25:55.746+0000] {taskinstance.py:2073} INFO - Dependencies all met for dep_context=non-requeueable deps ti=<TaskInstance: daily_etl_pipeline.load_data manual__2026-03-11T15:22:59.295937+00:00 [queued]>
[2026-03-11T15:25:55.770+0000] {taskinstance.py:2073} INFO - Dependencies all met for dep_context=requeueable deps ti=<TaskInstance: daily_etl_pipeline.load_data manual__2026-03-11T15:22:59.295937+00:00 [queued]>
[2026-03-11T15:25:55.771+0000] {taskinstance.py:2303} INFO - Starting attempt 1 of 1
[2026-03-11T15:25:55.803+0000] {taskinstance.py:2327} INFO - Executing <Task(BashOperator): load_data> on 2026-03-11 15:22:59.295937+00:00
[2026-03-11T15:25:55.824+0000] {logging_mixin.py:188} WARNING - /home/airflow/.local/lib/python3.12/site-packages/airflow/task/task_runner/standard_task_runner.py:61 DeprecationWarning: This process (pid=1051) is multi-threaded, use of fork() may lead to deadlocks in the child.
[2026-03-11T15:25:55.827+0000] {standard_task_runner.py:63} INFO - Started process 1052 to run task
[2026-03-11T15:25:55.825+0000] {standard_task_runner.py:90} INFO - Running: ['airflow', 'tasks', 'run', 'daily_etl_pipeline', 'load_data', 'manual__2026-03-11T15:22:59.295937+00:00', '--job-id', '87', '--raw', '--subdir', 'DAGS_FOLDER/finance_etl_dag.py', '--cfg-path', '/tmp/tmp417x4sdp']
[2026-03-11T15:25:55.829+0000] {standard_task_runner.py:91} INFO - Job 87: Subtask load_data
[2026-03-11T15:25:55.899+0000] {logging_mixin.py:188} WARNING - /home/airflow/.local/lib/python3.12/site-packages/airflow/settings.py:195 DeprecationWarning: The sql_alchemy_conn option in [core] has been moved to the sql_alchemy_conn option in [database] - the old setting has been used, but please update your config.
[2026-03-11T15:25:56.013+0000] {task_command.py:426} INFO - Running <TaskInstance: daily_etl_pipeline.load_data manual__2026-03-11T15:22:59.295937+00:00 [running]> on host 8d060d40942f
[2026-03-11T15:25:56.290+0000] {taskinstance.py:2644} INFO - Exporting env vars: AIRFLOW_CTX_DAG_OWNER='airflow' AIRFLOW_CTX_DAG_ID='daily_etl_pipeline' AIRFLOW_CTX_TASK_ID='load_data' AIRFLOW_CTX_EXECUTION_DATE='2026-03-11T15:22:59.295937+00:00' AIRFLOW_CTX_TRY_NUMBER='1' AIRFLOW_CTX_DAG_RUN_ID='manual__2026-03-11T15:22:59.295937+00:00'
[2026-03-11T15:25:56.292+0000] {taskinstance.py:430} INFO - ::endgroup::
[2026-03-11T15:25:56.349+0000] {subprocess.py:63} INFO - Tmp dir root location: /tmp
[2026-03-11T15:25:56.352+0000] {subprocess.py:75} INFO - Running command: ['/usr/bin/bash', '-c', 'python /opt/airflow/spark_jobs/load_data.py']
[2026-03-11T15:25:56.374+0000] {subprocess.py:86} INFO - Output:
[2026-03-11T15:25:58.660+0000] {subprocess.py:93} INFO - 2026-03-11 15:25:58,660 | INFO | Starting Load: Creating curated layer...
[2026-03-11T15:25:58.662+0000] {subprocess.py:93} INFO - 2026-03-11 15:25:58,661 | WARNING | Postgres not reachable, retry 1/5. Waiting 5s... Error: connection to server at "localhost" (::1), port 5432 failed: Connection refused
[2026-03-11T15:25:58.663+0000] {subprocess.py:93} INFO - 	Is the server running on that host and accepting TCP/IP connections?
[2026-03-11T15:25:58.665+0000] {subprocess.py:93} INFO - connection to server at "localhost" (127.0.0.1), port 5432 failed: Connection refused
[2026-03-11T15:25:58.666+0000] {subprocess.py:93} INFO - 	Is the server running on that host and accepting TCP/IP connections?
[2026-03-11T15:25:58.667+0000] {subprocess.py:93} INFO - 
[2026-03-11T15:26:03.663+0000] {subprocess.py:93} INFO - 2026-03-11 15:26:03,663 | WARNING | Postgres not reachable, retry 2/5. Waiting 5s... Error: connection to server at "localhost" (::1), port 5432 failed: Connection refused
[2026-03-11T15:26:03.665+0000] {subprocess.py:93} INFO - 	Is the server running on that host and accepting TCP/IP connections?
[2026-03-11T15:26:03.668+0000] {subprocess.py:93} INFO - connection to server at "localhost" (127.0.0.1), port 5432 failed: Connection refused
[2026-03-11T15:26:03.669+0000] {subprocess.py:93} INFO - 	Is the server running on that host and accepting TCP/IP connections?
[2026-03-11T15:26:03.670+0000] {subprocess.py:93} INFO - 
[2026-03-11T15:26:08.667+0000] {subprocess.py:93} INFO - 2026-03-11 15:26:08,667 | WARNING | Postgres not reachable, retry 3/5. Waiting 5s... Error: connection to server at "localhost" (::1), port 5432 failed: Connection refused
[2026-03-11T15:26:08.669+0000] {subprocess.py:93} INFO - 	Is the server running on that host and accepting TCP/IP connections?
[2026-03-11T15:26:08.671+0000] {subprocess.py:93} INFO - connection to server at "localhost" (127.0.0.1), port 5432 failed: Connection refused
[2026-03-11T15:26:08.672+0000] {subprocess.py:93} INFO - 	Is the server running on that host and accepting TCP/IP connections?
[2026-03-11T15:26:08.673+0000] {subprocess.py:93} INFO - 
[2026-03-11T15:26:13.669+0000] {subprocess.py:93} INFO - 2026-03-11 15:26:13,668 | WARNING | Postgres not reachable, retry 4/5. Waiting 5s... Error: connection to server at "localhost" (::1), port 5432 failed: Connection refused
[2026-03-11T15:26:13.670+0000] {subprocess.py:93} INFO - 	Is the server running on that host and accepting TCP/IP connections?
[2026-03-11T15:26:13.671+0000] {subprocess.py:93} INFO - connection to server at "localhost" (127.0.0.1), port 5432 failed: Connection refused
[2026-03-11T15:26:13.671+0000] {subprocess.py:93} INFO - 	Is the server running on that host and accepting TCP/IP connections?
[2026-03-11T15:26:13.672+0000] {subprocess.py:93} INFO - 
[2026-03-11T15:26:18.740+0000] {subprocess.py:93} INFO - 2026-03-11 15:26:18,739 | WARNING | Postgres not reachable, retry 5/5. Waiting 5s... Error: connection to server at "localhost" (::1), port 5432 failed: Connection refused
[2026-03-11T15:26:18.741+0000] {subprocess.py:93} INFO - 	Is the server running on that host and accepting TCP/IP connections?
[2026-03-11T15:26:18.742+0000] {subprocess.py:93} INFO - connection to server at "localhost" (127.0.0.1), port 5432 failed: Connection refused
[2026-03-11T15:26:18.744+0000] {subprocess.py:93} INFO - 	Is the server running on that host and accepting TCP/IP connections?
[2026-03-11T15:26:18.746+0000] {subprocess.py:93} INFO - 
[2026-03-11T15:26:23.740+0000] {subprocess.py:93} INFO - 2026-03-11 15:26:23,740 | ERROR | Postgres is not reachable after multiple attempts. Exiting.
[2026-03-11T15:26:23.953+0000] {subprocess.py:97} INFO - Command exited with return code 0
[2026-03-11T15:26:23.955+0000] {taskinstance.py:441} INFO - ::group::Post task execution logs
[2026-03-11T15:26:24.035+0000] {taskinstance.py:1205} INFO - Marking task as SUCCESS. dag_id=daily_etl_pipeline, task_id=load_data, execution_date=20260311T152259, start_date=20260311T152555, end_date=20260311T152624
[2026-03-11T15:26:24.118+0000] {local_task_job_runner.py:240} INFO - Task exited with return code 0
[2026-03-11T15:26:24.196+0000] {taskinstance.py:3482} INFO - 0 downstream tasks scheduled from follow-on schedule check
[2026-03-11T15:26:24.202+0000] {local_task_job_runner.py:222} INFO - ::endgroup::
