[2026-03-11T11:51:15.060+0000] {local_task_job_runner.py:120} INFO - ::group::Pre task execution logs
[2026-03-11T11:51:15.111+0000] {taskinstance.py:2073} INFO - Dependencies all met for dep_context=non-requeueable deps ti=<TaskInstance: daily_etl_pipeline.ingest_data manual__2026-03-11T11:51:13.808820+00:00 [queued]>
[2026-03-11T11:51:15.125+0000] {taskinstance.py:2073} INFO - Dependencies all met for dep_context=requeueable deps ti=<TaskInstance: daily_etl_pipeline.ingest_data manual__2026-03-11T11:51:13.808820+00:00 [queued]>
[2026-03-11T11:51:15.125+0000] {taskinstance.py:2303} INFO - Starting attempt 1 of 1
[2026-03-11T11:51:15.146+0000] {taskinstance.py:2327} INFO - Executing <Task(BashOperator): ingest_data> on 2026-03-11 11:51:13.808820+00:00
[2026-03-11T11:51:15.157+0000] {logging_mixin.py:188} WARNING - /home/airflow/.local/lib/python3.12/site-packages/airflow/task/task_runner/standard_task_runner.py:61 DeprecationWarning: This process (pid=2771) is multi-threaded, use of fork() may lead to deadlocks in the child.
[2026-03-11T11:51:15.159+0000] {standard_task_runner.py:63} INFO - Started process 2772 to run task
[2026-03-11T11:51:15.157+0000] {standard_task_runner.py:90} INFO - Running: ['airflow', 'tasks', 'run', 'daily_etl_pipeline', 'ingest_data', 'manual__2026-03-11T11:51:13.808820+00:00', '--job-id', '69', '--raw', '--subdir', 'DAGS_FOLDER/finance_etl_dag.py', '--cfg-path', '/tmp/tmphs5rwa55']
[2026-03-11T11:51:15.160+0000] {standard_task_runner.py:91} INFO - Job 69: Subtask ingest_data
[2026-03-11T11:51:15.187+0000] {logging_mixin.py:188} WARNING - /home/airflow/.local/lib/python3.12/site-packages/airflow/settings.py:195 DeprecationWarning: The sql_alchemy_conn option in [core] has been moved to the sql_alchemy_conn option in [database] - the old setting has been used, but please update your config.
[2026-03-11T11:51:15.248+0000] {task_command.py:426} INFO - Running <TaskInstance: daily_etl_pipeline.ingest_data manual__2026-03-11T11:51:13.808820+00:00 [running]> on host 8d060d40942f
[2026-03-11T11:51:15.417+0000] {taskinstance.py:2644} INFO - Exporting env vars: AIRFLOW_CTX_DAG_OWNER='airflow' AIRFLOW_CTX_DAG_ID='daily_etl_pipeline' AIRFLOW_CTX_TASK_ID='ingest_data' AIRFLOW_CTX_EXECUTION_DATE='2026-03-11T11:51:13.808820+00:00' AIRFLOW_CTX_TRY_NUMBER='1' AIRFLOW_CTX_DAG_RUN_ID='manual__2026-03-11T11:51:13.808820+00:00'
[2026-03-11T11:51:15.418+0000] {taskinstance.py:430} INFO - ::endgroup::
[2026-03-11T11:51:15.450+0000] {subprocess.py:63} INFO - Tmp dir root location: /tmp
[2026-03-11T11:51:15.451+0000] {subprocess.py:75} INFO - Running command: ['/usr/bin/bash', '-c', ' python /opt/airflow/spark_jobs/ingest_data.py']
[2026-03-11T11:51:15.466+0000] {subprocess.py:86} INFO - Output:
[2026-03-11T11:51:16.423+0000] {subprocess.py:93} INFO - 2026-03-11 11:51:16,423 | INFO | Starting Load: Creating curated layer incrementally...
[2026-03-11T11:51:21.338+0000] {subprocess.py:93} INFO - :: loading settings :: url = jar:file:/home/airflow/.local/lib/python3.12/site-packages/pyspark/jars/ivy-2.5.1.jar!/org/apache/ivy/core/settings/ivysettings.xml
[2026-03-11T11:51:21.763+0000] {subprocess.py:93} INFO - Ivy Default Cache set to: /home/airflow/.ivy2/cache
[2026-03-11T11:51:21.764+0000] {subprocess.py:93} INFO - The jars for the packages stored in: /home/airflow/.ivy2/jars
[2026-03-11T11:51:21.776+0000] {subprocess.py:93} INFO - org.postgresql#postgresql added as a dependency
[2026-03-11T11:51:21.780+0000] {subprocess.py:93} INFO - :: resolving dependencies :: org.apache.spark#spark-submit-parent-7e8860b8-1d3a-4198-bdb2-29ed0538cd6c;1.0
[2026-03-11T11:51:21.781+0000] {subprocess.py:93} INFO - 	confs: [default]
[2026-03-11T11:51:22.010+0000] {subprocess.py:93} INFO - 	found org.postgresql#postgresql;42.6.0 in central
[2026-03-11T11:51:22.056+0000] {subprocess.py:93} INFO - 	found org.checkerframework#checker-qual;3.31.0 in central
[2026-03-11T11:51:22.085+0000] {subprocess.py:93} INFO - :: resolution report :: resolve 292ms :: artifacts dl 14ms
[2026-03-11T11:51:22.086+0000] {subprocess.py:93} INFO - 	:: modules in use:
[2026-03-11T11:51:22.087+0000] {subprocess.py:93} INFO - 	org.checkerframework#checker-qual;3.31.0 from central in [default]
[2026-03-11T11:51:22.088+0000] {subprocess.py:93} INFO - 	org.postgresql#postgresql;42.6.0 from central in [default]
[2026-03-11T11:51:22.088+0000] {subprocess.py:93} INFO - 	---------------------------------------------------------------------
[2026-03-11T11:51:22.089+0000] {subprocess.py:93} INFO - 	|                  |            modules            ||   artifacts   |
[2026-03-11T11:51:22.090+0000] {subprocess.py:93} INFO - 	|       conf       | number| search|dwnlded|evicted|| number|dwnlded|
[2026-03-11T11:51:22.090+0000] {subprocess.py:93} INFO - 	---------------------------------------------------------------------
[2026-03-11T11:51:22.092+0000] {subprocess.py:93} INFO - 	|      default     |   2   |   0   |   0   |   0   ||   2   |   0   |
[2026-03-11T11:51:22.093+0000] {subprocess.py:93} INFO - 	---------------------------------------------------------------------
[2026-03-11T11:51:22.094+0000] {subprocess.py:93} INFO - :: retrieving :: org.apache.spark#spark-submit-parent-7e8860b8-1d3a-4198-bdb2-29ed0538cd6c
[2026-03-11T11:51:22.095+0000] {subprocess.py:93} INFO - 	confs: [default]
[2026-03-11T11:51:22.105+0000] {subprocess.py:93} INFO - 	0 artifacts copied, 2 already retrieved (0kB/11ms)
[2026-03-11T11:51:22.585+0000] {subprocess.py:93} INFO - 26/03/11 11:51:22 WARN NativeCodeLoader: Unable to load native-hadoop library for your platform... using builtin-java classes where applicable
[2026-03-11T11:51:23.122+0000] {subprocess.py:93} INFO - Setting default log level to "WARN".
[2026-03-11T11:51:23.123+0000] {subprocess.py:93} INFO - To adjust logging level use sc.setLogLevel(newLevel). For SparkR, use setLogLevel(newLevel).
[2026-03-11T11:51:35.157+0000] {subprocess.py:93} INFO - [Stage 0:>                                                          (0 + 1) / 1]                                                                                2026-03-11 11:51:35,156 | INFO | Processed records count: 0
[2026-03-11T11:51:35.157+0000] {subprocess.py:93} INFO - 2026-03-11 11:51:35,156 | WARNING | No records found in processed data!
[2026-03-11T11:51:35.675+0000] {subprocess.py:93} INFO - 2026-03-11 11:51:35,675 | INFO | Closing down clientserver connection
[2026-03-11T11:51:36.184+0000] {subprocess.py:97} INFO - Command exited with return code 0
[2026-03-11T11:51:36.185+0000] {taskinstance.py:441} INFO - ::group::Post task execution logs
[2026-03-11T11:51:36.238+0000] {taskinstance.py:1205} INFO - Marking task as SUCCESS. dag_id=daily_etl_pipeline, task_id=ingest_data, execution_date=20260311T115113, start_date=20260311T115115, end_date=20260311T115136
[2026-03-11T11:51:36.271+0000] {local_task_job_runner.py:240} INFO - Task exited with return code 0
[2026-03-11T11:51:36.301+0000] {taskinstance.py:3482} INFO - 1 downstream tasks scheduled from follow-on schedule check
[2026-03-11T11:51:36.304+0000] {local_task_job_runner.py:222} INFO - ::endgroup::
