[2026-03-11T09:44:53.091+0000] {local_task_job_runner.py:120} INFO - ::group::Pre task execution logs
[2026-03-11T09:44:53.175+0000] {taskinstance.py:2073} INFO - Dependencies all met for dep_context=non-requeueable deps ti=<TaskInstance: daily_etl_pipeline.load_data manual__2026-03-11T09:43:12.569047+00:00 [queued]>
[2026-03-11T09:44:53.200+0000] {taskinstance.py:2073} INFO - Dependencies all met for dep_context=requeueable deps ti=<TaskInstance: daily_etl_pipeline.load_data manual__2026-03-11T09:43:12.569047+00:00 [queued]>
[2026-03-11T09:44:53.201+0000] {taskinstance.py:2303} INFO - Starting attempt 1 of 1
[2026-03-11T09:44:53.251+0000] {taskinstance.py:2327} INFO - Executing <Task(BashOperator): load_data> on 2026-03-11 09:43:12.569047+00:00
[2026-03-11T09:44:53.274+0000] {logging_mixin.py:188} WARNING - /home/airflow/.local/lib/python3.12/site-packages/airflow/task/task_runner/standard_task_runner.py:61 DeprecationWarning: This process (pid=731) is multi-threaded, use of fork() may lead to deadlocks in the child.
[2026-03-11T09:44:53.278+0000] {standard_task_runner.py:63} INFO - Started process 732 to run task
[2026-03-11T09:44:53.274+0000] {standard_task_runner.py:90} INFO - Running: ['airflow', 'tasks', 'run', 'daily_etl_pipeline', 'load_data', 'manual__2026-03-11T09:43:12.569047+00:00', '--job-id', '44', '--raw', '--subdir', 'DAGS_FOLDER/finance_etl_dag.py', '--cfg-path', '/tmp/tmp8n9k_382']
[2026-03-11T09:44:53.283+0000] {standard_task_runner.py:91} INFO - Job 44: Subtask load_data
[2026-03-11T09:44:53.346+0000] {logging_mixin.py:188} WARNING - /home/airflow/.local/lib/python3.12/site-packages/airflow/settings.py:195 DeprecationWarning: The sql_alchemy_conn option in [core] has been moved to the sql_alchemy_conn option in [database] - the old setting has been used, but please update your config.
[2026-03-11T09:44:53.452+0000] {task_command.py:426} INFO - Running <TaskInstance: daily_etl_pipeline.load_data manual__2026-03-11T09:43:12.569047+00:00 [running]> on host 662adb583b47
[2026-03-11T09:44:53.856+0000] {taskinstance.py:2644} INFO - Exporting env vars: AIRFLOW_CTX_DAG_OWNER='airflow' AIRFLOW_CTX_DAG_ID='daily_etl_pipeline' AIRFLOW_CTX_TASK_ID='load_data' AIRFLOW_CTX_EXECUTION_DATE='2026-03-11T09:43:12.569047+00:00' AIRFLOW_CTX_TRY_NUMBER='1' AIRFLOW_CTX_DAG_RUN_ID='manual__2026-03-11T09:43:12.569047+00:00'
[2026-03-11T09:44:53.857+0000] {taskinstance.py:430} INFO - ::endgroup::
[2026-03-11T09:44:53.888+0000] {subprocess.py:63} INFO - Tmp dir root location: /tmp
[2026-03-11T09:44:53.890+0000] {subprocess.py:75} INFO - Running command: ['/usr/bin/bash', '-c', 'python /opt/airflow/spark_jobs/load_data.py']
[2026-03-11T09:44:53.907+0000] {subprocess.py:86} INFO - Output:
[2026-03-11T09:44:55.710+0000] {subprocess.py:93} INFO - Traceback (most recent call last):
[2026-03-11T09:44:55.711+0000] {subprocess.py:93} INFO -   File "/opt/airflow/spark_jobs/load_data.py", line 21, in <module>
[2026-03-11T09:44:55.712+0000] {subprocess.py:93} INFO -     os.makedirs(CURATED_DIR, exist_ok=True)
[2026-03-11T09:44:55.713+0000] {subprocess.py:93} INFO -   File "<frozen os>", line 215, in makedirs
[2026-03-11T09:44:55.715+0000] {subprocess.py:93} INFO -   File "<frozen os>", line 215, in makedirs
[2026-03-11T09:44:55.716+0000] {subprocess.py:93} INFO -   File "<frozen os>", line 215, in makedirs
[2026-03-11T09:44:55.717+0000] {subprocess.py:93} INFO -   [Previous line repeated 1 more time]
[2026-03-11T09:44:55.718+0000] {subprocess.py:93} INFO -   File "<frozen os>", line 225, in makedirs
[2026-03-11T09:44:55.719+0000] {subprocess.py:93} INFO - PermissionError: [Errno 13] Permission denied: '/home/waleed'
[2026-03-11T09:44:55.856+0000] {subprocess.py:97} INFO - Command exited with return code 1
[2026-03-11T09:44:55.859+0000] {taskinstance.py:441} INFO - ::group::Post task execution logs
[2026-03-11T09:44:55.902+0000] {taskinstance.py:2890} ERROR - Task failed with exception
Traceback (most recent call last):
  File "/home/airflow/.local/lib/python3.12/site-packages/airflow/models/taskinstance.py", line 465, in _execute_task
    result = _execute_callable(context=context, **execute_callable_kwargs)
             ^^^^^^^^^^^^^^^^^^^^^^^^^^^^^^^^^^^^^^^^^^^^^^^^^^^^^^^^^^^^^
  File "/home/airflow/.local/lib/python3.12/site-packages/airflow/models/taskinstance.py", line 432, in _execute_callable
    return execute_callable(context=context, **execute_callable_kwargs)
           ^^^^^^^^^^^^^^^^^^^^^^^^^^^^^^^^^^^^^^^^^^^^^^^^^^^^^^^^^^^^
  File "/home/airflow/.local/lib/python3.12/site-packages/airflow/models/baseoperator.py", line 400, in wrapper
    return func(self, *args, **kwargs)
           ^^^^^^^^^^^^^^^^^^^^^^^^^^^
  File "/home/airflow/.local/lib/python3.12/site-packages/airflow/operators/bash.py", line 243, in execute
    raise AirflowException(
airflow.exceptions.AirflowException: Bash command failed. The command returned a non-zero exit code 1.
[2026-03-11T09:44:55.915+0000] {taskinstance.py:1205} INFO - Marking task as FAILED. dag_id=daily_etl_pipeline, task_id=load_data, execution_date=20260311T094312, start_date=20260311T094453, end_date=20260311T094455
[2026-03-11T09:44:55.961+0000] {standard_task_runner.py:110} ERROR - Failed to execute job 44 for task load_data (Bash command failed. The command returned a non-zero exit code 1.; 732)
[2026-03-11T09:44:56.000+0000] {local_task_job_runner.py:240} INFO - Task exited with return code 1
[2026-03-11T09:44:56.093+0000] {taskinstance.py:3482} INFO - 0 downstream tasks scheduled from follow-on schedule check
[2026-03-11T09:44:56.099+0000] {local_task_job_runner.py:222} INFO - ::endgroup::
