[2026-03-11T07:51:42.185+0000] {local_task_job_runner.py:120} INFO - ::group::Pre task execution logs
[2026-03-11T07:51:42.258+0000] {taskinstance.py:2073} INFO - Dependencies all met for dep_context=non-requeueable deps ti=<TaskInstance: daily_etl_pipeline.ingest_data scheduled__2026-03-10T00:00:00+00:00 [queued]>
[2026-03-11T07:51:42.274+0000] {taskinstance.py:2073} INFO - Dependencies all met for dep_context=requeueable deps ti=<TaskInstance: daily_etl_pipeline.ingest_data scheduled__2026-03-10T00:00:00+00:00 [queued]>
[2026-03-11T07:51:42.275+0000] {taskinstance.py:2303} INFO - Starting attempt 1 of 1
[2026-03-11T07:51:42.297+0000] {taskinstance.py:2327} INFO - Executing <Task(BashOperator): ingest_data> on 2026-03-10 00:00:00+00:00
[2026-03-11T07:51:42.310+0000] {logging_mixin.py:188} WARNING - /home/airflow/.local/lib/python3.12/site-packages/airflow/task/task_runner/standard_task_runner.py:61 DeprecationWarning: This process (pid=167) is multi-threaded, use of fork() may lead to deadlocks in the child.
[2026-03-11T07:51:42.308+0000] {standard_task_runner.py:90} INFO - Running: ['airflow', 'tasks', 'run', 'daily_etl_pipeline', 'ingest_data', 'scheduled__2026-03-10T00:00:00+00:00', '--job-id', '17', '--raw', '--subdir', 'DAGS_FOLDER/finance_etl_dag.py', '--cfg-path', '/tmp/tmpdye5olla']
[2026-03-11T07:51:42.313+0000] {standard_task_runner.py:63} INFO - Started process 170 to run task
[2026-03-11T07:51:42.313+0000] {standard_task_runner.py:91} INFO - Job 17: Subtask ingest_data
[2026-03-11T07:51:42.354+0000] {logging_mixin.py:188} WARNING - /home/airflow/.local/lib/python3.12/site-packages/airflow/settings.py:195 DeprecationWarning: The sql_alchemy_conn option in [core] has been moved to the sql_alchemy_conn option in [database] - the old setting has been used, but please update your config.
[2026-03-11T07:51:42.472+0000] {task_command.py:426} INFO - Running <TaskInstance: daily_etl_pipeline.ingest_data scheduled__2026-03-10T00:00:00+00:00 [running]> on host 440a21b4811b
[2026-03-11T07:51:42.765+0000] {taskinstance.py:2644} INFO - Exporting env vars: AIRFLOW_CTX_DAG_OWNER='airflow' AIRFLOW_CTX_DAG_ID='daily_etl_pipeline' AIRFLOW_CTX_TASK_ID='ingest_data' AIRFLOW_CTX_EXECUTION_DATE='2026-03-10T00:00:00+00:00' AIRFLOW_CTX_TRY_NUMBER='1' AIRFLOW_CTX_DAG_RUN_ID='scheduled__2026-03-10T00:00:00+00:00'
[2026-03-11T07:51:42.767+0000] {taskinstance.py:430} INFO - ::endgroup::
[2026-03-11T07:51:42.903+0000] {subprocess.py:63} INFO - Tmp dir root location: /tmp
[2026-03-11T07:51:42.906+0000] {subprocess.py:75} INFO - Running command: ['/usr/bin/bash', '-c', ' python /opt/airflow/spark_jobs/ingest_data.py']
[2026-03-11T07:51:42.929+0000] {subprocess.py:86} INFO - Output:
[2026-03-11T07:51:43.306+0000] {subprocess.py:93} INFO - Traceback (most recent call last):
[2026-03-11T07:51:43.307+0000] {subprocess.py:93} INFO -   File "/opt/airflow/spark_jobs/ingest_data.py", line 3, in <module>
[2026-03-11T07:51:43.307+0000] {subprocess.py:93} INFO -     from pyspark.sql import SparkSession
[2026-03-11T07:51:43.308+0000] {subprocess.py:93} INFO - ModuleNotFoundError: No module named 'pyspark'
[2026-03-11T07:51:43.321+0000] {subprocess.py:97} INFO - Command exited with return code 1
[2026-03-11T07:51:43.322+0000] {taskinstance.py:441} INFO - ::group::Post task execution logs
[2026-03-11T07:51:43.355+0000] {taskinstance.py:2890} ERROR - Task failed with exception
Traceback (most recent call last):
  File "/home/airflow/.local/lib/python3.12/site-packages/airflow/models/taskinstance.py", line 465, in _execute_task
    result = _execute_callable(context=context, **execute_callable_kwargs)
             ^^^^^^^^^^^^^^^^^^^^^^^^^^^^^^^^^^^^^^^^^^^^^^^^^^^^^^^^^^^^^
  File "/home/airflow/.local/lib/python3.12/site-packages/airflow/models/taskinstance.py", line 432, in _execute_callable
    return execute_callable(context=context, **execute_callable_kwargs)
           ^^^^^^^^^^^^^^^^^^^^^^^^^^^^^^^^^^^^^^^^^^^^^^^^^^^^^^^^^^^^
  File "/home/airflow/.local/lib/python3.12/site-packages/airflow/models/baseoperator.py", line 400, in wrapper
    return func(self, *args, **kwargs)
           ^^^^^^^^^^^^^^^^^^^^^^^^^^^
  File "/home/airflow/.local/lib/python3.12/site-packages/airflow/operators/bash.py", line 243, in execute
    raise AirflowException(
airflow.exceptions.AirflowException: Bash command failed. The command returned a non-zero exit code 1.
[2026-03-11T07:51:43.366+0000] {taskinstance.py:1205} INFO - Marking task as FAILED. dag_id=daily_etl_pipeline, task_id=ingest_data, execution_date=20260310T000000, start_date=20260311T075142, end_date=20260311T075143
[2026-03-11T07:51:43.400+0000] {standard_task_runner.py:110} ERROR - Failed to execute job 17 for task ingest_data (Bash command failed. The command returned a non-zero exit code 1.; 170)
[2026-03-11T07:51:43.414+0000] {local_task_job_runner.py:240} INFO - Task exited with return code 1
[2026-03-11T07:51:43.503+0000] {taskinstance.py:3482} INFO - 0 downstream tasks scheduled from follow-on schedule check
[2026-03-11T07:51:43.533+0000] {local_task_job_runner.py:222} INFO - ::endgroup::
