[2026-03-11T08:47:21.816+0000] {local_task_job_runner.py:120} INFO - ::group::Pre task execution logs
[2026-03-11T08:47:21.975+0000] {taskinstance.py:2073} INFO - Dependencies all met for dep_context=non-requeueable deps ti=<TaskInstance: daily_etl_pipeline.ingest_data manual__2026-03-11T08:47:19.921887+00:00 [queued]>
[2026-03-11T08:47:21.995+0000] {taskinstance.py:2073} INFO - Dependencies all met for dep_context=requeueable deps ti=<TaskInstance: daily_etl_pipeline.ingest_data manual__2026-03-11T08:47:19.921887+00:00 [queued]>
[2026-03-11T08:47:21.996+0000] {taskinstance.py:2303} INFO - Starting attempt 1 of 1
[2026-03-11T08:47:22.031+0000] {taskinstance.py:2327} INFO - Executing <Task(BashOperator): ingest_data> on 2026-03-11 08:47:19.921887+00:00
[2026-03-11T08:47:22.054+0000] {logging_mixin.py:188} WARNING - /home/airflow/.local/lib/python3.12/site-packages/airflow/task/task_runner/standard_task_runner.py:61 DeprecationWarning: This process (pid=166) is multi-threaded, use of fork() may lead to deadlocks in the child.
[2026-03-11T08:47:22.048+0000] {standard_task_runner.py:90} INFO - Running: ['airflow', 'tasks', 'run', 'daily_etl_pipeline', 'ingest_data', 'manual__2026-03-11T08:47:19.921887+00:00', '--job-id', '25', '--raw', '--subdir', 'DAGS_FOLDER/finance_etl_dag.py', '--cfg-path', '/tmp/tmp6matm9cu']
[2026-03-11T08:47:22.056+0000] {standard_task_runner.py:91} INFO - Job 25: Subtask ingest_data
[2026-03-11T08:47:22.056+0000] {standard_task_runner.py:63} INFO - Started process 167 to run task
[2026-03-11T08:47:22.095+0000] {logging_mixin.py:188} WARNING - /home/airflow/.local/lib/python3.12/site-packages/airflow/settings.py:195 DeprecationWarning: The sql_alchemy_conn option in [core] has been moved to the sql_alchemy_conn option in [database] - the old setting has been used, but please update your config.
[2026-03-11T08:47:22.188+0000] {task_command.py:426} INFO - Running <TaskInstance: daily_etl_pipeline.ingest_data manual__2026-03-11T08:47:19.921887+00:00 [running]> on host 1a9ed0cd75e4
[2026-03-11T08:47:22.400+0000] {taskinstance.py:2644} INFO - Exporting env vars: AIRFLOW_CTX_DAG_OWNER='airflow' AIRFLOW_CTX_DAG_ID='daily_etl_pipeline' AIRFLOW_CTX_TASK_ID='ingest_data' AIRFLOW_CTX_EXECUTION_DATE='2026-03-11T08:47:19.921887+00:00' AIRFLOW_CTX_TRY_NUMBER='1' AIRFLOW_CTX_DAG_RUN_ID='manual__2026-03-11T08:47:19.921887+00:00'
[2026-03-11T08:47:22.401+0000] {taskinstance.py:430} INFO - ::endgroup::
[2026-03-11T08:47:22.457+0000] {subprocess.py:63} INFO - Tmp dir root location: /tmp
[2026-03-11T08:47:22.460+0000] {subprocess.py:75} INFO - Running command: ['/usr/bin/bash', '-c', ' python /opt/airflow/spark_jobs/ingest_data.py']
[2026-03-11T08:47:22.486+0000] {subprocess.py:86} INFO - Output:
[2026-03-11T08:47:23.750+0000] {subprocess.py:93} INFO - 2026-03-11 08:47:23,750 | INFO | Starting ingestion...
[2026-03-11T08:47:23.751+0000] {subprocess.py:93} INFO - 2026-03-11 08:47:23,750 | ERROR | CSV file not found: /home/waleed/my-etl-pipeline/finance-data-pipeline/data_lake/raw/transaction_data.csv
[2026-03-11T08:47:23.753+0000] {subprocess.py:93} INFO - Traceback (most recent call last):
[2026-03-11T08:47:23.753+0000] {subprocess.py:93} INFO -   File "/opt/airflow/spark_jobs/ingest_data.py", line 68, in <module>
[2026-03-11T08:47:23.754+0000] {subprocess.py:93} INFO -     ingest()
[2026-03-11T08:47:23.754+0000] {subprocess.py:93} INFO -   File "/opt/airflow/spark_jobs/ingest_data.py", line 40, in ingest
[2026-03-11T08:47:23.755+0000] {subprocess.py:93} INFO -     raise FileNotFoundError(f"{RAW_CSV} does not exist.")
[2026-03-11T08:47:23.755+0000] {subprocess.py:93} INFO - FileNotFoundError: /home/waleed/my-etl-pipeline/finance-data-pipeline/data_lake/raw/transaction_data.csv does not exist.
[2026-03-11T08:47:23.816+0000] {subprocess.py:97} INFO - Command exited with return code 1
[2026-03-11T08:47:23.817+0000] {taskinstance.py:441} INFO - ::group::Post task execution logs
[2026-03-11T08:47:23.841+0000] {taskinstance.py:2890} ERROR - Task failed with exception
Traceback (most recent call last):
  File "/home/airflow/.local/lib/python3.12/site-packages/airflow/models/taskinstance.py", line 465, in _execute_task
    result = _execute_callable(context=context, **execute_callable_kwargs)
             ^^^^^^^^^^^^^^^^^^^^^^^^^^^^^^^^^^^^^^^^^^^^^^^^^^^^^^^^^^^^^
  File "/home/airflow/.local/lib/python3.12/site-packages/airflow/models/taskinstance.py", line 432, in _execute_callable
    return execute_callable(context=context, **execute_callable_kwargs)
           ^^^^^^^^^^^^^^^^^^^^^^^^^^^^^^^^^^^^^^^^^^^^^^^^^^^^^^^^^^^^
  File "/home/airflow/.local/lib/python3.12/site-packages/airflow/models/baseoperator.py", line 400, in wrapper
    return func(self, *args, **kwargs)
           ^^^^^^^^^^^^^^^^^^^^^^^^^^^
  File "/home/airflow/.local/lib/python3.12/site-packages/airflow/operators/bash.py", line 243, in execute
    raise AirflowException(
airflow.exceptions.AirflowException: Bash command failed. The command returned a non-zero exit code 1.
[2026-03-11T08:47:23.847+0000] {taskinstance.py:1205} INFO - Marking task as FAILED. dag_id=daily_etl_pipeline, task_id=ingest_data, execution_date=20260311T084719, start_date=20260311T084721, end_date=20260311T084723
[2026-03-11T08:47:23.871+0000] {standard_task_runner.py:110} ERROR - Failed to execute job 25 for task ingest_data (Bash command failed. The command returned a non-zero exit code 1.; 167)
[2026-03-11T08:47:23.880+0000] {local_task_job_runner.py:240} INFO - Task exited with return code 1
[2026-03-11T08:47:23.926+0000] {taskinstance.py:3482} INFO - 0 downstream tasks scheduled from follow-on schedule check
[2026-03-11T08:47:23.933+0000] {local_task_job_runner.py:222} INFO - ::endgroup::
