[2026-03-11T12:48:39.012+0000] {local_task_job_runner.py:120} INFO - ::group::Pre task execution logs
[2026-03-11T12:48:39.126+0000] {taskinstance.py:2073} INFO - Dependencies all met for dep_context=non-requeueable deps ti=<TaskInstance: daily_etl_pipeline.load_data manual__2026-03-11T12:46:47.960382+00:00 [queued]>
[2026-03-11T12:48:39.157+0000] {taskinstance.py:2073} INFO - Dependencies all met for dep_context=requeueable deps ti=<TaskInstance: daily_etl_pipeline.load_data manual__2026-03-11T12:46:47.960382+00:00 [queued]>
[2026-03-11T12:48:39.158+0000] {taskinstance.py:2303} INFO - Starting attempt 1 of 1
[2026-03-11T12:48:39.209+0000] {taskinstance.py:2327} INFO - Executing <Task(BashOperator): load_data> on 2026-03-11 12:46:47.960382+00:00
[2026-03-11T12:48:39.231+0000] {logging_mixin.py:188} WARNING - /home/airflow/.local/lib/python3.12/site-packages/airflow/task/task_runner/standard_task_runner.py:61 DeprecationWarning: This process (pid=8720) is multi-threaded, use of fork() may lead to deadlocks in the child.
[2026-03-11T12:48:39.234+0000] {standard_task_runner.py:63} INFO - Started process 8721 to run task
[2026-03-11T12:48:39.231+0000] {standard_task_runner.py:90} INFO - Running: ['airflow', 'tasks', 'run', 'daily_etl_pipeline', 'load_data', 'manual__2026-03-11T12:46:47.960382+00:00', '--job-id', '83', '--raw', '--subdir', 'DAGS_FOLDER/finance_etl_dag.py', '--cfg-path', '/tmp/tmp7ckb6ron']
[2026-03-11T12:48:39.237+0000] {standard_task_runner.py:91} INFO - Job 83: Subtask load_data
[2026-03-11T12:48:39.299+0000] {logging_mixin.py:188} WARNING - /home/airflow/.local/lib/python3.12/site-packages/airflow/settings.py:195 DeprecationWarning: The sql_alchemy_conn option in [core] has been moved to the sql_alchemy_conn option in [database] - the old setting has been used, but please update your config.
[2026-03-11T12:48:39.427+0000] {task_command.py:426} INFO - Running <TaskInstance: daily_etl_pipeline.load_data manual__2026-03-11T12:46:47.960382+00:00 [running]> on host 8d060d40942f
[2026-03-11T12:48:39.759+0000] {taskinstance.py:2644} INFO - Exporting env vars: AIRFLOW_CTX_DAG_OWNER='airflow' AIRFLOW_CTX_DAG_ID='daily_etl_pipeline' AIRFLOW_CTX_TASK_ID='load_data' AIRFLOW_CTX_EXECUTION_DATE='2026-03-11T12:46:47.960382+00:00' AIRFLOW_CTX_TRY_NUMBER='1' AIRFLOW_CTX_DAG_RUN_ID='manual__2026-03-11T12:46:47.960382+00:00'
[2026-03-11T12:48:39.769+0000] {taskinstance.py:430} INFO - ::endgroup::
[2026-03-11T12:48:39.811+0000] {subprocess.py:63} INFO - Tmp dir root location: /tmp
[2026-03-11T12:48:39.813+0000] {subprocess.py:75} INFO - Running command: ['/usr/bin/bash', '-c', 'python /opt/airflow/spark_jobs/load_data.py']
[2026-03-11T12:48:39.832+0000] {subprocess.py:86} INFO - Output:
[2026-03-11T12:48:42.084+0000] {subprocess.py:93} INFO - 2026-03-11 12:48:42,083 | INFO | Starting Load: Creating curated layer...
[2026-03-11T12:48:42.085+0000] {subprocess.py:93} INFO - 2026-03-11 12:48:42,084 | WARNING | Postgres not reachable, retry 1/5. Waiting 5s... Error: connection to server at "localhost" (::1), port 5432 failed: Connection refused
[2026-03-11T12:48:42.085+0000] {subprocess.py:93} INFO - 	Is the server running on that host and accepting TCP/IP connections?
[2026-03-11T12:48:42.086+0000] {subprocess.py:93} INFO - connection to server at "localhost" (127.0.0.1), port 5432 failed: Connection refused
[2026-03-11T12:48:42.086+0000] {subprocess.py:93} INFO - 	Is the server running on that host and accepting TCP/IP connections?
[2026-03-11T12:48:42.087+0000] {subprocess.py:93} INFO - 
[2026-03-11T12:48:47.096+0000] {subprocess.py:93} INFO - 2026-03-11 12:48:47,095 | WARNING | Postgres not reachable, retry 2/5. Waiting 5s... Error: connection to server at "localhost" (::1), port 5432 failed: Connection refused
[2026-03-11T12:48:47.098+0000] {subprocess.py:93} INFO - 	Is the server running on that host and accepting TCP/IP connections?
[2026-03-11T12:48:47.101+0000] {subprocess.py:93} INFO - connection to server at "localhost" (127.0.0.1), port 5432 failed: Connection refused
[2026-03-11T12:48:47.111+0000] {subprocess.py:93} INFO - 	Is the server running on that host and accepting TCP/IP connections?
[2026-03-11T12:48:47.113+0000] {subprocess.py:93} INFO - 
[2026-03-11T12:48:52.100+0000] {subprocess.py:93} INFO - 2026-03-11 12:48:52,098 | WARNING | Postgres not reachable, retry 3/5. Waiting 5s... Error: connection to server at "localhost" (::1), port 5432 failed: Connection refused
[2026-03-11T12:48:52.101+0000] {subprocess.py:93} INFO - 	Is the server running on that host and accepting TCP/IP connections?
[2026-03-11T12:48:52.102+0000] {subprocess.py:93} INFO - connection to server at "localhost" (127.0.0.1), port 5432 failed: Connection refused
[2026-03-11T12:48:52.103+0000] {subprocess.py:93} INFO - 	Is the server running on that host and accepting TCP/IP connections?
[2026-03-11T12:48:52.104+0000] {subprocess.py:93} INFO - 
[2026-03-11T12:48:57.121+0000] {subprocess.py:93} INFO - 2026-03-11 12:48:57,121 | WARNING | Postgres not reachable, retry 4/5. Waiting 5s... Error: connection to server at "localhost" (::1), port 5432 failed: Connection refused
[2026-03-11T12:48:57.122+0000] {subprocess.py:93} INFO - 	Is the server running on that host and accepting TCP/IP connections?
[2026-03-11T12:48:57.123+0000] {subprocess.py:93} INFO - connection to server at "localhost" (127.0.0.1), port 5432 failed: Connection refused
[2026-03-11T12:48:57.124+0000] {subprocess.py:93} INFO - 	Is the server running on that host and accepting TCP/IP connections?
[2026-03-11T12:48:57.124+0000] {subprocess.py:93} INFO - 
[2026-03-11T12:49:02.123+0000] {subprocess.py:93} INFO - 2026-03-11 12:49:02,122 | WARNING | Postgres not reachable, retry 5/5. Waiting 5s... Error: connection to server at "localhost" (::1), port 5432 failed: Connection refused
[2026-03-11T12:49:02.124+0000] {subprocess.py:93} INFO - 	Is the server running on that host and accepting TCP/IP connections?
[2026-03-11T12:49:02.124+0000] {subprocess.py:93} INFO - connection to server at "localhost" (127.0.0.1), port 5432 failed: Connection refused
[2026-03-11T12:49:02.126+0000] {subprocess.py:93} INFO - 	Is the server running on that host and accepting TCP/IP connections?
[2026-03-11T12:49:02.126+0000] {subprocess.py:93} INFO - 
[2026-03-11T12:49:07.127+0000] {subprocess.py:93} INFO - 2026-03-11 12:49:07,123 | ERROR | Postgres is not reachable after multiple attempts. Exiting.
[2026-03-11T12:49:07.297+0000] {subprocess.py:97} INFO - Command exited with return code 0
[2026-03-11T12:49:07.299+0000] {taskinstance.py:441} INFO - ::group::Post task execution logs
[2026-03-11T12:49:07.397+0000] {taskinstance.py:1205} INFO - Marking task as SUCCESS. dag_id=daily_etl_pipeline, task_id=load_data, execution_date=20260311T124647, start_date=20260311T124839, end_date=20260311T124907
[2026-03-11T12:49:07.471+0000] {local_task_job_runner.py:240} INFO - Task exited with return code 0
[2026-03-11T12:49:07.589+0000] {taskinstance.py:3482} INFO - 0 downstream tasks scheduled from follow-on schedule check
[2026-03-11T12:49:07.604+0000] {local_task_job_runner.py:222} INFO - ::endgroup::
